[2023-05-01 00:17:46] [WARNING]: 上报 Event 数据到 http://localhost:8232/hello-robot 失败: Post "http://localhost:8232/hello-robot": dial tcp [::1]:8232: connectex: No connection could be made because the target machine actively refused it. 将进行第 1 次重试 
[2023-05-01 00:17:50] [WARNING]: 上报 Event 数据到 http://localhost:8232/hello-robot 失败: Post "http://localhost:8232/hello-robot": dial tcp [::1]:8232: connectex: No connection could be made because the target machine actively refused it. 将进行第 2 次重试 
[2023-05-01 00:17:53] [WARNING]: 上报 Event 数据到 http://localhost:8232/hello-robot 失败: Post "http://localhost:8232/hello-robot": dial tcp [::1]:8232: connectex: No connection could be made because the target machine actively refused it. 将进行第 3 次重试 
[2023-05-01 00:17:57] [WARNING]: 上报 Event 数据 {"post_type":"message","message_type":"group","time":1682871465,"self_id":3268645847,"sub_type":"normal","message":[{"type":"reply","data":{"id":"-1436631574"}},{"type":"at","data":{"qq":"534558446"}},{"type":"text","data":{"text":" "}},{"type":"at","data":{"qq":"534558446"}},{"type":"text","data":{"text":" 有一说一跳绳比跑步流的汗还多 但跑步可以锻炼心肺"}}],"user_id":2141905426,"message_id":119589157,"message_seq":57801,"raw_message":"[CQ:reply,id=-1436631574][CQ:at,qq=534558446] [CQ:at,qq=534558446] 有一说一跳绳比跑步流的汗还多 但跑步可以锻炼心肺","sender":{"age":0,"area":"","card":"阿伍君 （障总）","level":"","nickname":"阿伍君GB","role":"member","sex":"unknown","title":"","user_id":2141905426},"anonymous":null,"font":0,"group_id":177059996}
 到 http://localhost:8232/hello-robot 失败: Post "http://localhost:8232/hello-robot": dial tcp [::1]:8232: connectex: No connection could be made because the target machine actively refused it. 停止上报：已达重试上限 
[2023-05-01 00:27:26] [WARNING]: 上报 Event 数据到 http://localhost:8232/hello-robot 失败: Post "http://localhost:8232/hello-robot": dial tcp [::1]:8232: connectex: No connection could be made because the target machine actively refused it. 将进行第 1 次重试 
[2023-05-01 00:27:30] [WARNING]: 上报 Event 数据到 http://localhost:8232/hello-robot 失败: Post "http://localhost:8232/hello-robot": dial tcp [::1]:8232: connectex: No connection could be made because the target machine actively refused it. 将进行第 2 次重试 
[2023-05-01 00:27:34] [WARNING]: 上报 Event 数据到 http://localhost:8232/hello-robot 失败: Post "http://localhost:8232/hello-robot": dial tcp [::1]:8232: connectex: No connection could be made because the target machine actively refused it. 将进行第 3 次重试 
[2023-05-01 00:27:36] [WARNING]: 上报 Event 数据到 http://localhost:8232/hello-robot 失败: Post "http://localhost:8232/hello-robot": dial tcp [::1]:8232: connectex: No connection could be made because the target machine actively refused it. 将进行第 1 次重试 
[2023-05-01 00:27:38] [WARNING]: 上报 Event 数据 {"post_type":"message","message_type":"group","time":1682872045,"self_id":3268645847,"sub_type":"normal","font":0,"group_id":177059996,"sender":{"age":0,"area":"","card":"","level":"","nickname":"✎ℳ𝓌𝒲ℛᝰxFREE","role":"member","sex":"unknown","title":"IMRSSJ","user_id":2528871251},"user_id":2528871251,"anonymous":null,"message":[{"type":"text","data":{"text":"风纪委员"}}],"message_seq":57802,"raw_message":"风纪委员","message_id":-1641441121}
 到 http://localhost:8232/hello-robot 失败: Post "http://localhost:8232/hello-robot": dial tcp [::1]:8232: connectex: No connection could be made because the target machine actively refused it. 停止上报：已达重试上限 
[2023-05-01 00:27:40] [WARNING]: 上报 Event 数据到 http://localhost:8232/hello-robot 失败: Post "http://localhost:8232/hello-robot": dial tcp [::1]:8232: connectex: No connection could be made because the target machine actively refused it. 将进行第 2 次重试 
[2023-05-01 00:27:42] [WARNING]: 上报 Event 数据到 http://localhost:8232/hello-robot 失败: Post "http://localhost:8232/hello-robot": dial tcp [::1]:8232: connectex: No connection could be made because the target machine actively refused it. 将进行第 1 次重试 
[2023-05-01 00:27:43] [WARNING]: 上报 Event 数据到 http://localhost:8232/hello-robot 失败: Post "http://localhost:8232/hello-robot": dial tcp [::1]:8232: connectex: No connection could be made because the target machine actively refused it. 将进行第 3 次重试 
[2023-05-01 00:27:46] [WARNING]: 上报 Event 数据到 http://localhost:8232/hello-robot 失败: Post "http://localhost:8232/hello-robot": dial tcp [::1]:8232: connectex: No connection could be made because the target machine actively refused it. 将进行第 2 次重试 
[2023-05-01 00:27:47] [WARNING]: 上报 Event 数据 {"post_type":"message","message_type":"group","time":1682872055,"self_id":3268645847,"sub_type":"normal","font":0,"message":[{"type":"at","data":{"qq":"3268645847"}},{"type":"text","data":{"text":" "}}],"raw_message":"[CQ:at,qq=3268645847] ","user_id":2528871251,"anonymous":null,"group_id":177059996,"message_seq":57803,"sender":{"age":0,"area":"","card":"","level":"","nickname":"✎ℳ𝓌𝒲ℛᝰxFREE","role":"member","sex":"unknown","title":"IMRSSJ","user_id":2528871251},"message_id":-382818295}
 到 http://localhost:8232/hello-robot 失败: Post "http://localhost:8232/hello-robot": dial tcp [::1]:8232: connectex: No connection could be made because the target machine actively refused it. 停止上报：已达重试上限 
[2023-05-01 00:27:48] [WARNING]: 上报 Event 数据到 http://localhost:8232/hello-robot 失败: Post "http://localhost:8232/hello-robot": dial tcp [::1]:8232: connectex: No connection could be made because the target machine actively refused it. 将进行第 1 次重试 
[2023-05-01 00:27:50] [WARNING]: 上报 Event 数据到 http://localhost:8232/hello-robot 失败: Post "http://localhost:8232/hello-robot": dial tcp [::1]:8232: connectex: No connection could be made because the target machine actively refused it. 将进行第 1 次重试 
[2023-05-01 00:27:50] [WARNING]: 上报 Event 数据到 http://localhost:8232/hello-robot 失败: Post "http://localhost:8232/hello-robot": dial tcp [::1]:8232: connectex: No connection could be made because the target machine actively refused it. 将进行第 3 次重试 
[2023-05-01 00:27:52] [WARNING]: 上报 Event 数据到 http://localhost:8232/hello-robot 失败: Post "http://localhost:8232/hello-robot": dial tcp [::1]:8232: connectex: No connection could be made because the target machine actively refused it. 将进行第 2 次重试 
[2023-05-01 00:27:53] [WARNING]: 上报 Event 数据到 http://localhost:8232/hello-robot 失败: Post "http://localhost:8232/hello-robot": dial tcp [::1]:8232: connectex: No connection could be made because the target machine actively refused it. 将进行第 2 次重试 
[2023-05-01 00:27:54] [WARNING]: 上报 Event 数据 {"post_type":"message","message_type":"group","time":1682872061,"self_id":3268645847,"sub_type":"normal","sender":{"age":0,"area":"","card":"","level":"","nickname":"✎ℳ𝓌𝒲ℛᝰxFREE","role":"member","sex":"unknown","title":"IMRSSJ","user_id":2528871251},"user_id":2528871251,"message_id":2001354154,"anonymous":null,"font":0,"group_id":177059996,"message":[{"type":"image","data":{"file":"599370e0a1a0713258e911db60c86694.image","subType":"1","url":"https://gchat.qpic.cn/gchatpic_new/2528871251/2167059996-2658327082-599370E0A1A0713258E911DB60C86694/0?term=2\u0026is_origin=0"}}],"message_seq":57804,"raw_message":"[CQ:image,file=599370e0a1a0713258e911db60c86694.image,subType=1,url=https://gchat.qpic.cn/gchatpic_new/2528871251/2167059996-2658327082-599370E0A1A0713258E911DB60C86694/0?term=2\u0026amp;is_origin=0]"}
 到 http://localhost:8232/hello-robot 失败: Post "http://localhost:8232/hello-robot": dial tcp [::1]:8232: connectex: No connection could be made because the target machine actively refused it. 停止上报：已达重试上限 
[2023-05-01 00:27:56] [WARNING]: 上报 Event 数据到 http://localhost:8232/hello-robot 失败: Post "http://localhost:8232/hello-robot": dial tcp [::1]:8232: connectex: No connection could be made because the target machine actively refused it. 将进行第 3 次重试 
[2023-05-01 00:27:57] [WARNING]: 上报 Event 数据到 http://localhost:8232/hello-robot 失败: Post "http://localhost:8232/hello-robot": dial tcp [::1]:8232: connectex: No connection could be made because the target machine actively refused it. 将进行第 3 次重试 
[2023-05-01 00:28:00] [WARNING]: 上报 Event 数据 {"post_type":"message","message_type":"group","time":1682872067,"self_id":3268645847,"sub_type":"normal","group_id":177059996,"message":[{"type":"text","data":{"text":"睡觉啦"}}],"message_seq":57805,"sender":{"age":0,"area":"","card":"","level":"","nickname":"✎ℳ𝓌𝒲ℛᝰxFREE","role":"member","sex":"unknown","title":"IMRSSJ","user_id":2528871251},"user_id":2528871251,"anonymous":null,"font":0,"raw_message":"睡觉啦","message_id":5049660}
 到 http://localhost:8232/hello-robot 失败: Post "http://localhost:8232/hello-robot": dial tcp [::1]:8232: connectex: No connection could be made because the target machine actively refused it. 停止上报：已达重试上限 
[2023-05-01 00:28:01] [WARNING]: 上报 Event 数据 {"post_type":"message","message_type":"group","time":1682872068,"self_id":3268645847,"sub_type":"normal","font":0,"raw_message":"？","sender":{"age":0,"area":"","card":"","level":"","nickname":"✎ℳ𝓌𝒲ℛᝰxFREE","role":"member","sex":"unknown","title":"IMRSSJ","user_id":2528871251},"anonymous":null,"group_id":177059996,"message":[{"type":"text","data":{"text":"？"}}],"message_seq":57806,"user_id":2528871251,"message_id":-1723573114}
 到 http://localhost:8232/hello-robot 失败: Post "http://localhost:8232/hello-robot": dial tcp [::1]:8232: connectex: No connection could be made because the target machine actively refused it. 停止上报：已达重试上限 
[2023-05-01 00:28:11] [WARNING]: 上报 Event 数据到 http://localhost:8232/hello-robot 失败: Post "http://localhost:8232/hello-robot": dial tcp [::1]:8232: connectex: No connection could be made because the target machine actively refused it. 将进行第 1 次重试 
[2023-05-01 00:28:14] [WARNING]: 上报 Event 数据到 http://localhost:8232/hello-robot 失败: Post "http://localhost:8232/hello-robot": dial tcp [::1]:8232: connectex: No connection could be made because the target machine actively refused it. 将进行第 2 次重试 
[2023-05-01 00:28:18] [WARNING]: 上报 Event 数据到 http://localhost:8232/hello-robot 失败: Post "http://localhost:8232/hello-robot": dial tcp [::1]:8232: connectex: No connection could be made because the target machine actively refused it. 将进行第 3 次重试 
[2023-05-01 00:28:22] [WARNING]: 上报 Event 数据 {"post_type":"message","message_type":"group","time":1682872090,"self_id":3268645847,"sub_type":"normal","anonymous":null,"font":0,"message":[{"type":"text","data":{"text":"快出来胡言乱语让螺丝掉头发"}}],"sender":{"age":0,"area":"","card":"","level":"","nickname":"✎ℳ𝓌𝒲ℛᝰxFREE","role":"member","sex":"unknown","title":"IMRSSJ","user_id":2528871251},"message_id":-297571312,"group_id":177059996,"message_seq":57807,"raw_message":"快出来胡言乱语让螺丝掉头发","user_id":2528871251}
 到 http://localhost:8232/hello-robot 失败: Post "http://localhost:8232/hello-robot": dial tcp [::1]:8232: connectex: No connection could be made because the target machine actively refused it. 停止上报：已达重试上限 
[2023-05-01 00:29:33] [WARNING]: 上报 Event 数据到 http://localhost:8232/hello-robot 失败: Post "http://localhost:8232/hello-robot": dial tcp [::1]:8232: connectex: No connection could be made because the target machine actively refused it. 将进行第 1 次重试 
[2023-05-01 00:29:37] [WARNING]: 上报 Event 数据到 http://localhost:8232/hello-robot 失败: Post "http://localhost:8232/hello-robot": dial tcp [::1]:8232: connectex: No connection could be made because the target machine actively refused it. 将进行第 2 次重试 
[2023-05-01 00:29:39] [WARNING]: 上报 Event 数据到 http://localhost:8232/hello-robot 失败: Post "http://localhost:8232/hello-robot": dial tcp [::1]:8232: connectex: No connection could be made because the target machine actively refused it. 将进行第 1 次重试 
[2023-05-01 00:29:41] [WARNING]: 上报 Event 数据到 http://localhost:8232/hello-robot 失败: Post "http://localhost:8232/hello-robot": dial tcp [::1]:8232: connectex: No connection could be made because the target machine actively refused it. 将进行第 3 次重试 
[2023-05-01 00:29:43] [WARNING]: 上报 Event 数据到 http://localhost:8232/hello-robot 失败: Post "http://localhost:8232/hello-robot": dial tcp [::1]:8232: connectex: No connection could be made because the target machine actively refused it. 将进行第 2 次重试 
[2023-05-01 00:29:45] [WARNING]: 上报 Event 数据 {"post_type":"message","message_type":"group","time":1682872172,"self_id":3268645847,"sub_type":"normal","raw_message":"[CQ:image,file=ab49bbd003c66ba8db00815eeeac6221.image,subType=0,url=https://gchat.qpic.cn/gchatpic_new/1692298249/2167059996-2611928150-AB49BBD003C66BA8DB00815EEEAC6221/0?term=2\u0026amp;is_origin=0]","sender":{"age":0,"area":"","card":"","level":"","nickname":"胡来的螺丝","role":"admin","sex":"unknown","title":"","user_id":1692298249},"user_id":1692298249,"anonymous":null,"font":0,"group_id":177059996,"message_seq":57808,"message":[{"type":"image","data":{"file":"ab49bbd003c66ba8db00815eeeac6221.image","subType":"0","url":"https://gchat.qpic.cn/gchatpic_new/1692298249/2167059996-2611928150-AB49BBD003C66BA8DB00815EEEAC6221/0?term=2\u0026is_origin=0"}}],"message_id":2130473345}
 到 http://localhost:8232/hello-robot 失败: Post "http://localhost:8232/hello-robot": dial tcp [::1]:8232: connectex: No connection could be made because the target machine actively refused it. 停止上报：已达重试上限 
[2023-05-01 00:29:47] [WARNING]: 上报 Event 数据到 http://localhost:8232/hello-robot 失败: Post "http://localhost:8232/hello-robot": dial tcp [::1]:8232: connectex: No connection could be made because the target machine actively refused it. 将进行第 3 次重试 
[2023-05-01 00:29:50] [WARNING]: 上报 Event 数据 {"post_type":"message","message_type":"group","time":1682872178,"self_id":3268645847,"sub_type":"normal","group_id":177059996,"message":[{"type":"text","data":{"text":"还没做好呢"}}],"message_seq":57809,"sender":{"age":0,"area":"","card":"","level":"","nickname":"胡来的螺丝","role":"admin","sex":"unknown","title":"","user_id":1692298249},"user_id":1692298249,"message_id":167461143,"anonymous":null,"font":0,"raw_message":"还没做好呢"}
 到 http://localhost:8232/hello-robot 失败: Post "http://localhost:8232/hello-robot": dial tcp [::1]:8232: connectex: No connection could be made because the target machine actively refused it. 停止上报：已达重试上限 
[2023-05-01 01:16:15] [WARNING]: 上报 Event 数据到 http://localhost:8232/hello-robot 失败: Post "http://localhost:8232/hello-robot": dial tcp [::1]:8232: connectex: No connection could be made because the target machine actively refused it. 将进行第 1 次重试 
[2023-05-01 01:16:19] [WARNING]: 上报 Event 数据到 http://localhost:8232/hello-robot 失败: Post "http://localhost:8232/hello-robot": dial tcp [::1]:8232: connectex: No connection could be made because the target machine actively refused it. 将进行第 2 次重试 
[2023-05-01 01:16:22] [WARNING]: 上报 Event 数据到 http://localhost:8232/hello-robot 失败: Post "http://localhost:8232/hello-robot": dial tcp [::1]:8232: connectex: No connection could be made because the target machine actively refused it. 将进行第 3 次重试 
[2023-05-01 01:16:26] [WARNING]: 上报 Event 数据 {"post_type":"message","message_type":"group","time":1682874974,"self_id":3268645847,"sub_type":"normal","message_seq":57810,"message_id":1765591282,"anonymous":null,"font":0,"group_id":177059996,"message":[{"type":"reply","data":{"id":"119589157"}},{"type":"at","data":{"qq":"2141905426"}},{"type":"text","data":{"text":" "}},{"type":"at","data":{"qq":"2141905426"}},{"type":"text","data":{"text":" 你说得对，我只是比较喜欢跑步"}}],"raw_message":"[CQ:reply,id=119589157][CQ:at,qq=2141905426] [CQ:at,qq=2141905426] 你说得对，我只是比较喜欢跑步","sender":{"age":0,"area":"","card":"","level":"","nickname":"⁢","role":"member","sex":"unknown","title":"","user_id":534558446},"user_id":534558446}
 到 http://localhost:8232/hello-robot 失败: Post "http://localhost:8232/hello-robot": dial tcp [::1]:8232: connectex: No connection could be made because the target machine actively refused it. 停止上报：已达重试上限 
[2023-05-01 01:42:16] [WARNING]: 上报 Event 数据到 http://localhost:8232/hello-robot 失败: Post "http://localhost:8232/hello-robot": dial tcp [::1]:8232: connectex: No connection could be made because the target machine actively refused it. 将进行第 1 次重试 
[2023-05-01 01:42:20] [WARNING]: 上报 Event 数据到 http://localhost:8232/hello-robot 失败: Post "http://localhost:8232/hello-robot": dial tcp [::1]:8232: connectex: No connection could be made because the target machine actively refused it. 将进行第 2 次重试 
[2023-05-01 01:42:22] [WARNING]: 上报 Event 数据到 http://localhost:8232/hello-robot 失败: Post "http://localhost:8232/hello-robot": dial tcp [::1]:8232: connectex: No connection could be made because the target machine actively refused it. 将进行第 1 次重试 
[2023-05-01 01:42:24] [WARNING]: 上报 Event 数据到 http://localhost:8232/hello-robot 失败: Post "http://localhost:8232/hello-robot": dial tcp [::1]:8232: connectex: No connection could be made because the target machine actively refused it. 将进行第 3 次重试 
[2023-05-01 01:42:24] [WARNING]: 上报 Event 数据到 http://localhost:8232/hello-robot 失败: Post "http://localhost:8232/hello-robot": dial tcp [::1]:8232: connectex: No connection could be made because the target machine actively refused it. 将进行第 1 次重试 
[2023-05-01 01:42:26] [WARNING]: 上报 Event 数据到 http://localhost:8232/hello-robot 失败: Post "http://localhost:8232/hello-robot": dial tcp [::1]:8232: connectex: No connection could be made because the target machine actively refused it. 将进行第 2 次重试 
[2023-05-01 01:42:28] [WARNING]: 上报 Event 数据 {"post_type":"message","message_type":"group","time":1682876534,"self_id":3268645847,"sub_type":"normal","raw_message":"[CQ:json,data={\"ver\":\"1.0.0.19\"\u0026#44;\"desc\":\"哔哩哔哩\"\u0026#44;\"prompt\":\"\u0026#91;QQ小程序\u0026#93;哔哩哔哩\"\u0026#44;\"config\":{\"type\":\"normal\"\u0026#44;\"width\":0\u0026#44;\"height\":0\u0026#44;\"forward\":1\u0026#44;\"autoSize\":0\u0026#44;\"ctime\":1682876530\u0026#44;\"token\":\"435ef920fd75cf9a6b6ec0ca52e98362\"}\u0026#44;\"needShareCallBack\":false\u0026#44;\"app\":\"com.tencent.miniapp_01\"\u0026#44;\"view\":\"view_8C8E89B49BE609866298ADDFF2DBABA4\"\u0026#44;\"meta\":{\"detail_1\":{\"appid\":\"1109937557\"\u0026#44;\"appType\":0\u0026#44;\"title\":\"哔哩哔哩\"\u0026#44;\"desc\":\"我们做了个能对话的AI派蒙，免费给大家玩！\"\u0026#44;\"icon\":\"https:\\/\\/open.gtimg.cn\\/open\\/app_icon\\/00\\/95\\/17\\/76\\/100951776_100_m.png?t=1682411052\"\u0026#44;\"url\":\"m.q.qq.com\\/a\\/s\\/a2e17b750af98b4f62bec9507d41f5b7\"\u0026#44;\"scene\":1036\u0026#44;\"host\":{\"uin\":2528871251\u0026#44;\"nick\":\"✎ℳ𝓌𝒲ℛᝰxFREE\"}\u0026#44;\"shareTemplateId\":\"8C8E89B49BE609866298ADDFF2DBABA4\"\u0026#44;\"shareTemplateData\":{}\u0026#44;\"qqdocurl\":\"https:\\/\\/b23.tv\\/KVWLVlI?share_medium=android\u0026amp;share_source=qq\u0026amp;bbid=XU4BD344E4B97911ABBE66A3AC1D2C77F26E6\u0026amp;ts=1682876529926\"\u0026#44;\"showLittleTail\":\"\"\u0026#44;\"gamePoints\":\"\"\u0026#44;\"gamePointsUrl\":\"\"\u0026#44;\"preview\":\"pubminishare-30161.picsz.qpic.cn\\/8084119a-fb25-478c-af52-cbbc6eaf77f6\"}}}]","sender":{"age":0,"area":"","card":"","level":"","nickname":"✎ℳ𝓌𝒲ℛᝰxFREE","role":"member","sex":"unknown","title":"IMRSSJ","user_id":2528871251},"message_id":507246692,"font":0,"message":[{"type":"json","data":{"data":"{\"ver\":\"1.0.0.19\",\"desc\":\"哔哩哔哩\",\"prompt\":\"[QQ小程序]哔哩哔哩\",\"config\":{\"type\":\"normal\",\"width\":0,\"height\":0,\"forward\":1,\"autoSize\":0,\"ctime\":1682876530,\"token\":\"435ef920fd75cf9a6b6ec0ca52e98362\"},\"needShareCallBack\":false,\"app\":\"com.tencent.miniapp_01\",\"view\":\"view_8C8E89B49BE609866298ADDFF2DBABA4\",\"meta\":{\"detail_1\":{\"appid\":\"1109937557\",\"appType\":0,\"title\":\"哔哩哔哩\",\"desc\":\"我们做了个能对话的AI派蒙，免费给大家玩！\",\"icon\":\"https:\\/\\/open.gtimg.cn\\/open\\/app_icon\\/00\\/95\\/17\\/76\\/100951776_100_m.png?t=1682411052\",\"url\":\"m.q.qq.com\\/a\\/s\\/a2e17b750af98b4f62bec9507d41f5b7\",\"scene\":1036,\"host\":{\"uin\":2528871251,\"nick\":\"✎ℳ𝓌𝒲ℛᝰxFREE\"},\"shareTemplateId\":\"8C8E89B49BE609866298ADDFF2DBABA4\",\"shareTemplateData\":{},\"qqdocurl\":\"https:\\/\\/b23.tv\\/KVWLVlI?share_medium=android\u0026share_source=qq\u0026bbid=XU4BD344E4B97911ABBE66A3AC1D2C77F26E6\u0026ts=1682876529926\",\"showLittleTail\":\"\",\"gamePoints\":\"\",\"gamePointsUrl\":\"\",\"preview\":\"pubminishare-30161.picsz.qpic.cn\\/8084119a-fb25-478c-af52-cbbc6eaf77f6\"}}}"}}],"message_seq":57811,"user_id":2528871251,"anonymous":null,"group_id":177059996}
 到 http://localhost:8232/hello-robot 失败: Post "http://localhost:8232/hello-robot": dial tcp [::1]:8232: connectex: No connection could be made because the target machine actively refused it. 停止上报：已达重试上限 
[2023-05-01 01:42:28] [WARNING]: 上报 Event 数据到 http://localhost:8232/hello-robot 失败: Post "http://localhost:8232/hello-robot": dial tcp [::1]:8232: connectex: No connection could be made because the target machine actively refused it. 将进行第 2 次重试 
[2023-05-01 01:42:30] [WARNING]: 上报 Event 数据到 http://localhost:8232/hello-robot 失败: Post "http://localhost:8232/hello-robot": dial tcp [::1]:8232: connectex: No connection could be made because the target machine actively refused it. 将进行第 3 次重试 
[2023-05-01 01:42:32] [WARNING]: 上报 Event 数据到 http://localhost:8232/hello-robot 失败: Post "http://localhost:8232/hello-robot": dial tcp [::1]:8232: connectex: No connection could be made because the target machine actively refused it. 将进行第 3 次重试 
[2023-05-01 01:42:33] [WARNING]: 上报 Event 数据 {"post_type":"message","message_type":"group","time":1682876541,"self_id":3268645847,"sub_type":"normal","group_id":177059996,"raw_message":"[CQ:at,qq=1692298249] ","user_id":2528871251,"message_id":-2026722850,"anonymous":null,"font":0,"message":[{"type":"at","data":{"qq":"1692298249"}},{"type":"text","data":{"text":" "}}],"message_seq":57812,"sender":{"age":0,"area":"","card":"","level":"","nickname":"✎ℳ𝓌𝒲ℛᝰxFREE","role":"member","sex":"unknown","title":"IMRSSJ","user_id":2528871251}}
 到 http://localhost:8232/hello-robot 失败: Post "http://localhost:8232/hello-robot": dial tcp [::1]:8232: connectex: No connection could be made because the target machine actively refused it. 停止上报：已达重试上限 
[2023-05-01 01:42:35] [WARNING]: 上报 Event 数据到 http://localhost:8232/hello-robot 失败: Post "http://localhost:8232/hello-robot": dial tcp [::1]:8232: connectex: No connection could be made because the target machine actively refused it. 将进行第 1 次重试 
[2023-05-01 01:42:36] [WARNING]: 上报 Event 数据 {"post_type":"message","message_type":"group","time":1682876543,"self_id":3268645847,"sub_type":"normal","anonymous":null,"message":[{"type":"text","data":{"text":"这个"}}],"sender":{"age":0,"area":"","card":"","level":"","nickname":"✎ℳ𝓌𝒲ℛᝰxFREE","role":"member","sex":"unknown","title":"IMRSSJ","user_id":2528871251},"message_id":-264922808,"font":0,"group_id":177059996,"message_seq":57813,"raw_message":"这个","user_id":2528871251}
 到 http://localhost:8232/hello-robot 失败: Post "http://localhost:8232/hello-robot": dial tcp [::1]:8232: connectex: No connection could be made because the target machine actively refused it. 停止上报：已达重试上限 
[2023-05-01 01:42:39] [WARNING]: 上报 Event 数据到 http://localhost:8232/hello-robot 失败: Post "http://localhost:8232/hello-robot": dial tcp [::1]:8232: connectex: No connection could be made because the target machine actively refused it. 将进行第 2 次重试 
[2023-05-01 01:42:43] [WARNING]: 上报 Event 数据到 http://localhost:8232/hello-robot 失败: Post "http://localhost:8232/hello-robot": dial tcp [::1]:8232: connectex: No connection could be made because the target machine actively refused it. 将进行第 3 次重试 
[2023-05-01 01:42:47] [WARNING]: 上报 Event 数据 {"post_type":"message","message_type":"group","time":1682876554,"self_id":3268645847,"sub_type":"normal","anonymous":null,"group_id":177059996,"raw_message":"要不要给风纪委员加个语音[CQ:face,id=277]💦","message_id":1850805483,"font":0,"message":[{"type":"text","data":{"text":"要不要给风纪委员加个语音"}},{"type":"face","data":{"id":"277"}},{"type":"text","data":{"text":"💦"}}],"message_seq":57814,"sender":{"age":0,"area":"","card":"","level":"","nickname":"✎ℳ𝓌𝒲ℛᝰxFREE","role":"member","sex":"unknown","title":"IMRSSJ","user_id":2528871251},"user_id":2528871251}
 到 http://localhost:8232/hello-robot 失败: Post "http://localhost:8232/hello-robot": dial tcp [::1]:8232: connectex: No connection could be made because the target machine actively refused it. 停止上报：已达重试上限 
[2023-05-01 01:42:48] [WARNING]: 上报 Event 数据到 http://localhost:8232/hello-robot 失败: Post "http://localhost:8232/hello-robot": dial tcp [::1]:8232: connectex: No connection could be made because the target machine actively refused it. 将进行第 1 次重试 
[2023-05-01 01:42:52] [WARNING]: 上报 Event 数据到 http://localhost:8232/hello-robot 失败: Post "http://localhost:8232/hello-robot": dial tcp [::1]:8232: connectex: No connection could be made because the target machine actively refused it. 将进行第 2 次重试 
[2023-05-01 01:42:55] [WARNING]: 上报 Event 数据到 http://localhost:8232/hello-robot 失败: Post "http://localhost:8232/hello-robot": dial tcp [::1]:8232: connectex: No connection could be made because the target machine actively refused it. 将进行第 3 次重试 
[2023-05-01 01:42:59] [WARNING]: 上报 Event 数据 {"post_type":"message","message_type":"group","time":1682876567,"self_id":3268645847,"sub_type":"normal","user_id":2528871251,"message_id":425081981,"anonymous":null,"group_id":177059996,"sender":{"age":0,"area":"","card":"","level":"","nickname":"✎ℳ𝓌𝒲ℛᝰxFREE","role":"member","sex":"unknown","title":"IMRSSJ","user_id":2528871251},"raw_message":"多掉一点头发","font":0,"message":[{"type":"text","data":{"text":"多掉一点头发"}}],"message_seq":57815}
 到 http://localhost:8232/hello-robot 失败: Post "http://localhost:8232/hello-robot": dial tcp [::1]:8232: connectex: No connection could be made because the target machine actively refused it. 停止上报：已达重试上限 
[2023-05-01 01:43:29] [ERROR]: Protocol -> unexpected disconnect: read tcp 192.168.43.209:54601->116.130.229.172:80: wsarecv: An established connection was aborted by the software in your host machine. 
[2023-05-01 01:43:29] [ERROR]: Protocol -> connect server error: dial tcp error: dial tcp 220.194.118.217:8080: connectex: A socket operation was attempted to an unreachable network. 
[2023-05-01 01:43:29] [ERROR]: Protocol -> connect server error: dial tcp error: dial tcp 220.194.118.217:8080: connectex: A socket operation was attempted to an unreachable network. 
[2023-05-01 01:43:29] [WARNING]: Bot已离线: connection dropped by server. 
[2023-05-01 01:43:32] [WARNING]: 将在 3 秒后尝试重连. 重连次数：2/0 
[2023-05-01 01:43:35] [WARNING]: 尝试重连... 
[2023-05-01 01:43:35] [ERROR]: Protocol -> connect server error: dial tcp error: dial tcp 220.194.118.230:8080: connectex: A socket operation was attempted to an unreachable network. 
[2023-05-01 01:43:35] [WARNING]: 快速重连失败: dial tcp error: dial tcp 220.194.118.230:8080: connectex: A socket operation was attempted to an unreachable network. 
[2023-05-01 01:43:35] [WARNING]: 快速重连失败, 尝试普通登录. 这可能是因为其他端强行T下线导致的. 
[2023-05-01 01:43:36] [ERROR]: Protocol -> connect server error: dial tcp error: dial tcp 60.29.238.126:8080: connectex: A socket operation was attempted to an unreachable network. 
[2023-05-01 01:43:36] [ERROR]: 登录时发生致命错误: dial tcp error: dial tcp 60.29.238.126:8080: connectex: A socket operation was attempted to an unreachable network. 
[2023-05-01 01:43:36] [WARNING]: 将在 3 秒后尝试重连. 重连次数：3/0 
[2023-05-01 01:43:39] [WARNING]: 尝试重连... 
[2023-05-01 01:43:39] [ERROR]: Protocol -> connect server error: dial tcp error: dial tcp 60.29.240.116:8080: connectex: A socket operation was attempted to an unreachable network. 
[2023-05-01 01:43:39] [WARNING]: 快速重连失败: dial tcp error: dial tcp 60.29.240.116:8080: connectex: A socket operation was attempted to an unreachable network. 
[2023-05-01 01:43:39] [WARNING]: 快速重连失败, 尝试普通登录. 这可能是因为其他端强行T下线导致的. 
[2023-05-01 01:43:40] [ERROR]: Protocol -> connect server error: dial tcp error: dial tcp 60.29.240.116:80: connectex: A socket operation was attempted to an unreachable network. 
[2023-05-01 01:43:40] [ERROR]: 登录时发生致命错误: dial tcp error: dial tcp 60.29.240.116:80: connectex: A socket operation was attempted to an unreachable network. 
[2023-05-01 01:43:40] [WARNING]: 将在 3 秒后尝试重连. 重连次数：4/0 
[2023-05-01 01:43:43] [WARNING]: 尝试重连... 
[2023-05-01 01:43:43] [ERROR]: Protocol -> connect server error: dial tcp error: dial tcp 116.130.229.232:8080: connectex: A socket operation was attempted to an unreachable network. 
[2023-05-01 01:43:43] [WARNING]: 快速重连失败: dial tcp error: dial tcp 116.130.229.232:8080: connectex: A socket operation was attempted to an unreachable network. 
[2023-05-01 01:43:43] [WARNING]: 快速重连失败, 尝试普通登录. 这可能是因为其他端强行T下线导致的. 
[2023-05-01 01:43:44] [ERROR]: Protocol -> connect server error: dial tcp error: dial tcp 60.29.238.126:14000: connectex: A socket operation was attempted to an unreachable network. 
[2023-05-01 01:43:44] [ERROR]: 登录时发生致命错误: dial tcp error: dial tcp 60.29.238.126:14000: connectex: A socket operation was attempted to an unreachable network. 
[2023-05-01 01:43:44] [WARNING]: 将在 3 秒后尝试重连. 重连次数：5/0 
[2023-05-01 01:43:47] [WARNING]: 尝试重连... 
[2023-05-01 01:43:47] [ERROR]: Protocol -> connect server error: dial tcp error: dial tcp 116.130.229.178:8080: connectex: A socket operation was attempted to an unreachable network. 
[2023-05-01 01:43:47] [WARNING]: 快速重连失败: dial tcp error: dial tcp 116.130.229.178:8080: connectex: A socket operation was attempted to an unreachable network. 
[2023-05-01 01:43:47] [WARNING]: 快速重连失败, 尝试普通登录. 这可能是因为其他端强行T下线导致的. 
[2023-05-01 01:43:48] [ERROR]: Protocol -> connect server error: dial tcp error: dial tcp 116.130.229.12:8080: connectex: A socket operation was attempted to an unreachable network. 
[2023-05-01 01:43:48] [ERROR]: 登录时发生致命错误: dial tcp error: dial tcp 116.130.229.12:8080: connectex: A socket operation was attempted to an unreachable network. 
[2023-05-01 01:43:49] [WARNING]: 将在 3 秒后尝试重连. 重连次数：6/0 
[2023-05-01 01:43:52] [WARNING]: 尝试重连... 
[2023-05-01 01:43:52] [ERROR]: Protocol -> connect server error: dial tcp error: dial tcp 220.194.118.217:14000: connectex: A socket operation was attempted to an unreachable network. 
[2023-05-01 01:43:52] [WARNING]: 快速重连失败: dial tcp error: dial tcp 220.194.118.217:14000: connectex: A socket operation was attempted to an unreachable network. 
[2023-05-01 01:43:52] [WARNING]: 快速重连失败, 尝试普通登录. 这可能是因为其他端强行T下线导致的. 
[2023-05-01 01:43:53] [ERROR]: Protocol -> connect server error: dial tcp error: dial tcp 59.83.207.234:8080: connectex: A socket operation was attempted to an unreachable network. 
[2023-05-01 01:43:53] [ERROR]: 登录时发生致命错误: dial tcp error: dial tcp 59.83.207.234:8080: connectex: A socket operation was attempted to an unreachable network. 
[2023-05-01 01:43:53] [WARNING]: 将在 3 秒后尝试重连. 重连次数：7/0 
[2023-05-01 01:43:56] [WARNING]: 尝试重连... 
[2023-05-01 01:43:56] [ERROR]: Protocol -> connect server error: dial tcp error: dial tcp 60.29.238.126:8080: connectex: A socket operation was attempted to an unreachable network. 
[2023-05-01 01:43:56] [WARNING]: 快速重连失败: dial tcp error: dial tcp 60.29.238.126:8080: connectex: A socket operation was attempted to an unreachable network. 
[2023-05-01 01:43:56] [WARNING]: 快速重连失败, 尝试普通登录. 这可能是因为其他端强行T下线导致的. 
[2023-05-01 01:43:57] [ERROR]: Protocol -> connect server error: dial tcp error: dial tcp 157.148.54.170:80: connectex: A socket operation was attempted to an unreachable network. 
[2023-05-01 01:43:57] [ERROR]: 登录时发生致命错误: dial tcp error: dial tcp 157.148.54.170:80: connectex: A socket operation was attempted to an unreachable network. 
[2023-05-01 01:43:57] [WARNING]: 将在 3 秒后尝试重连. 重连次数：8/0 
[2023-05-01 01:44:00] [WARNING]: 尝试重连... 
[2023-05-01 01:44:00] [ERROR]: Protocol -> connect server error: dial tcp error: dial tcp 112.86.231.192:14000: connectex: A socket operation was attempted to an unreachable network. 
[2023-05-01 01:44:00] [WARNING]: 快速重连失败: dial tcp error: dial tcp 112.86.231.192:14000: connectex: A socket operation was attempted to an unreachable network. 
[2023-05-01 01:44:00] [WARNING]: 快速重连失败, 尝试普通登录. 这可能是因为其他端强行T下线导致的. 
[2023-05-01 01:44:01] [ERROR]: Protocol -> connect server error: dial tcp error: dial tcp 116.130.229.191:443: connectex: A socket operation was attempted to an unreachable network. 
[2023-05-01 01:44:01] [ERROR]: 登录时发生致命错误: dial tcp error: dial tcp 116.130.229.191:443: connectex: A socket operation was attempted to an unreachable network. 
[2023-05-01 01:44:01] [WARNING]: 将在 3 秒后尝试重连. 重连次数：9/0 
[2023-05-01 01:44:04] [WARNING]: 尝试重连... 
[2023-05-01 01:44:25] [ERROR]: Protocol -> connect server error: dial tcp error: dial tcp 163.177.30.32:80: connectex: A connection attempt failed because the connected party did not properly respond after a period of time, or established connection failed because connected host has failed to respond. 
[2023-05-01 01:44:25] [WARNING]: 快速重连失败: dial tcp error: dial tcp 163.177.30.32:80: connectex: A connection attempt failed because the connected party did not properly respond after a period of time, or established connection failed because connected host has failed to respond. 
[2023-05-01 01:44:25] [WARNING]: 快速重连失败, 尝试普通登录. 这可能是因为其他端强行T下线导致的. 
[2023-05-01 01:44:26] [ERROR]: Protocol -> connect server error: dial tcp error: dial tcp 59.83.207.254:80: connectex: A socket operation was attempted to an unreachable host. 
[2023-05-01 01:44:26] [ERROR]: 登录时发生致命错误: dial tcp error: dial tcp 59.83.207.254:80: connectex: A socket operation was attempted to an unreachable host. 
[2023-05-01 01:44:26] [WARNING]: 将在 3 秒后尝试重连. 重连次数：10/0 
[2023-05-01 01:44:29] [WARNING]: 尝试重连... 
[2023-05-01 01:44:29] [ERROR]: Protocol -> connect server error: dial tcp error: dial tcp 116.130.229.172:80: connectex: A socket operation was attempted to an unreachable host. 
[2023-05-01 01:44:29] [WARNING]: 快速重连失败: dial tcp error: dial tcp 116.130.229.172:80: connectex: A socket operation was attempted to an unreachable host. 
[2023-05-01 01:44:29] [WARNING]: 快速重连失败, 尝试普通登录. 这可能是因为其他端强行T下线导致的. 
[2023-05-01 01:44:30] [ERROR]: 登录时发生致命错误: All servers are unreachable 
[2023-05-01 01:44:30] [WARNING]: 将在 3 秒后尝试重连. 重连次数：11/0 
[2023-05-01 01:44:33] [WARNING]: 尝试重连... 
[2023-05-01 01:44:33] [WARNING]: 快速重连失败: All servers are unreachable 
[2023-05-01 01:44:33] [WARNING]: 快速重连失败, 尝试普通登录. 这可能是因为其他端强行T下线导致的. 
[2023-05-01 01:44:34] [ERROR]: 登录时发生致命错误: All servers are unreachable 
[2023-05-01 01:44:34] [WARNING]: 将在 3 秒后尝试重连. 重连次数：12/0 
[2023-05-01 01:44:37] [WARNING]: 尝试重连... 
[2023-05-01 01:44:37] [WARNING]: 快速重连失败: All servers are unreachable 
[2023-05-01 01:44:37] [WARNING]: 快速重连失败, 尝试普通登录. 这可能是因为其他端强行T下线导致的. 
[2023-05-01 01:44:38] [ERROR]: 登录时发生致命错误: All servers are unreachable 
[2023-05-01 01:44:38] [WARNING]: 将在 3 秒后尝试重连. 重连次数：13/0 
[2023-05-01 01:44:41] [WARNING]: 尝试重连... 
[2023-05-01 01:44:41] [WARNING]: 快速重连失败: All servers are unreachable 
[2023-05-01 01:44:41] [WARNING]: 快速重连失败, 尝试普通登录. 这可能是因为其他端强行T下线导致的. 
[2023-05-01 01:44:42] [ERROR]: 登录时发生致命错误: All servers are unreachable 
[2023-05-01 01:44:42] [WARNING]: 将在 3 秒后尝试重连. 重连次数：14/0 
[2023-05-01 01:44:45] [WARNING]: 尝试重连... 
[2023-05-01 01:44:45] [WARNING]: 快速重连失败: All servers are unreachable 
[2023-05-01 01:44:45] [WARNING]: 快速重连失败, 尝试普通登录. 这可能是因为其他端强行T下线导致的. 
[2023-05-01 01:44:46] [ERROR]: 登录时发生致命错误: All servers are unreachable 
[2023-05-01 01:44:46] [WARNING]: 将在 3 秒后尝试重连. 重连次数：15/0 
[2023-05-01 01:44:49] [WARNING]: 尝试重连... 
[2023-05-01 01:44:49] [WARNING]: 快速重连失败: All servers are unreachable 
[2023-05-01 01:44:49] [WARNING]: 快速重连失败, 尝试普通登录. 这可能是因为其他端强行T下线导致的. 
[2023-05-01 01:44:50] [ERROR]: 登录时发生致命错误: All servers are unreachable 
[2023-05-01 01:44:50] [WARNING]: 将在 3 秒后尝试重连. 重连次数：16/0 
[2023-05-01 01:44:53] [WARNING]: 尝试重连... 
[2023-05-01 01:44:53] [WARNING]: 快速重连失败: All servers are unreachable 
[2023-05-01 01:44:53] [WARNING]: 快速重连失败, 尝试普通登录. 这可能是因为其他端强行T下线导致的. 
[2023-05-01 01:44:54] [ERROR]: 登录时发生致命错误: All servers are unreachable 
[2023-05-01 01:44:54] [WARNING]: 将在 3 秒后尝试重连. 重连次数：17/0 
[2023-05-01 01:44:57] [WARNING]: 尝试重连... 
[2023-05-01 01:44:57] [WARNING]: 快速重连失败: All servers are unreachable 
[2023-05-01 01:44:57] [WARNING]: 快速重连失败, 尝试普通登录. 这可能是因为其他端强行T下线导致的. 
[2023-05-01 01:44:58] [ERROR]: 登录时发生致命错误: All servers are unreachable 
[2023-05-01 01:44:58] [WARNING]: 将在 3 秒后尝试重连. 重连次数：18/0 
[2023-05-01 01:45:01] [WARNING]: 尝试重连... 
[2023-05-01 01:45:01] [WARNING]: 快速重连失败: All servers are unreachable 
[2023-05-01 01:45:01] [WARNING]: 快速重连失败, 尝试普通登录. 这可能是因为其他端强行T下线导致的. 
[2023-05-01 01:45:02] [ERROR]: 登录时发生致命错误: All servers are unreachable 
[2023-05-01 01:45:02] [WARNING]: 将在 3 秒后尝试重连. 重连次数：19/0 
[2023-05-01 01:45:05] [WARNING]: 尝试重连... 
[2023-05-01 01:45:05] [WARNING]: 快速重连失败: All servers are unreachable 
[2023-05-01 01:45:05] [WARNING]: 快速重连失败, 尝试普通登录. 这可能是因为其他端强行T下线导致的. 
[2023-05-01 01:45:06] [ERROR]: 登录时发生致命错误: All servers are unreachable 
[2023-05-01 01:45:06] [WARNING]: 将在 3 秒后尝试重连. 重连次数：20/0 
[2023-05-01 01:45:09] [WARNING]: 尝试重连... 
[2023-05-01 01:45:09] [WARNING]: 快速重连失败: All servers are unreachable 
[2023-05-01 01:45:09] [WARNING]: 快速重连失败, 尝试普通登录. 这可能是因为其他端强行T下线导致的. 
[2023-05-01 01:45:10] [ERROR]: 登录时发生致命错误: All servers are unreachable 
[2023-05-01 01:45:10] [WARNING]: 将在 3 秒后尝试重连. 重连次数：21/0 
[2023-05-01 01:45:13] [WARNING]: 尝试重连... 
[2023-05-01 01:45:13] [WARNING]: 快速重连失败: All servers are unreachable 
[2023-05-01 01:45:13] [WARNING]: 快速重连失败, 尝试普通登录. 这可能是因为其他端强行T下线导致的. 
[2023-05-01 01:45:14] [ERROR]: 登录时发生致命错误: All servers are unreachable 
[2023-05-01 01:45:14] [WARNING]: 将在 3 秒后尝试重连. 重连次数：22/0 
[2023-05-01 01:45:17] [WARNING]: 尝试重连... 
[2023-05-01 01:45:17] [WARNING]: 快速重连失败: All servers are unreachable 
[2023-05-01 01:45:17] [WARNING]: 快速重连失败, 尝试普通登录. 这可能是因为其他端强行T下线导致的. 
[2023-05-01 01:45:18] [ERROR]: 登录时发生致命错误: All servers are unreachable 
[2023-05-01 01:45:18] [WARNING]: 将在 3 秒后尝试重连. 重连次数：23/0 
[2023-05-01 01:45:21] [WARNING]: 尝试重连... 
[2023-05-01 01:45:21] [WARNING]: 快速重连失败: All servers are unreachable 
[2023-05-01 01:45:21] [WARNING]: 快速重连失败, 尝试普通登录. 这可能是因为其他端强行T下线导致的. 
[2023-05-01 01:45:22] [ERROR]: 登录时发生致命错误: All servers are unreachable 
[2023-05-01 01:45:22] [WARNING]: 将在 3 秒后尝试重连. 重连次数：24/0 
[2023-05-01 01:45:25] [WARNING]: 尝试重连... 
[2023-05-01 01:45:25] [WARNING]: 快速重连失败: All servers are unreachable 
[2023-05-01 01:45:25] [WARNING]: 快速重连失败, 尝试普通登录. 这可能是因为其他端强行T下线导致的. 
[2023-05-01 01:45:26] [ERROR]: 登录时发生致命错误: All servers are unreachable 
[2023-05-01 01:45:26] [WARNING]: 将在 3 秒后尝试重连. 重连次数：25/0 
[2023-05-01 01:45:29] [WARNING]: 尝试重连... 
[2023-05-01 01:45:29] [WARNING]: 快速重连失败: All servers are unreachable 
[2023-05-01 01:45:29] [WARNING]: 快速重连失败, 尝试普通登录. 这可能是因为其他端强行T下线导致的. 
[2023-05-01 01:45:30] [ERROR]: 登录时发生致命错误: All servers are unreachable 
[2023-05-01 01:45:30] [WARNING]: 将在 3 秒后尝试重连. 重连次数：26/0 
[2023-05-01 01:45:33] [WARNING]: 尝试重连... 
[2023-05-01 01:45:33] [WARNING]: 快速重连失败: All servers are unreachable 
[2023-05-01 01:45:33] [WARNING]: 快速重连失败, 尝试普通登录. 这可能是因为其他端强行T下线导致的. 
[2023-05-01 01:45:34] [ERROR]: 登录时发生致命错误: All servers are unreachable 
[2023-05-01 01:45:34] [WARNING]: 将在 3 秒后尝试重连. 重连次数：27/0 
[2023-05-01 01:45:37] [WARNING]: 尝试重连... 
[2023-05-01 01:45:37] [WARNING]: 快速重连失败: All servers are unreachable 
[2023-05-01 01:45:37] [WARNING]: 快速重连失败, 尝试普通登录. 这可能是因为其他端强行T下线导致的. 
[2023-05-01 01:45:38] [ERROR]: 登录时发生致命错误: All servers are unreachable 
[2023-05-01 01:45:38] [WARNING]: 将在 3 秒后尝试重连. 重连次数：28/0 
[2023-05-01 01:45:41] [WARNING]: 尝试重连... 
[2023-05-01 01:45:41] [WARNING]: 快速重连失败: All servers are unreachable 
[2023-05-01 01:45:41] [WARNING]: 快速重连失败, 尝试普通登录. 这可能是因为其他端强行T下线导致的. 
[2023-05-01 01:45:42] [ERROR]: 登录时发生致命错误: All servers are unreachable 
[2023-05-01 01:45:42] [WARNING]: 将在 3 秒后尝试重连. 重连次数：29/0 
[2023-05-01 01:45:45] [WARNING]: 尝试重连... 
[2023-05-01 01:45:46] [WARNING]: 快速重连失败: All servers are unreachable 
[2023-05-01 01:45:46] [WARNING]: 快速重连失败, 尝试普通登录. 这可能是因为其他端强行T下线导致的. 
[2023-05-01 01:45:47] [ERROR]: 登录时发生致命错误: All servers are unreachable 
[2023-05-01 01:45:47] [WARNING]: 将在 3 秒后尝试重连. 重连次数：30/0 
[2023-05-01 01:45:50] [WARNING]: 尝试重连... 
[2023-05-01 01:45:50] [WARNING]: 快速重连失败: All servers are unreachable 
[2023-05-01 01:45:50] [WARNING]: 快速重连失败, 尝试普通登录. 这可能是因为其他端强行T下线导致的. 
[2023-05-01 01:45:51] [ERROR]: 登录时发生致命错误: All servers are unreachable 
[2023-05-01 01:45:51] [WARNING]: 将在 3 秒后尝试重连. 重连次数：31/0 
[2023-05-01 01:45:54] [WARNING]: 尝试重连... 
[2023-05-01 01:45:54] [WARNING]: 快速重连失败: All servers are unreachable 
[2023-05-01 01:45:54] [WARNING]: 快速重连失败, 尝试普通登录. 这可能是因为其他端强行T下线导致的. 
[2023-05-01 01:45:55] [ERROR]: 登录时发生致命错误: All servers are unreachable 
[2023-05-01 01:45:55] [WARNING]: 将在 3 秒后尝试重连. 重连次数：32/0 
[2023-05-01 01:45:58] [WARNING]: 尝试重连... 
[2023-05-01 01:45:58] [WARNING]: 快速重连失败: All servers are unreachable 
[2023-05-01 01:45:58] [WARNING]: 快速重连失败, 尝试普通登录. 这可能是因为其他端强行T下线导致的. 
[2023-05-01 01:45:59] [ERROR]: 登录时发生致命错误: All servers are unreachable 
[2023-05-01 01:45:59] [WARNING]: 将在 3 秒后尝试重连. 重连次数：33/0 
[2023-05-01 01:46:02] [WARNING]: 尝试重连... 
[2023-05-01 01:46:02] [WARNING]: 快速重连失败: All servers are unreachable 
[2023-05-01 01:46:02] [WARNING]: 快速重连失败, 尝试普通登录. 这可能是因为其他端强行T下线导致的. 
[2023-05-01 01:46:03] [ERROR]: 登录时发生致命错误: All servers are unreachable 
[2023-05-01 01:46:03] [WARNING]: 将在 3 秒后尝试重连. 重连次数：34/0 
[2023-05-01 01:46:06] [WARNING]: 尝试重连... 
[2023-05-01 01:46:06] [WARNING]: 快速重连失败: All servers are unreachable 
[2023-05-01 01:46:06] [WARNING]: 快速重连失败, 尝试普通登录. 这可能是因为其他端强行T下线导致的. 
[2023-05-01 01:46:07] [ERROR]: 登录时发生致命错误: All servers are unreachable 
[2023-05-01 01:46:07] [WARNING]: 将在 3 秒后尝试重连. 重连次数：35/0 
[2023-05-01 01:46:10] [WARNING]: 尝试重连... 
[2023-05-01 01:46:10] [WARNING]: 快速重连失败: All servers are unreachable 
[2023-05-01 01:46:10] [WARNING]: 快速重连失败, 尝试普通登录. 这可能是因为其他端强行T下线导致的. 
[2023-05-01 01:46:11] [ERROR]: 登录时发生致命错误: All servers are unreachable 
[2023-05-01 01:46:11] [WARNING]: 将在 3 秒后尝试重连. 重连次数：36/0 
[2023-05-01 01:46:14] [WARNING]: 尝试重连... 
[2023-05-01 01:46:14] [WARNING]: 快速重连失败: All servers are unreachable 
[2023-05-01 01:46:14] [WARNING]: 快速重连失败, 尝试普通登录. 这可能是因为其他端强行T下线导致的. 
[2023-05-01 01:46:15] [ERROR]: 登录时发生致命错误: All servers are unreachable 
[2023-05-01 01:46:15] [WARNING]: 将在 3 秒后尝试重连. 重连次数：37/0 
[2023-05-01 01:46:18] [WARNING]: 尝试重连... 
[2023-05-01 01:46:18] [WARNING]: 快速重连失败: All servers are unreachable 
[2023-05-01 01:46:18] [WARNING]: 快速重连失败, 尝试普通登录. 这可能是因为其他端强行T下线导致的. 
[2023-05-01 01:46:19] [ERROR]: 登录时发生致命错误: All servers are unreachable 
[2023-05-01 01:46:19] [WARNING]: 将在 3 秒后尝试重连. 重连次数：38/0 
[2023-05-01 01:46:22] [WARNING]: 尝试重连... 
[2023-05-01 01:46:22] [WARNING]: 快速重连失败: All servers are unreachable 
[2023-05-01 01:46:22] [WARNING]: 快速重连失败, 尝试普通登录. 这可能是因为其他端强行T下线导致的. 
[2023-05-01 01:46:23] [ERROR]: 登录时发生致命错误: All servers are unreachable 
[2023-05-01 01:46:23] [WARNING]: 将在 3 秒后尝试重连. 重连次数：39/0 
[2023-05-01 01:46:26] [WARNING]: 尝试重连... 
[2023-05-01 01:46:26] [WARNING]: 快速重连失败: All servers are unreachable 
[2023-05-01 01:46:26] [WARNING]: 快速重连失败, 尝试普通登录. 这可能是因为其他端强行T下线导致的. 
[2023-05-01 01:46:27] [ERROR]: 登录时发生致命错误: All servers are unreachable 
[2023-05-01 01:46:27] [WARNING]: 将在 3 秒后尝试重连. 重连次数：40/0 
[2023-05-01 01:46:30] [WARNING]: 尝试重连... 
[2023-05-01 01:46:30] [WARNING]: 快速重连失败: All servers are unreachable 
[2023-05-01 01:46:30] [WARNING]: 快速重连失败, 尝试普通登录. 这可能是因为其他端强行T下线导致的. 
[2023-05-01 01:46:31] [ERROR]: 登录时发生致命错误: All servers are unreachable 
[2023-05-01 01:46:31] [WARNING]: 将在 3 秒后尝试重连. 重连次数：41/0 
[2023-05-01 01:46:34] [WARNING]: 尝试重连... 
[2023-05-01 01:46:34] [WARNING]: 快速重连失败: All servers are unreachable 
[2023-05-01 01:46:34] [WARNING]: 快速重连失败, 尝试普通登录. 这可能是因为其他端强行T下线导致的. 
[2023-05-01 01:46:35] [ERROR]: 登录时发生致命错误: All servers are unreachable 
[2023-05-01 01:46:35] [WARNING]: 将在 3 秒后尝试重连. 重连次数：42/0 
[2023-05-01 01:46:38] [WARNING]: 尝试重连... 
[2023-05-01 01:46:38] [WARNING]: 快速重连失败: All servers are unreachable 
[2023-05-01 01:46:38] [WARNING]: 快速重连失败, 尝试普通登录. 这可能是因为其他端强行T下线导致的. 
[2023-05-01 01:46:39] [ERROR]: 登录时发生致命错误: All servers are unreachable 
[2023-05-01 01:46:39] [WARNING]: 将在 3 秒后尝试重连. 重连次数：43/0 
[2023-05-01 01:46:42] [WARNING]: 尝试重连... 
[2023-05-01 01:46:42] [WARNING]: 快速重连失败: All servers are unreachable 
[2023-05-01 01:46:42] [WARNING]: 快速重连失败, 尝试普通登录. 这可能是因为其他端强行T下线导致的. 
[2023-05-01 01:46:43] [ERROR]: 登录时发生致命错误: All servers are unreachable 
[2023-05-01 01:46:43] [WARNING]: 将在 3 秒后尝试重连. 重连次数：44/0 
[2023-05-01 01:46:46] [WARNING]: 尝试重连... 
[2023-05-01 01:46:46] [WARNING]: 快速重连失败: All servers are unreachable 
[2023-05-01 01:46:46] [WARNING]: 快速重连失败, 尝试普通登录. 这可能是因为其他端强行T下线导致的. 
[2023-05-01 01:46:47] [ERROR]: 登录时发生致命错误: All servers are unreachable 
[2023-05-01 01:46:47] [WARNING]: 将在 3 秒后尝试重连. 重连次数：45/0 
[2023-05-01 01:46:50] [WARNING]: 尝试重连... 
[2023-05-01 01:46:50] [WARNING]: 快速重连失败: All servers are unreachable 
[2023-05-01 01:46:50] [WARNING]: 快速重连失败, 尝试普通登录. 这可能是因为其他端强行T下线导致的. 
[2023-05-01 01:46:51] [ERROR]: 登录时发生致命错误: All servers are unreachable 
[2023-05-01 01:46:51] [WARNING]: 将在 3 秒后尝试重连. 重连次数：46/0 
[2023-05-01 01:46:54] [WARNING]: 尝试重连... 
[2023-05-01 01:46:54] [WARNING]: 快速重连失败: All servers are unreachable 
[2023-05-01 01:46:54] [WARNING]: 快速重连失败, 尝试普通登录. 这可能是因为其他端强行T下线导致的. 
[2023-05-01 01:46:55] [ERROR]: 登录时发生致命错误: All servers are unreachable 
[2023-05-01 01:46:55] [WARNING]: 将在 3 秒后尝试重连. 重连次数：47/0 
[2023-05-01 01:46:58] [WARNING]: 尝试重连... 
[2023-05-01 01:46:58] [WARNING]: 快速重连失败: All servers are unreachable 
[2023-05-01 01:46:58] [WARNING]: 快速重连失败, 尝试普通登录. 这可能是因为其他端强行T下线导致的. 
[2023-05-01 01:46:59] [ERROR]: 登录时发生致命错误: All servers are unreachable 
[2023-05-01 01:46:59] [WARNING]: 将在 3 秒后尝试重连. 重连次数：48/0 
[2023-05-01 01:47:02] [WARNING]: 尝试重连... 
[2023-05-01 01:47:02] [WARNING]: 快速重连失败: All servers are unreachable 
[2023-05-01 01:47:02] [WARNING]: 快速重连失败, 尝试普通登录. 这可能是因为其他端强行T下线导致的. 
[2023-05-01 01:47:03] [ERROR]: 登录时发生致命错误: All servers are unreachable 
[2023-05-01 01:47:03] [WARNING]: 将在 3 秒后尝试重连. 重连次数：49/0 
[2023-05-01 01:47:06] [WARNING]: 尝试重连... 
[2023-05-01 01:47:06] [WARNING]: 快速重连失败: All servers are unreachable 
[2023-05-01 01:47:06] [WARNING]: 快速重连失败, 尝试普通登录. 这可能是因为其他端强行T下线导致的. 
[2023-05-01 01:47:07] [ERROR]: 登录时发生致命错误: All servers are unreachable 
[2023-05-01 01:47:07] [WARNING]: 将在 3 秒后尝试重连. 重连次数：50/0 
[2023-05-01 01:47:10] [WARNING]: 尝试重连... 
[2023-05-01 01:47:10] [WARNING]: 快速重连失败: All servers are unreachable 
[2023-05-01 01:47:10] [WARNING]: 快速重连失败, 尝试普通登录. 这可能是因为其他端强行T下线导致的. 
[2023-05-01 01:47:11] [ERROR]: 登录时发生致命错误: All servers are unreachable 
[2023-05-01 01:47:11] [WARNING]: 将在 3 秒后尝试重连. 重连次数：51/0 
[2023-05-01 01:47:14] [WARNING]: 尝试重连... 
[2023-05-01 01:47:14] [WARNING]: 快速重连失败: All servers are unreachable 
[2023-05-01 01:47:14] [WARNING]: 快速重连失败, 尝试普通登录. 这可能是因为其他端强行T下线导致的. 
[2023-05-01 01:47:15] [ERROR]: 登录时发生致命错误: All servers are unreachable 
[2023-05-01 01:47:15] [WARNING]: 将在 3 秒后尝试重连. 重连次数：52/0 
[2023-05-01 01:47:18] [WARNING]: 尝试重连... 
[2023-05-01 01:47:18] [WARNING]: 快速重连失败: All servers are unreachable 
[2023-05-01 01:47:18] [WARNING]: 快速重连失败, 尝试普通登录. 这可能是因为其他端强行T下线导致的. 
[2023-05-01 01:47:19] [ERROR]: 登录时发生致命错误: All servers are unreachable 
[2023-05-01 01:47:19] [WARNING]: 将在 3 秒后尝试重连. 重连次数：53/0 
[2023-05-01 01:47:22] [WARNING]: 尝试重连... 
[2023-05-01 01:47:22] [WARNING]: 快速重连失败: All servers are unreachable 
[2023-05-01 01:47:22] [WARNING]: 快速重连失败, 尝试普通登录. 这可能是因为其他端强行T下线导致的. 
[2023-05-01 01:47:23] [ERROR]: 登录时发生致命错误: All servers are unreachable 
[2023-05-01 01:47:23] [WARNING]: 将在 3 秒后尝试重连. 重连次数：54/0 
[2023-05-01 01:47:26] [WARNING]: 尝试重连... 
[2023-05-01 01:47:26] [WARNING]: 快速重连失败: All servers are unreachable 
[2023-05-01 01:47:26] [WARNING]: 快速重连失败, 尝试普通登录. 这可能是因为其他端强行T下线导致的. 
[2023-05-01 01:47:27] [ERROR]: 登录时发生致命错误: All servers are unreachable 
[2023-05-01 01:47:27] [WARNING]: 将在 3 秒后尝试重连. 重连次数：55/0 
[2023-05-01 01:47:30] [WARNING]: 尝试重连... 
[2023-05-01 01:47:30] [WARNING]: 快速重连失败: All servers are unreachable 
[2023-05-01 01:47:30] [WARNING]: 快速重连失败, 尝试普通登录. 这可能是因为其他端强行T下线导致的. 
[2023-05-01 01:47:31] [ERROR]: 登录时发生致命错误: All servers are unreachable 
[2023-05-01 01:47:31] [WARNING]: 将在 3 秒后尝试重连. 重连次数：56/0 
[2023-05-01 01:47:34] [WARNING]: 尝试重连... 
[2023-05-01 01:47:34] [WARNING]: 快速重连失败: All servers are unreachable 
[2023-05-01 01:47:34] [WARNING]: 快速重连失败, 尝试普通登录. 这可能是因为其他端强行T下线导致的. 
[2023-05-01 01:47:35] [ERROR]: 登录时发生致命错误: All servers are unreachable 
[2023-05-01 01:47:35] [WARNING]: 将在 3 秒后尝试重连. 重连次数：57/0 
[2023-05-01 01:47:38] [WARNING]: 尝试重连... 
[2023-05-01 01:47:38] [WARNING]: 快速重连失败: All servers are unreachable 
[2023-05-01 01:47:38] [WARNING]: 快速重连失败, 尝试普通登录. 这可能是因为其他端强行T下线导致的. 
[2023-05-01 01:47:39] [ERROR]: 登录时发生致命错误: All servers are unreachable 
[2023-05-01 01:47:39] [WARNING]: 将在 3 秒后尝试重连. 重连次数：58/0 
[2023-05-01 01:47:42] [WARNING]: 尝试重连... 
[2023-05-01 01:47:43] [WARNING]: 快速重连失败: All servers are unreachable 
[2023-05-01 01:47:43] [WARNING]: 快速重连失败, 尝试普通登录. 这可能是因为其他端强行T下线导致的. 
[2023-05-01 01:47:44] [ERROR]: 登录时发生致命错误: All servers are unreachable 
[2023-05-01 01:47:44] [WARNING]: 将在 3 秒后尝试重连. 重连次数：59/0 
[2023-05-01 01:47:47] [WARNING]: 尝试重连... 
[2023-05-01 01:47:47] [WARNING]: 快速重连失败: All servers are unreachable 
[2023-05-01 01:47:47] [WARNING]: 快速重连失败, 尝试普通登录. 这可能是因为其他端强行T下线导致的. 
[2023-05-01 01:47:48] [ERROR]: 登录时发生致命错误: All servers are unreachable 
[2023-05-01 01:47:48] [WARNING]: 将在 3 秒后尝试重连. 重连次数：60/0 
[2023-05-01 01:47:51] [WARNING]: 尝试重连... 
[2023-05-01 01:47:51] [WARNING]: 快速重连失败: All servers are unreachable 
[2023-05-01 01:47:51] [WARNING]: 快速重连失败, 尝试普通登录. 这可能是因为其他端强行T下线导致的. 
[2023-05-01 01:47:52] [ERROR]: 登录时发生致命错误: All servers are unreachable 
[2023-05-01 01:47:52] [WARNING]: 将在 3 秒后尝试重连. 重连次数：61/0 
[2023-05-01 01:47:55] [WARNING]: 尝试重连... 
[2023-05-01 01:47:55] [WARNING]: 快速重连失败: All servers are unreachable 
[2023-05-01 01:47:55] [WARNING]: 快速重连失败, 尝试普通登录. 这可能是因为其他端强行T下线导致的. 
[2023-05-01 01:47:56] [ERROR]: 登录时发生致命错误: All servers are unreachable 
[2023-05-01 01:47:56] [WARNING]: 将在 3 秒后尝试重连. 重连次数：62/0 
[2023-05-01 01:47:59] [WARNING]: 尝试重连... 
[2023-05-01 01:47:59] [WARNING]: 快速重连失败: All servers are unreachable 
[2023-05-01 01:47:59] [WARNING]: 快速重连失败, 尝试普通登录. 这可能是因为其他端强行T下线导致的. 
[2023-05-01 01:48:00] [ERROR]: 登录时发生致命错误: All servers are unreachable 
[2023-05-01 01:48:00] [WARNING]: 将在 3 秒后尝试重连. 重连次数：63/0 
[2023-05-01 01:48:03] [WARNING]: 尝试重连... 
[2023-05-01 01:48:03] [WARNING]: 快速重连失败: All servers are unreachable 
[2023-05-01 01:48:03] [WARNING]: 快速重连失败, 尝试普通登录. 这可能是因为其他端强行T下线导致的. 
[2023-05-01 01:48:04] [ERROR]: 登录时发生致命错误: All servers are unreachable 
[2023-05-01 01:48:04] [WARNING]: 将在 3 秒后尝试重连. 重连次数：64/0 
[2023-05-01 01:48:07] [WARNING]: 尝试重连... 
[2023-05-01 01:48:07] [WARNING]: 快速重连失败: All servers are unreachable 
[2023-05-01 01:48:07] [WARNING]: 快速重连失败, 尝试普通登录. 这可能是因为其他端强行T下线导致的. 
[2023-05-01 01:48:08] [ERROR]: 登录时发生致命错误: All servers are unreachable 
[2023-05-01 01:48:08] [WARNING]: 将在 3 秒后尝试重连. 重连次数：65/0 
[2023-05-01 01:48:11] [WARNING]: 尝试重连... 
[2023-05-01 01:48:11] [WARNING]: 快速重连失败: All servers are unreachable 
[2023-05-01 01:48:11] [WARNING]: 快速重连失败, 尝试普通登录. 这可能是因为其他端强行T下线导致的. 
[2023-05-01 01:48:12] [ERROR]: 登录时发生致命错误: All servers are unreachable 
[2023-05-01 01:48:12] [WARNING]: 将在 3 秒后尝试重连. 重连次数：66/0 
[2023-05-01 01:48:15] [WARNING]: 尝试重连... 
[2023-05-01 01:48:15] [WARNING]: 快速重连失败: All servers are unreachable 
[2023-05-01 01:48:15] [WARNING]: 快速重连失败, 尝试普通登录. 这可能是因为其他端强行T下线导致的. 
[2023-05-01 01:48:16] [ERROR]: 登录时发生致命错误: All servers are unreachable 
[2023-05-01 01:48:16] [WARNING]: 将在 3 秒后尝试重连. 重连次数：67/0 
[2023-05-01 01:48:19] [WARNING]: 尝试重连... 
[2023-05-01 01:48:19] [WARNING]: 快速重连失败: All servers are unreachable 
[2023-05-01 01:48:19] [WARNING]: 快速重连失败, 尝试普通登录. 这可能是因为其他端强行T下线导致的. 
[2023-05-01 01:48:20] [ERROR]: 登录时发生致命错误: All servers are unreachable 
[2023-05-01 01:48:20] [WARNING]: 将在 3 秒后尝试重连. 重连次数：68/0 
[2023-05-01 01:48:23] [WARNING]: 尝试重连... 
[2023-05-01 01:48:23] [WARNING]: 快速重连失败: All servers are unreachable 
[2023-05-01 01:48:23] [WARNING]: 快速重连失败, 尝试普通登录. 这可能是因为其他端强行T下线导致的. 
[2023-05-01 01:48:24] [ERROR]: 登录时发生致命错误: All servers are unreachable 
[2023-05-01 01:48:24] [WARNING]: 将在 3 秒后尝试重连. 重连次数：69/0 
[2023-05-01 01:48:27] [WARNING]: 尝试重连... 
[2023-05-01 01:48:27] [WARNING]: 快速重连失败: All servers are unreachable 
[2023-05-01 01:48:27] [WARNING]: 快速重连失败, 尝试普通登录. 这可能是因为其他端强行T下线导致的. 
[2023-05-01 01:48:28] [ERROR]: 登录时发生致命错误: All servers are unreachable 
[2023-05-01 01:48:28] [WARNING]: 将在 3 秒后尝试重连. 重连次数：70/0 
[2023-05-01 01:48:31] [WARNING]: 尝试重连... 
[2023-05-01 01:48:31] [WARNING]: 快速重连失败: All servers are unreachable 
[2023-05-01 01:48:31] [WARNING]: 快速重连失败, 尝试普通登录. 这可能是因为其他端强行T下线导致的. 
[2023-05-01 01:48:32] [ERROR]: 登录时发生致命错误: All servers are unreachable 
[2023-05-01 01:48:32] [WARNING]: 将在 3 秒后尝试重连. 重连次数：71/0 
[2023-05-01 01:48:35] [WARNING]: 尝试重连... 
[2023-05-01 01:48:35] [WARNING]: 快速重连失败: All servers are unreachable 
[2023-05-01 01:48:35] [WARNING]: 快速重连失败, 尝试普通登录. 这可能是因为其他端强行T下线导致的. 
[2023-05-01 01:48:36] [ERROR]: 登录时发生致命错误: All servers are unreachable 
[2023-05-01 01:48:36] [WARNING]: 将在 3 秒后尝试重连. 重连次数：72/0 
[2023-05-01 01:48:39] [WARNING]: 尝试重连... 
[2023-05-01 01:48:39] [WARNING]: 快速重连失败: All servers are unreachable 
[2023-05-01 01:48:39] [WARNING]: 快速重连失败, 尝试普通登录. 这可能是因为其他端强行T下线导致的. 
[2023-05-01 01:48:40] [ERROR]: 登录时发生致命错误: All servers are unreachable 
[2023-05-01 01:48:40] [WARNING]: 将在 3 秒后尝试重连. 重连次数：73/0 
[2023-05-01 01:48:43] [WARNING]: 尝试重连... 
[2023-05-01 01:48:43] [WARNING]: 快速重连失败: All servers are unreachable 
[2023-05-01 01:48:43] [WARNING]: 快速重连失败, 尝试普通登录. 这可能是因为其他端强行T下线导致的. 
[2023-05-01 01:48:44] [ERROR]: 登录时发生致命错误: All servers are unreachable 
[2023-05-01 01:48:44] [WARNING]: 将在 3 秒后尝试重连. 重连次数：74/0 
[2023-05-01 01:48:47] [WARNING]: 尝试重连... 
[2023-05-01 01:48:47] [WARNING]: 快速重连失败: All servers are unreachable 
[2023-05-01 01:48:47] [WARNING]: 快速重连失败, 尝试普通登录. 这可能是因为其他端强行T下线导致的. 
[2023-05-01 01:48:48] [ERROR]: 登录时发生致命错误: All servers are unreachable 
[2023-05-01 01:48:48] [WARNING]: 将在 3 秒后尝试重连. 重连次数：75/0 
[2023-05-01 01:48:51] [WARNING]: 尝试重连... 
[2023-05-01 01:48:51] [WARNING]: 快速重连失败: All servers are unreachable 
[2023-05-01 01:48:51] [WARNING]: 快速重连失败, 尝试普通登录. 这可能是因为其他端强行T下线导致的. 
[2023-05-01 01:48:52] [ERROR]: 登录时发生致命错误: All servers are unreachable 
[2023-05-01 01:48:52] [WARNING]: 将在 3 秒后尝试重连. 重连次数：76/0 
[2023-05-01 01:48:55] [WARNING]: 尝试重连... 
[2023-05-01 01:48:55] [WARNING]: 快速重连失败: All servers are unreachable 
[2023-05-01 01:48:55] [WARNING]: 快速重连失败, 尝试普通登录. 这可能是因为其他端强行T下线导致的. 
[2023-05-01 01:48:56] [ERROR]: 登录时发生致命错误: All servers are unreachable 
[2023-05-01 01:48:56] [WARNING]: 将在 3 秒后尝试重连. 重连次数：77/0 
[2023-05-01 01:48:59] [WARNING]: 尝试重连... 
[2023-05-01 01:48:59] [WARNING]: 快速重连失败: All servers are unreachable 
[2023-05-01 01:48:59] [WARNING]: 快速重连失败, 尝试普通登录. 这可能是因为其他端强行T下线导致的. 
[2023-05-01 01:49:00] [ERROR]: 登录时发生致命错误: All servers are unreachable 
[2023-05-01 01:49:00] [WARNING]: 将在 3 秒后尝试重连. 重连次数：78/0 
[2023-05-01 01:49:03] [WARNING]: 尝试重连... 
[2023-05-01 01:49:03] [WARNING]: 快速重连失败: All servers are unreachable 
[2023-05-01 01:49:03] [WARNING]: 快速重连失败, 尝试普通登录. 这可能是因为其他端强行T下线导致的. 
[2023-05-01 01:49:04] [ERROR]: 登录时发生致命错误: All servers are unreachable 
[2023-05-01 01:49:04] [WARNING]: 将在 3 秒后尝试重连. 重连次数：79/0 
[2023-05-01 01:49:07] [WARNING]: 尝试重连... 
[2023-05-01 01:49:07] [WARNING]: 快速重连失败: All servers are unreachable 
[2023-05-01 01:49:07] [WARNING]: 快速重连失败, 尝试普通登录. 这可能是因为其他端强行T下线导致的. 
[2023-05-01 01:49:08] [ERROR]: 登录时发生致命错误: All servers are unreachable 
[2023-05-01 01:49:08] [WARNING]: 将在 3 秒后尝试重连. 重连次数：80/0 
[2023-05-01 01:49:11] [WARNING]: 尝试重连... 
[2023-05-01 01:49:11] [WARNING]: 快速重连失败: All servers are unreachable 
[2023-05-01 01:49:11] [WARNING]: 快速重连失败, 尝试普通登录. 这可能是因为其他端强行T下线导致的. 
[2023-05-01 01:49:12] [ERROR]: 登录时发生致命错误: All servers are unreachable 
[2023-05-01 01:49:12] [WARNING]: 将在 3 秒后尝试重连. 重连次数：81/0 
[2023-05-01 01:49:15] [WARNING]: 尝试重连... 
[2023-05-01 01:49:15] [WARNING]: 快速重连失败: All servers are unreachable 
[2023-05-01 01:49:15] [WARNING]: 快速重连失败, 尝试普通登录. 这可能是因为其他端强行T下线导致的. 
[2023-05-01 01:49:16] [ERROR]: 登录时发生致命错误: All servers are unreachable 
[2023-05-01 01:49:16] [WARNING]: 将在 3 秒后尝试重连. 重连次数：82/0 
[2023-05-01 01:49:19] [WARNING]: 尝试重连... 
[2023-05-01 01:49:19] [WARNING]: 快速重连失败: All servers are unreachable 
[2023-05-01 01:49:19] [WARNING]: 快速重连失败, 尝试普通登录. 这可能是因为其他端强行T下线导致的. 
[2023-05-01 01:49:20] [ERROR]: 登录时发生致命错误: All servers are unreachable 
[2023-05-01 01:49:20] [WARNING]: 将在 3 秒后尝试重连. 重连次数：83/0 
[2023-05-01 01:49:23] [WARNING]: 尝试重连... 
[2023-05-01 01:49:23] [WARNING]: 快速重连失败: All servers are unreachable 
[2023-05-01 01:49:23] [WARNING]: 快速重连失败, 尝试普通登录. 这可能是因为其他端强行T下线导致的. 
[2023-05-01 01:49:24] [ERROR]: 登录时发生致命错误: All servers are unreachable 
[2023-05-01 01:49:24] [WARNING]: 将在 3 秒后尝试重连. 重连次数：84/0 
[2023-05-01 01:49:27] [WARNING]: 尝试重连... 
[2023-05-01 01:49:27] [WARNING]: 快速重连失败: All servers are unreachable 
[2023-05-01 01:49:27] [WARNING]: 快速重连失败, 尝试普通登录. 这可能是因为其他端强行T下线导致的. 
[2023-05-01 01:49:28] [ERROR]: 登录时发生致命错误: All servers are unreachable 
[2023-05-01 01:49:28] [WARNING]: 将在 3 秒后尝试重连. 重连次数：85/0 
[2023-05-01 01:49:31] [WARNING]: 尝试重连... 
[2023-05-01 01:49:31] [WARNING]: 快速重连失败: All servers are unreachable 
[2023-05-01 01:49:31] [WARNING]: 快速重连失败, 尝试普通登录. 这可能是因为其他端强行T下线导致的. 
[2023-05-01 01:49:32] [ERROR]: 登录时发生致命错误: All servers are unreachable 
[2023-05-01 01:49:32] [WARNING]: 将在 3 秒后尝试重连. 重连次数：86/0 
[2023-05-01 01:49:35] [WARNING]: 尝试重连... 
[2023-05-01 01:49:35] [WARNING]: 快速重连失败: All servers are unreachable 
[2023-05-01 01:49:36] [WARNING]: 快速重连失败, 尝试普通登录. 这可能是因为其他端强行T下线导致的. 
[2023-05-01 01:49:37] [ERROR]: 登录时发生致命错误: All servers are unreachable 
[2023-05-01 01:49:37] [WARNING]: 将在 3 秒后尝试重连. 重连次数：87/0 
[2023-05-01 01:49:40] [WARNING]: 尝试重连... 
[2023-05-01 01:49:40] [WARNING]: 快速重连失败: All servers are unreachable 
[2023-05-01 01:49:40] [WARNING]: 快速重连失败, 尝试普通登录. 这可能是因为其他端强行T下线导致的. 
[2023-05-01 01:49:41] [ERROR]: 登录时发生致命错误: All servers are unreachable 
[2023-05-01 01:49:41] [WARNING]: 将在 3 秒后尝试重连. 重连次数：88/0 
[2023-05-01 01:49:44] [WARNING]: 尝试重连... 
[2023-05-01 01:49:44] [WARNING]: 快速重连失败: All servers are unreachable 
[2023-05-01 01:49:44] [WARNING]: 快速重连失败, 尝试普通登录. 这可能是因为其他端强行T下线导致的. 
[2023-05-01 01:49:45] [ERROR]: 登录时发生致命错误: All servers are unreachable 
[2023-05-01 01:49:45] [WARNING]: 将在 3 秒后尝试重连. 重连次数：89/0 
[2023-05-01 01:49:48] [WARNING]: 尝试重连... 
[2023-05-01 01:49:48] [WARNING]: 快速重连失败: All servers are unreachable 
[2023-05-01 01:49:48] [WARNING]: 快速重连失败, 尝试普通登录. 这可能是因为其他端强行T下线导致的. 
[2023-05-01 01:49:49] [ERROR]: 登录时发生致命错误: All servers are unreachable 
[2023-05-01 01:49:49] [WARNING]: 将在 3 秒后尝试重连. 重连次数：90/0 
[2023-05-01 01:49:52] [WARNING]: 尝试重连... 
[2023-05-01 01:49:52] [WARNING]: 快速重连失败: All servers are unreachable 
[2023-05-01 01:49:52] [WARNING]: 快速重连失败, 尝试普通登录. 这可能是因为其他端强行T下线导致的. 
[2023-05-01 01:49:53] [ERROR]: 登录时发生致命错误: All servers are unreachable 
[2023-05-01 01:49:53] [WARNING]: 将在 3 秒后尝试重连. 重连次数：91/0 
[2023-05-01 01:49:56] [WARNING]: 尝试重连... 
[2023-05-01 01:49:56] [WARNING]: 快速重连失败: All servers are unreachable 
[2023-05-01 01:49:56] [WARNING]: 快速重连失败, 尝试普通登录. 这可能是因为其他端强行T下线导致的. 
[2023-05-01 01:49:57] [ERROR]: 登录时发生致命错误: All servers are unreachable 
[2023-05-01 01:49:57] [WARNING]: 将在 3 秒后尝试重连. 重连次数：92/0 
[2023-05-01 01:50:00] [WARNING]: 尝试重连... 
[2023-05-01 01:50:00] [WARNING]: 快速重连失败: All servers are unreachable 
[2023-05-01 01:50:00] [WARNING]: 快速重连失败, 尝试普通登录. 这可能是因为其他端强行T下线导致的. 
[2023-05-01 01:50:01] [ERROR]: 登录时发生致命错误: All servers are unreachable 
[2023-05-01 01:50:01] [WARNING]: 将在 3 秒后尝试重连. 重连次数：93/0 
[2023-05-01 01:50:04] [WARNING]: 尝试重连... 
[2023-05-01 01:50:04] [WARNING]: 快速重连失败: All servers are unreachable 
[2023-05-01 01:50:04] [WARNING]: 快速重连失败, 尝试普通登录. 这可能是因为其他端强行T下线导致的. 
[2023-05-01 01:50:05] [ERROR]: 登录时发生致命错误: All servers are unreachable 
[2023-05-01 01:50:05] [WARNING]: 将在 3 秒后尝试重连. 重连次数：94/0 
[2023-05-01 01:50:08] [WARNING]: 尝试重连... 
[2023-05-01 01:50:08] [WARNING]: 快速重连失败: All servers are unreachable 
[2023-05-01 01:50:08] [WARNING]: 快速重连失败, 尝试普通登录. 这可能是因为其他端强行T下线导致的. 
[2023-05-01 01:50:09] [ERROR]: 登录时发生致命错误: All servers are unreachable 
[2023-05-01 01:50:09] [WARNING]: 将在 3 秒后尝试重连. 重连次数：95/0 
[2023-05-01 01:50:12] [WARNING]: 尝试重连... 
[2023-05-01 01:50:12] [WARNING]: 快速重连失败: All servers are unreachable 
[2023-05-01 01:50:12] [WARNING]: 快速重连失败, 尝试普通登录. 这可能是因为其他端强行T下线导致的. 
[2023-05-01 01:50:13] [ERROR]: 登录时发生致命错误: All servers are unreachable 
[2023-05-01 01:50:13] [WARNING]: 将在 3 秒后尝试重连. 重连次数：96/0 
[2023-05-01 01:50:16] [WARNING]: 尝试重连... 
[2023-05-01 01:50:16] [WARNING]: 快速重连失败: All servers are unreachable 
[2023-05-01 01:50:16] [WARNING]: 快速重连失败, 尝试普通登录. 这可能是因为其他端强行T下线导致的. 
[2023-05-01 01:50:17] [ERROR]: 登录时发生致命错误: All servers are unreachable 
[2023-05-01 01:50:17] [WARNING]: 将在 3 秒后尝试重连. 重连次数：97/0 
[2023-05-01 01:50:20] [WARNING]: 尝试重连... 
[2023-05-01 01:50:20] [WARNING]: 快速重连失败: All servers are unreachable 
[2023-05-01 01:50:20] [WARNING]: 快速重连失败, 尝试普通登录. 这可能是因为其他端强行T下线导致的. 
[2023-05-01 01:50:21] [ERROR]: 登录时发生致命错误: All servers are unreachable 
[2023-05-01 01:50:21] [WARNING]: 将在 3 秒后尝试重连. 重连次数：98/0 
[2023-05-01 01:50:24] [WARNING]: 尝试重连... 
[2023-05-01 01:50:24] [WARNING]: 快速重连失败: All servers are unreachable 
[2023-05-01 01:50:24] [WARNING]: 快速重连失败, 尝试普通登录. 这可能是因为其他端强行T下线导致的. 
[2023-05-01 01:50:25] [ERROR]: 登录时发生致命错误: All servers are unreachable 
[2023-05-01 01:50:25] [WARNING]: 将在 3 秒后尝试重连. 重连次数：99/0 
[2023-05-01 01:50:28] [WARNING]: 尝试重连... 
[2023-05-01 01:50:28] [WARNING]: 快速重连失败: All servers are unreachable 
[2023-05-01 01:50:28] [WARNING]: 快速重连失败, 尝试普通登录. 这可能是因为其他端强行T下线导致的. 
[2023-05-01 01:50:29] [ERROR]: 登录时发生致命错误: All servers are unreachable 
[2023-05-01 01:50:29] [WARNING]: 将在 3 秒后尝试重连. 重连次数：100/0 
[2023-05-01 01:50:32] [WARNING]: 尝试重连... 
[2023-05-01 01:50:32] [WARNING]: 快速重连失败: All servers are unreachable 
[2023-05-01 01:50:32] [WARNING]: 快速重连失败, 尝试普通登录. 这可能是因为其他端强行T下线导致的. 
[2023-05-01 01:50:33] [ERROR]: 登录时发生致命错误: All servers are unreachable 
[2023-05-01 01:50:33] [WARNING]: 将在 3 秒后尝试重连. 重连次数：101/0 
[2023-05-01 01:50:36] [WARNING]: 尝试重连... 
[2023-05-01 01:50:36] [WARNING]: 快速重连失败: All servers are unreachable 
[2023-05-01 01:50:36] [WARNING]: 快速重连失败, 尝试普通登录. 这可能是因为其他端强行T下线导致的. 
[2023-05-01 01:50:37] [ERROR]: 登录时发生致命错误: All servers are unreachable 
[2023-05-01 01:50:37] [WARNING]: 将在 3 秒后尝试重连. 重连次数：102/0 
[2023-05-01 01:50:40] [WARNING]: 尝试重连... 
[2023-05-01 01:50:40] [WARNING]: 快速重连失败: All servers are unreachable 
[2023-05-01 01:50:40] [WARNING]: 快速重连失败, 尝试普通登录. 这可能是因为其他端强行T下线导致的. 
[2023-05-01 01:50:41] [ERROR]: 登录时发生致命错误: All servers are unreachable 
[2023-05-01 01:50:41] [WARNING]: 将在 3 秒后尝试重连. 重连次数：103/0 
[2023-05-01 01:50:44] [WARNING]: 尝试重连... 
[2023-05-01 01:50:44] [WARNING]: 快速重连失败: All servers are unreachable 
[2023-05-01 01:50:44] [WARNING]: 快速重连失败, 尝试普通登录. 这可能是因为其他端强行T下线导致的. 
[2023-05-01 01:50:45] [ERROR]: 登录时发生致命错误: All servers are unreachable 
[2023-05-01 01:50:45] [WARNING]: 将在 3 秒后尝试重连. 重连次数：104/0 
[2023-05-01 01:50:48] [WARNING]: 尝试重连... 
[2023-05-01 01:50:48] [WARNING]: 快速重连失败: All servers are unreachable 
[2023-05-01 01:50:48] [WARNING]: 快速重连失败, 尝试普通登录. 这可能是因为其他端强行T下线导致的. 
[2023-05-01 01:50:49] [ERROR]: 登录时发生致命错误: All servers are unreachable 
[2023-05-01 01:50:49] [WARNING]: 将在 3 秒后尝试重连. 重连次数：105/0 
[2023-05-01 01:50:52] [WARNING]: 尝试重连... 
[2023-05-01 01:50:52] [WARNING]: 快速重连失败: All servers are unreachable 
[2023-05-01 01:50:52] [WARNING]: 快速重连失败, 尝试普通登录. 这可能是因为其他端强行T下线导致的. 
[2023-05-01 01:50:53] [ERROR]: 登录时发生致命错误: All servers are unreachable 
[2023-05-01 01:50:53] [WARNING]: 将在 3 秒后尝试重连. 重连次数：106/0 
[2023-05-01 01:50:56] [WARNING]: 尝试重连... 
[2023-05-01 01:50:56] [WARNING]: 快速重连失败: All servers are unreachable 
[2023-05-01 01:50:56] [WARNING]: 快速重连失败, 尝试普通登录. 这可能是因为其他端强行T下线导致的. 
[2023-05-01 01:50:57] [ERROR]: 登录时发生致命错误: All servers are unreachable 
[2023-05-01 01:50:57] [WARNING]: 将在 3 秒后尝试重连. 重连次数：107/0 
[2023-05-01 01:51:00] [WARNING]: 尝试重连... 
[2023-05-01 01:51:00] [WARNING]: 快速重连失败: All servers are unreachable 
[2023-05-01 01:51:00] [WARNING]: 快速重连失败, 尝试普通登录. 这可能是因为其他端强行T下线导致的. 
[2023-05-01 01:51:01] [ERROR]: 登录时发生致命错误: All servers are unreachable 
[2023-05-01 01:51:01] [WARNING]: 将在 3 秒后尝试重连. 重连次数：108/0 
[2023-05-01 01:51:04] [WARNING]: 尝试重连... 
[2023-05-01 01:51:04] [WARNING]: 快速重连失败: All servers are unreachable 
[2023-05-01 01:51:04] [WARNING]: 快速重连失败, 尝试普通登录. 这可能是因为其他端强行T下线导致的. 
[2023-05-01 01:51:05] [ERROR]: 登录时发生致命错误: All servers are unreachable 
[2023-05-01 01:51:05] [WARNING]: 将在 3 秒后尝试重连. 重连次数：109/0 
[2023-05-01 01:51:08] [WARNING]: 尝试重连... 
[2023-05-01 01:51:08] [WARNING]: 快速重连失败: All servers are unreachable 
[2023-05-01 01:51:08] [WARNING]: 快速重连失败, 尝试普通登录. 这可能是因为其他端强行T下线导致的. 
[2023-05-01 01:51:09] [ERROR]: 登录时发生致命错误: All servers are unreachable 
[2023-05-01 01:51:09] [WARNING]: 将在 3 秒后尝试重连. 重连次数：110/0 
[2023-05-01 01:51:12] [WARNING]: 尝试重连... 
[2023-05-01 01:51:12] [WARNING]: 快速重连失败: All servers are unreachable 
[2023-05-01 01:51:12] [WARNING]: 快速重连失败, 尝试普通登录. 这可能是因为其他端强行T下线导致的. 
[2023-05-01 01:51:13] [ERROR]: 登录时发生致命错误: All servers are unreachable 
[2023-05-01 01:51:13] [WARNING]: 将在 3 秒后尝试重连. 重连次数：111/0 
[2023-05-01 01:51:16] [WARNING]: 尝试重连... 
[2023-05-01 01:51:16] [WARNING]: 快速重连失败: All servers are unreachable 
[2023-05-01 01:51:16] [WARNING]: 快速重连失败, 尝试普通登录. 这可能是因为其他端强行T下线导致的. 
[2023-05-01 01:51:17] [ERROR]: 登录时发生致命错误: All servers are unreachable 
[2023-05-01 01:51:17] [WARNING]: 将在 3 秒后尝试重连. 重连次数：112/0 
[2023-05-01 01:51:20] [WARNING]: 尝试重连... 
[2023-05-01 01:51:20] [WARNING]: 快速重连失败: All servers are unreachable 
[2023-05-01 01:51:20] [WARNING]: 快速重连失败, 尝试普通登录. 这可能是因为其他端强行T下线导致的. 
[2023-05-01 01:51:21] [ERROR]: 登录时发生致命错误: All servers are unreachable 
[2023-05-01 01:51:21] [WARNING]: 将在 3 秒后尝试重连. 重连次数：113/0 
[2023-05-01 01:51:24] [WARNING]: 尝试重连... 
[2023-05-01 01:51:24] [WARNING]: 快速重连失败: All servers are unreachable 
[2023-05-01 01:51:24] [WARNING]: 快速重连失败, 尝试普通登录. 这可能是因为其他端强行T下线导致的. 
[2023-05-01 01:51:25] [ERROR]: 登录时发生致命错误: All servers are unreachable 
[2023-05-01 01:51:25] [WARNING]: 将在 3 秒后尝试重连. 重连次数：114/0 
[2023-05-01 01:51:28] [WARNING]: 尝试重连... 
[2023-05-01 01:51:28] [WARNING]: 快速重连失败: All servers are unreachable 
[2023-05-01 01:51:28] [WARNING]: 快速重连失败, 尝试普通登录. 这可能是因为其他端强行T下线导致的. 
[2023-05-01 01:51:29] [ERROR]: 登录时发生致命错误: All servers are unreachable 
[2023-05-01 01:51:30] [WARNING]: 将在 3 秒后尝试重连. 重连次数：115/0 
[2023-05-01 01:51:33] [WARNING]: 尝试重连... 
[2023-05-01 01:51:33] [WARNING]: 快速重连失败: All servers are unreachable 
[2023-05-01 01:51:33] [WARNING]: 快速重连失败, 尝试普通登录. 这可能是因为其他端强行T下线导致的. 
[2023-05-01 01:51:34] [ERROR]: 登录时发生致命错误: All servers are unreachable 
[2023-05-01 01:51:34] [WARNING]: 将在 3 秒后尝试重连. 重连次数：116/0 
[2023-05-01 01:51:37] [WARNING]: 尝试重连... 
[2023-05-01 01:51:37] [WARNING]: 快速重连失败: All servers are unreachable 
[2023-05-01 01:51:37] [WARNING]: 快速重连失败, 尝试普通登录. 这可能是因为其他端强行T下线导致的. 
[2023-05-01 01:51:38] [ERROR]: 登录时发生致命错误: All servers are unreachable 
[2023-05-01 01:51:38] [WARNING]: 将在 3 秒后尝试重连. 重连次数：117/0 
[2023-05-01 01:51:41] [WARNING]: 尝试重连... 
[2023-05-01 01:51:41] [WARNING]: 快速重连失败: All servers are unreachable 
[2023-05-01 01:51:41] [WARNING]: 快速重连失败, 尝试普通登录. 这可能是因为其他端强行T下线导致的. 
[2023-05-01 01:51:42] [ERROR]: 登录时发生致命错误: All servers are unreachable 
[2023-05-01 01:51:42] [WARNING]: 将在 3 秒后尝试重连. 重连次数：118/0 
[2023-05-01 01:51:45] [WARNING]: 尝试重连... 
[2023-05-01 01:51:45] [WARNING]: 快速重连失败: All servers are unreachable 
[2023-05-01 01:51:45] [WARNING]: 快速重连失败, 尝试普通登录. 这可能是因为其他端强行T下线导致的. 
[2023-05-01 01:51:46] [ERROR]: 登录时发生致命错误: All servers are unreachable 
[2023-05-01 01:51:46] [WARNING]: 将在 3 秒后尝试重连. 重连次数：119/0 
[2023-05-01 01:51:49] [WARNING]: 尝试重连... 
[2023-05-01 01:51:49] [WARNING]: 快速重连失败: All servers are unreachable 
[2023-05-01 01:51:49] [WARNING]: 快速重连失败, 尝试普通登录. 这可能是因为其他端强行T下线导致的. 
[2023-05-01 01:51:50] [ERROR]: 登录时发生致命错误: All servers are unreachable 
[2023-05-01 01:51:50] [WARNING]: 将在 3 秒后尝试重连. 重连次数：120/0 
[2023-05-01 01:51:53] [WARNING]: 尝试重连... 
[2023-05-01 01:51:53] [WARNING]: 快速重连失败: All servers are unreachable 
[2023-05-01 01:51:53] [WARNING]: 快速重连失败, 尝试普通登录. 这可能是因为其他端强行T下线导致的. 
[2023-05-01 01:51:54] [ERROR]: 登录时发生致命错误: All servers are unreachable 
[2023-05-01 01:51:54] [WARNING]: 将在 3 秒后尝试重连. 重连次数：121/0 
[2023-05-01 01:51:57] [WARNING]: 尝试重连... 
[2023-05-01 01:51:57] [WARNING]: 快速重连失败: All servers are unreachable 
[2023-05-01 01:51:57] [WARNING]: 快速重连失败, 尝试普通登录. 这可能是因为其他端强行T下线导致的. 
[2023-05-01 01:51:58] [ERROR]: 登录时发生致命错误: All servers are unreachable 
[2023-05-01 01:51:58] [WARNING]: 将在 3 秒后尝试重连. 重连次数：122/0 
[2023-05-01 01:52:01] [WARNING]: 尝试重连... 
[2023-05-01 01:52:01] [WARNING]: 快速重连失败: All servers are unreachable 
[2023-05-01 01:52:01] [WARNING]: 快速重连失败, 尝试普通登录. 这可能是因为其他端强行T下线导致的. 
[2023-05-01 01:52:02] [ERROR]: 登录时发生致命错误: All servers are unreachable 
[2023-05-01 01:52:02] [WARNING]: 将在 3 秒后尝试重连. 重连次数：123/0 
[2023-05-01 01:52:05] [WARNING]: 尝试重连... 
[2023-05-01 01:52:05] [WARNING]: 快速重连失败: All servers are unreachable 
[2023-05-01 01:52:05] [WARNING]: 快速重连失败, 尝试普通登录. 这可能是因为其他端强行T下线导致的. 
[2023-05-01 01:52:06] [ERROR]: 登录时发生致命错误: All servers are unreachable 
[2023-05-01 01:52:06] [WARNING]: 将在 3 秒后尝试重连. 重连次数：124/0 
[2023-05-01 01:52:09] [WARNING]: 尝试重连... 
[2023-05-01 01:52:09] [WARNING]: 快速重连失败: All servers are unreachable 
[2023-05-01 01:52:09] [WARNING]: 快速重连失败, 尝试普通登录. 这可能是因为其他端强行T下线导致的. 
[2023-05-01 01:52:10] [ERROR]: 登录时发生致命错误: All servers are unreachable 
[2023-05-01 01:52:10] [WARNING]: 将在 3 秒后尝试重连. 重连次数：125/0 
[2023-05-01 01:52:13] [WARNING]: 尝试重连... 
[2023-05-01 01:52:13] [WARNING]: 快速重连失败: All servers are unreachable 
[2023-05-01 01:52:13] [WARNING]: 快速重连失败, 尝试普通登录. 这可能是因为其他端强行T下线导致的. 
[2023-05-01 01:52:14] [ERROR]: 登录时发生致命错误: All servers are unreachable 
[2023-05-01 01:52:14] [WARNING]: 将在 3 秒后尝试重连. 重连次数：126/0 
[2023-05-01 01:52:17] [WARNING]: 尝试重连... 
[2023-05-01 01:52:17] [WARNING]: 快速重连失败: All servers are unreachable 
[2023-05-01 01:52:17] [WARNING]: 快速重连失败, 尝试普通登录. 这可能是因为其他端强行T下线导致的. 
[2023-05-01 01:52:18] [ERROR]: 登录时发生致命错误: All servers are unreachable 
[2023-05-01 01:52:18] [WARNING]: 将在 3 秒后尝试重连. 重连次数：127/0 
[2023-05-01 01:52:21] [WARNING]: 尝试重连... 
[2023-05-01 01:52:21] [WARNING]: 快速重连失败: All servers are unreachable 
[2023-05-01 01:52:21] [WARNING]: 快速重连失败, 尝试普通登录. 这可能是因为其他端强行T下线导致的. 
[2023-05-01 01:52:22] [ERROR]: 登录时发生致命错误: All servers are unreachable 
[2023-05-01 01:52:22] [WARNING]: 将在 3 秒后尝试重连. 重连次数：128/0 
[2023-05-01 01:52:25] [WARNING]: 尝试重连... 
[2023-05-01 01:52:25] [WARNING]: Protocol -> device lock is disable. http api may fail. 
[2023-05-01 02:20:00] [WARNING]: 上报 Event 数据到 http://localhost:8232/hello-robot 失败: Post "http://localhost:8232/hello-robot": dial tcp [::1]:8232: connectex: No connection could be made because the target machine actively refused it. 将进行第 1 次重试 
[2023-05-01 02:20:03] [WARNING]: 上报 Event 数据到 http://localhost:8232/hello-robot 失败: Post "http://localhost:8232/hello-robot": dial tcp [::1]:8232: connectex: No connection could be made because the target machine actively refused it. 将进行第 1 次重试 
[2023-05-01 02:20:04] [WARNING]: 上报 Event 数据到 http://localhost:8232/hello-robot 失败: Post "http://localhost:8232/hello-robot": dial tcp [::1]:8232: connectex: No connection could be made because the target machine actively refused it. 将进行第 2 次重试 
[2023-05-01 02:20:07] [WARNING]: 上报 Event 数据到 http://localhost:8232/hello-robot 失败: Post "http://localhost:8232/hello-robot": dial tcp [::1]:8232: connectex: No connection could be made because the target machine actively refused it. 将进行第 2 次重试 
[2023-05-01 02:20:07] [WARNING]: 上报 Event 数据到 http://localhost:8232/hello-robot 失败: Post "http://localhost:8232/hello-robot": dial tcp [::1]:8232: connectex: No connection could be made because the target machine actively refused it. 将进行第 3 次重试 
[2023-05-01 02:20:11] [WARNING]: 上报 Event 数据到 http://localhost:8232/hello-robot 失败: Post "http://localhost:8232/hello-robot": dial tcp [::1]:8232: connectex: No connection could be made because the target machine actively refused it. 将进行第 3 次重试 
[2023-05-01 02:20:11] [WARNING]: 上报 Event 数据 {"post_type":"message","message_type":"group","time":1682878799,"self_id":3268645847,"sub_type":"normal","raw_message":"[CQ:at,qq=1692298249] ","user_id":2528871251,"message_id":1743208640,"anonymous":null,"font":0,"group_id":177059996,"message":[{"type":"at","data":{"qq":"1692298249"}},{"type":"text","data":{"text":" "}}],"message_seq":57818,"sender":{"age":0,"area":"","card":"","level":"","nickname":"✎ℳ𝓌𝒲ℛᝰxFREE","role":"member","sex":"unknown","title":"IMRSSJ","user_id":2528871251}}
 到 http://localhost:8232/hello-robot 失败: Post "http://localhost:8232/hello-robot": dial tcp [::1]:8232: connectex: No connection could be made because the target machine actively refused it. 停止上报：已达重试上限 
[2023-05-01 02:20:15] [WARNING]: 上报 Event 数据 {"post_type":"message","message_type":"group","time":1682878802,"self_id":3268645847,"sub_type":"normal","message":[{"type":"image","data":{"file":"480fb2f6e68eab013ad8347cd272a2d7.image","subType":"1","url":"https://gchat.qpic.cn/gchatpic_new/2528871251/2167059996-2466580204-480FB2F6E68EAB013AD8347CD272A2D7/0?term=2\u0026is_origin=0"}}],"user_id":2528871251,"message_id":283144278,"anonymous":null,"group_id":177059996,"raw_message":"[CQ:image,file=480fb2f6e68eab013ad8347cd272a2d7.image,subType=1,url=https://gchat.qpic.cn/gchatpic_new/2528871251/2167059996-2466580204-480FB2F6E68EAB013AD8347CD272A2D7/0?term=2\u0026amp;is_origin=0]","sender":{"age":0,"area":"","card":"","level":"","nickname":"✎ℳ𝓌𝒲ℛᝰxFREE","role":"member","sex":"unknown","title":"IMRSSJ","user_id":2528871251},"font":0,"message_seq":57819}
 到 http://localhost:8232/hello-robot 失败: Post "http://localhost:8232/hello-robot": dial tcp [::1]:8232: connectex: No connection could be made because the target machine actively refused it. 停止上报：已达重试上限 
[2023-05-01 02:20:20] [WARNING]: 上报 Event 数据到 http://localhost:8232/hello-robot 失败: Post "http://localhost:8232/hello-robot": dial tcp [::1]:8232: connectex: No connection could be made because the target machine actively refused it. 将进行第 1 次重试 
[2023-05-01 02:20:23] [WARNING]: 上报 Event 数据到 http://localhost:8232/hello-robot 失败: Post "http://localhost:8232/hello-robot": dial tcp [::1]:8232: connectex: No connection could be made because the target machine actively refused it. 将进行第 2 次重试 
[2023-05-01 02:20:27] [WARNING]: 上报 Event 数据到 http://localhost:8232/hello-robot 失败: Post "http://localhost:8232/hello-robot": dial tcp [::1]:8232: connectex: No connection could be made because the target machine actively refused it. 将进行第 3 次重试 
[2023-05-01 02:20:30] [WARNING]: 上报 Event 数据到 http://localhost:8232/hello-robot 失败: Post "http://localhost:8232/hello-robot": dial tcp [::1]:8232: connectex: No connection could be made because the target machine actively refused it. 将进行第 1 次重试 
[2023-05-01 02:20:31] [WARNING]: 上报 Event 数据 {"post_type":"message","message_type":"group","time":1682878818,"self_id":3268645847,"sub_type":"normal","font":0,"message":[{"type":"reply","data":{"id":"-2141229625"}},{"type":"at","data":{"qq":"1692298249"}},{"type":"text","data":{"text":" "}},{"type":"at","data":{"qq":"1692298249"}},{"type":"text","data":{"text":" 电脑没事，就是有点费螺丝"}}],"message_seq":57820,"message_id":1108450097,"anonymous":null,"raw_message":"[CQ:reply,id=-2141229625][CQ:at,qq=1692298249] [CQ:at,qq=1692298249] 电脑没事，就是有点费螺丝","sender":{"age":0,"area":"","card":"","level":"","nickname":"✎ℳ𝓌𝒲ℛᝰxFREE","role":"member","sex":"unknown","title":"IMRSSJ","user_id":2528871251},"user_id":2528871251,"group_id":177059996}
 到 http://localhost:8232/hello-robot 失败: Post "http://localhost:8232/hello-robot": dial tcp [::1]:8232: connectex: No connection could be made because the target machine actively refused it. 停止上报：已达重试上限 
[2023-05-01 02:20:34] [WARNING]: 上报 Event 数据到 http://localhost:8232/hello-robot 失败: Post "http://localhost:8232/hello-robot": dial tcp [::1]:8232: connectex: No connection could be made because the target machine actively refused it. 将进行第 2 次重试 
[2023-05-01 02:20:37] [WARNING]: 上报 Event 数据到 http://localhost:8232/hello-robot 失败: Post "http://localhost:8232/hello-robot": dial tcp [::1]:8232: connectex: No connection could be made because the target machine actively refused it. 将进行第 3 次重试 
[2023-05-01 02:20:41] [WARNING]: 上报 Event 数据 {"post_type":"message","message_type":"group","time":1682878829,"self_id":3268645847,"sub_type":"normal","raw_message":"[CQ:face,id=178]","anonymous":null,"font":0,"group_id":177059996,"message_seq":57821,"message":[{"type":"face","data":{"id":"178"}}],"sender":{"age":0,"area":"","card":"","level":"","nickname":"✎ℳ𝓌𝒲ℛᝰxFREE","role":"member","sex":"unknown","title":"IMRSSJ","user_id":2528871251},"user_id":2528871251,"message_id":890678183}
 到 http://localhost:8232/hello-robot 失败: Post "http://localhost:8232/hello-robot": dial tcp [::1]:8232: connectex: No connection could be made because the target machine actively refused it. 停止上报：已达重试上限 
