[2023-04-30 13:51:49] [WARNING]: Protocol -> device lock is disable. http api may fail. 
[2023-04-30 13:51:56] [WARNING]: 警告: 心跳功能已关闭，若非预期，请检查配置文件。 
[2023-04-30 14:02:11] [WARNING]: 上报 Event 数据到 http://localhost:8232/hello-robot 失败: Post "http://localhost:8232/hello-robot": dial tcp [::1]:8232: connectex: No connection could be made because the target machine actively refused it. 将进行第 1 次重试 
[2023-04-30 14:02:12] [WARNING]: 上报 Event 数据到 http://localhost:8232/hello-robot 失败: Post "http://localhost:8232/hello-robot": dial tcp [::1]:8232: connectex: No connection could be made because the target machine actively refused it. 将进行第 1 次重试 
[2023-04-30 14:02:15] [WARNING]: 上报 Event 数据到 http://localhost:8232/hello-robot 失败: Post "http://localhost:8232/hello-robot": dial tcp [::1]:8232: connectex: No connection could be made because the target machine actively refused it. 将进行第 2 次重试 
[2023-04-30 14:02:16] [WARNING]: 上报 Event 数据到 http://localhost:8232/hello-robot 失败: Post "http://localhost:8232/hello-robot": dial tcp [::1]:8232: connectex: No connection could be made because the target machine actively refused it. 将进行第 2 次重试 
[2023-04-30 14:02:19] [WARNING]: 上报 Event 数据到 http://localhost:8232/hello-robot 失败: Post "http://localhost:8232/hello-robot": dial tcp [::1]:8232: connectex: No connection could be made because the target machine actively refused it. 将进行第 3 次重试 
[2023-04-30 14:02:19] [WARNING]: 上报 Event 数据到 http://localhost:8232/hello-robot 失败: Post "http://localhost:8232/hello-robot": dial tcp [::1]:8232: connectex: No connection could be made because the target machine actively refused it. 将进行第 3 次重试 
[2023-04-30 14:02:22] [WARNING]: 上报 Event 数据 {"post_type":"message","message_type":"group","time":1682834531,"self_id":3268645847,"sub_type":"normal","user_id":1767247803,"anonymous":null,"group_id":177059996,"message":[{"type":"text","data":{"text":"十连"}}],"message_seq":57662,"font":0,"raw_message":"十连","sender":{"age":0,"area":"","card":"","level":"","nickname":"天使造智能机器人🍎糖","role":"member","sex":"unknown","title":"天使の走狗","user_id":1767247803},"message_id":-1024650733}
 到 http://localhost:8232/hello-robot 失败: Post "http://localhost:8232/hello-robot": dial tcp [::1]:8232: connectex: No connection could be made because the target machine actively refused it. 停止上报：已达重试上限 
[2023-04-30 14:02:23] [WARNING]: 上报 Event 数据 {"post_type":"message","message_type":"group","time":1682834532,"self_id":3268645847,"sub_type":"normal","raw_message":"[CQ:image,file=7e42a5675873a4a09717bc67e8abbc01.image,subType=0,url=https://gchat.qpic.cn/gchatpic_new/3077158477/2167059996-2415604452-7E42A5675873A4A09717BC67E8ABBC01/0?term=2\u0026amp;is_origin=0]","sender":{"age":0,"area":"","card":"","level":"","nickname":"号被gank了","role":"member","sex":"unknown","title":"","user_id":3077158477},"user_id":3077158477,"message_id":-1242946939,"message_seq":57663,"font":0,"group_id":177059996,"message":[{"type":"image","data":{"file":"7e42a5675873a4a09717bc67e8abbc01.image","subType":"0","url":"https://gchat.qpic.cn/gchatpic_new/3077158477/2167059996-2415604452-7E42A5675873A4A09717BC67E8ABBC01/0?term=2\u0026is_origin=0"}}],"anonymous":null}
 到 http://localhost:8232/hello-robot 失败: Post "http://localhost:8232/hello-robot": dial tcp [::1]:8232: connectex: No connection could be made because the target machine actively refused it. 停止上报：已达重试上限 
[2023-04-30 14:04:02] [WARNING]: 上报 Event 数据到 http://localhost:8232/hello-robot 失败: Post "http://localhost:8232/hello-robot": dial tcp [::1]:8232: connectex: No connection could be made because the target machine actively refused it. 将进行第 1 次重试 
[2023-04-30 14:04:06] [WARNING]: 上报 Event 数据到 http://localhost:8232/hello-robot 失败: Post "http://localhost:8232/hello-robot": dial tcp [::1]:8232: connectex: No connection could be made because the target machine actively refused it. 将进行第 2 次重试 
[2023-04-30 14:04:10] [WARNING]: 上报 Event 数据到 http://localhost:8232/hello-robot 失败: Post "http://localhost:8232/hello-robot": dial tcp [::1]:8232: connectex: No connection could be made because the target machine actively refused it. 将进行第 3 次重试 
[2023-04-30 14:04:14] [WARNING]: 上报 Event 数据 {"post_type":"notice","notice_type":"group_recall","time":1682834532,"self_id":3268645847,"group_id":177059996,"user_id":3077158477,"operator_id":3077158477,"message_id":-1242946939}
 到 http://localhost:8232/hello-robot 失败: Post "http://localhost:8232/hello-robot": dial tcp [::1]:8232: connectex: No connection could be made because the target machine actively refused it. 停止上报：已达重试上限 
[2023-04-30 14:13:40] [WARNING]: 上报 Event 数据到 http://localhost:8232/hello-robot 失败: Post "http://localhost:8232/hello-robot": dial tcp [::1]:8232: connectex: No connection could be made because the target machine actively refused it. 将进行第 1 次重试 
[2023-04-30 14:13:41] [WARNING]: 上报 Event 数据到 http://localhost:8232/hello-robot 失败: Post "http://localhost:8232/hello-robot": dial tcp [::1]:8232: connectex: No connection could be made because the target machine actively refused it. 将进行第 1 次重试 
[2023-04-30 14:13:44] [WARNING]: 上报 Event 数据到 http://localhost:8232/hello-robot 失败: Post "http://localhost:8232/hello-robot": dial tcp [::1]:8232: connectex: No connection could be made because the target machine actively refused it. 将进行第 2 次重试 
[2023-04-30 14:13:45] [WARNING]: 上报 Event 数据到 http://localhost:8232/hello-robot 失败: Post "http://localhost:8232/hello-robot": dial tcp [::1]:8232: connectex: No connection could be made because the target machine actively refused it. 将进行第 2 次重试 
[2023-04-30 14:13:48] [WARNING]: 上报 Event 数据到 http://localhost:8232/hello-robot 失败: Post "http://localhost:8232/hello-robot": dial tcp [::1]:8232: connectex: No connection could be made because the target machine actively refused it. 将进行第 3 次重试 
[2023-04-30 14:13:49] [WARNING]: 上报 Event 数据到 http://localhost:8232/hello-robot 失败: Post "http://localhost:8232/hello-robot": dial tcp [::1]:8232: connectex: No connection could be made because the target machine actively refused it. 将进行第 3 次重试 
[2023-04-30 14:13:52] [WARNING]: 上报 Event 数据 {"post_type":"message","message_type":"group","time":1682835221,"self_id":3268645847,"sub_type":"normal","font":0,"group_id":177059996,"raw_message":"十连","sender":{"age":0,"area":"","card":"KAITEN FX MK.0","level":"","nickname":"化作千风","role":"admin","sex":"unknown","title":"支配之恶魔","user_id":2231251507},"user_id":2231251507,"message_id":730773286,"anonymous":null,"message":[{"type":"text","data":{"text":"十连"}}],"message_seq":57664}
 到 http://localhost:8232/hello-robot 失败: Post "http://localhost:8232/hello-robot": dial tcp [::1]:8232: connectex: No connection could be made because the target machine actively refused it. 停止上报：已达重试上限 
[2023-04-30 14:13:53] [WARNING]: 上报 Event 数据 {"post_type":"message","message_type":"group","time":1682835222,"self_id":3268645847,"sub_type":"normal","group_id":177059996,"message":[{"type":"image","data":{"file":"3df3c9180eaef153ad68bf6639f9efef.image","subType":"0","url":"https://gchat.qpic.cn/gchatpic_new/3077158477/2167059996-2401957710-3DF3C9180EAEF153AD68BF6639F9EFEF/0?term=2\u0026is_origin=0"}}],"raw_message":"[CQ:image,file=3df3c9180eaef153ad68bf6639f9efef.image,subType=0,url=https://gchat.qpic.cn/gchatpic_new/3077158477/2167059996-2401957710-3DF3C9180EAEF153AD68BF6639F9EFEF/0?term=2\u0026amp;is_origin=0]","sender":{"age":0,"area":"","card":"","level":"","nickname":"号被gank了","role":"member","sex":"unknown","title":"","user_id":3077158477},"anonymous":null,"font":0,"message_seq":57665,"user_id":3077158477,"message_id":1552517040}
 到 http://localhost:8232/hello-robot 失败: Post "http://localhost:8232/hello-robot": dial tcp [::1]:8232: connectex: No connection could be made because the target machine actively refused it. 停止上报：已达重试上限 
[2023-04-30 14:15:32] [WARNING]: 上报 Event 数据到 http://localhost:8232/hello-robot 失败: Post "http://localhost:8232/hello-robot": dial tcp [::1]:8232: connectex: No connection could be made because the target machine actively refused it. 将进行第 1 次重试 
[2023-04-30 14:15:36] [WARNING]: 上报 Event 数据到 http://localhost:8232/hello-robot 失败: Post "http://localhost:8232/hello-robot": dial tcp [::1]:8232: connectex: No connection could be made because the target machine actively refused it. 将进行第 2 次重试 
[2023-04-30 14:15:39] [WARNING]: 上报 Event 数据到 http://localhost:8232/hello-robot 失败: Post "http://localhost:8232/hello-robot": dial tcp [::1]:8232: connectex: No connection could be made because the target machine actively refused it. 将进行第 3 次重试 
[2023-04-30 14:15:43] [WARNING]: 上报 Event 数据 {"post_type":"notice","notice_type":"group_recall","time":1682835222,"self_id":3268645847,"group_id":177059996,"user_id":3077158477,"operator_id":3077158477,"message_id":1552517040}
 到 http://localhost:8232/hello-robot 失败: Post "http://localhost:8232/hello-robot": dial tcp [::1]:8232: connectex: No connection could be made because the target machine actively refused it. 停止上报：已达重试上限 
[2023-04-30 14:29:13] [WARNING]: 上报 Event 数据到 http://localhost:8232/hello-robot 失败: Post "http://localhost:8232/hello-robot": dial tcp [::1]:8232: connectex: No connection could be made because the target machine actively refused it. 将进行第 1 次重试 
[2023-04-30 14:29:14] [WARNING]: 上报 Event 数据到 http://localhost:8232/hello-robot 失败: Post "http://localhost:8232/hello-robot": dial tcp [::1]:8232: connectex: No connection could be made because the target machine actively refused it. 将进行第 1 次重试 
[2023-04-30 14:29:17] [WARNING]: 上报 Event 数据到 http://localhost:8232/hello-robot 失败: Post "http://localhost:8232/hello-robot": dial tcp [::1]:8232: connectex: No connection could be made because the target machine actively refused it. 将进行第 2 次重试 
[2023-04-30 14:29:18] [WARNING]: 上报 Event 数据到 http://localhost:8232/hello-robot 失败: Post "http://localhost:8232/hello-robot": dial tcp [::1]:8232: connectex: No connection could be made because the target machine actively refused it. 将进行第 2 次重试 
[2023-04-30 14:29:20] [WARNING]: 上报 Event 数据到 http://localhost:8232/hello-robot 失败: Post "http://localhost:8232/hello-robot": dial tcp [::1]:8232: connectex: No connection could be made because the target machine actively refused it. 将进行第 3 次重试 
[2023-04-30 14:29:21] [WARNING]: 上报 Event 数据到 http://localhost:8232/hello-robot 失败: Post "http://localhost:8232/hello-robot": dial tcp [::1]:8232: connectex: No connection could be made because the target machine actively refused it. 将进行第 3 次重试 
[2023-04-30 14:29:24] [WARNING]: 上报 Event 数据 {"post_type":"message","message_type":"group","time":1682836153,"self_id":3268645847,"sub_type":"normal","message_seq":57666,"sender":{"age":0,"area":"","card":"zj","level":"","nickname":"夢のために","role":"admin","sex":"unknown","title":"空美町之主","user_id":2680762618},"user_id":2680762618,"anonymous":null,"font":0,"message":[{"type":"text","data":{"text":"十连"}}],"group_id":177059996,"raw_message":"十连","message_id":-981412342}
 到 http://localhost:8232/hello-robot 失败: Post "http://localhost:8232/hello-robot": dial tcp [::1]:8232: connectex: No connection could be made because the target machine actively refused it. 停止上报：已达重试上限 
[2023-04-30 14:29:25] [WARNING]: 上报 Event 数据 {"post_type":"message","message_type":"group","time":1682836154,"self_id":3268645847,"sub_type":"normal","message_seq":57667,"sender":{"age":0,"area":"","card":"","level":"","nickname":"号被gank了","role":"member","sex":"unknown","title":"","user_id":3077158477},"anonymous":null,"group_id":177059996,"raw_message":"[CQ:image,file=c67650f91508ae11ddf1d324e463b874.image,subType=0,url=https://gchat.qpic.cn/gchatpic_new/3077158477/2167059996-2991046220-C67650F91508AE11DDF1D324E463B874/0?term=2\u0026amp;is_origin=0]","user_id":3077158477,"message_id":-1299716452,"font":0,"message":[{"type":"image","data":{"file":"c67650f91508ae11ddf1d324e463b874.image","subType":"0","url":"https://gchat.qpic.cn/gchatpic_new/3077158477/2167059996-2991046220-C67650F91508AE11DDF1D324E463B874/0?term=2\u0026is_origin=0"}}]}
 到 http://localhost:8232/hello-robot 失败: Post "http://localhost:8232/hello-robot": dial tcp [::1]:8232: connectex: No connection could be made because the target machine actively refused it. 停止上报：已达重试上限 
[2023-04-30 14:29:45] [WARNING]: 上报 Event 数据到 http://localhost:8232/hello-robot 失败: Post "http://localhost:8232/hello-robot": dial tcp [::1]:8232: connectex: No connection could be made because the target machine actively refused it. 将进行第 1 次重试 
[2023-04-30 14:29:45] [WARNING]: 上报 Event 数据到 http://localhost:8232/hello-robot 失败: Post "http://localhost:8232/hello-robot": dial tcp [::1]:8232: connectex: No connection could be made because the target machine actively refused it. 将进行第 1 次重试 
[2023-04-30 14:29:48] [WARNING]: 上报 Event 数据到 http://localhost:8232/hello-robot 失败: Post "http://localhost:8232/hello-robot": dial tcp [::1]:8232: connectex: No connection could be made because the target machine actively refused it. 将进行第 2 次重试 
[2023-04-30 14:29:49] [WARNING]: 上报 Event 数据到 http://localhost:8232/hello-robot 失败: Post "http://localhost:8232/hello-robot": dial tcp [::1]:8232: connectex: No connection could be made because the target machine actively refused it. 将进行第 2 次重试 
[2023-04-30 14:29:52] [WARNING]: 上报 Event 数据到 http://localhost:8232/hello-robot 失败: Post "http://localhost:8232/hello-robot": dial tcp [::1]:8232: connectex: No connection could be made because the target machine actively refused it. 将进行第 3 次重试 
[2023-04-30 14:29:53] [WARNING]: 上报 Event 数据到 http://localhost:8232/hello-robot 失败: Post "http://localhost:8232/hello-robot": dial tcp [::1]:8232: connectex: No connection could be made because the target machine actively refused it. 将进行第 3 次重试 
[2023-04-30 14:29:56] [WARNING]: 上报 Event 数据 {"post_type":"message","message_type":"group","time":1682836185,"self_id":3268645847,"sub_type":"normal","user_id":3412780446,"anonymous":null,"font":0,"message_seq":57668,"raw_message":"十连","group_id":177059996,"message":[{"type":"text","data":{"text":"十连"}}],"sender":{"age":0,"area":"","card":"","level":"","nickname":"Ranger","role":"member","sex":"unknown","title":"","user_id":3412780446},"message_id":574159629}
 到 http://localhost:8232/hello-robot 失败: Post "http://localhost:8232/hello-robot": dial tcp [::1]:8232: connectex: No connection could be made because the target machine actively refused it. 停止上报：已达重试上限 
[2023-04-30 14:29:57] [WARNING]: 上报 Event 数据 {"post_type":"message","message_type":"group","time":1682836186,"self_id":3268645847,"sub_type":"normal","anonymous":null,"font":0,"group_id":177059996,"message_seq":57669,"raw_message":"[CQ:image,file=7ebeb16a8e824107fd0cd49db1c43b1d.image,subType=0,url=https://gchat.qpic.cn/gchatpic_new/3077158477/2167059996-3027786036-7EBEB16A8E824107FD0CD49DB1C43B1D/0?term=2\u0026amp;is_origin=0]","message_id":1430244251,"message":[{"type":"image","data":{"file":"7ebeb16a8e824107fd0cd49db1c43b1d.image","subType":"0","url":"https://gchat.qpic.cn/gchatpic_new/3077158477/2167059996-3027786036-7EBEB16A8E824107FD0CD49DB1C43B1D/0?term=2\u0026is_origin=0"}}],"sender":{"age":0,"area":"","card":"","level":"","nickname":"号被gank了","role":"member","sex":"unknown","title":"","user_id":3077158477},"user_id":3077158477}
 到 http://localhost:8232/hello-robot 失败: Post "http://localhost:8232/hello-robot": dial tcp [::1]:8232: connectex: No connection could be made because the target machine actively refused it. 停止上报：已达重试上限 
[2023-04-30 14:31:04] [WARNING]: 上报 Event 数据到 http://localhost:8232/hello-robot 失败: Post "http://localhost:8232/hello-robot": dial tcp [::1]:8232: connectex: No connection could be made because the target machine actively refused it. 将进行第 1 次重试 
[2023-04-30 14:31:08] [WARNING]: 上报 Event 数据到 http://localhost:8232/hello-robot 失败: Post "http://localhost:8232/hello-robot": dial tcp [::1]:8232: connectex: No connection could be made because the target machine actively refused it. 将进行第 2 次重试 
[2023-04-30 14:31:12] [WARNING]: 上报 Event 数据到 http://localhost:8232/hello-robot 失败: Post "http://localhost:8232/hello-robot": dial tcp [::1]:8232: connectex: No connection could be made because the target machine actively refused it. 将进行第 3 次重试 
[2023-04-30 14:31:16] [WARNING]: 上报 Event 数据 {"post_type":"notice","notice_type":"group_recall","time":1682836154,"self_id":3268645847,"user_id":3077158477,"operator_id":3077158477,"message_id":-1299716452,"group_id":177059996}
 到 http://localhost:8232/hello-robot 失败: Post "http://localhost:8232/hello-robot": dial tcp [::1]:8232: connectex: No connection could be made because the target machine actively refused it. 停止上报：已达重试上限 
[2023-04-30 14:31:21] [WARNING]: 上报 Event 数据到 http://localhost:8232/hello-robot 失败: Post "http://localhost:8232/hello-robot": dial tcp [::1]:8232: connectex: No connection could be made because the target machine actively refused it. 将进行第 1 次重试 
[2023-04-30 14:31:24] [WARNING]: 上报 Event 数据到 http://localhost:8232/hello-robot 失败: Post "http://localhost:8232/hello-robot": dial tcp [::1]:8232: connectex: No connection could be made because the target machine actively refused it. 将进行第 2 次重试 
[2023-04-30 14:31:28] [WARNING]: 上报 Event 数据到 http://localhost:8232/hello-robot 失败: Post "http://localhost:8232/hello-robot": dial tcp [::1]:8232: connectex: No connection could be made because the target machine actively refused it. 将进行第 3 次重试 
[2023-04-30 14:31:32] [WARNING]: 上报 Event 数据 {"post_type":"message","message_type":"group","time":1682836281,"self_id":3268645847,"sub_type":"normal","anonymous":null,"font":0,"group_id":177059996,"message":[{"type":"text","data":{"text":"👍"}}],"message_seq":57670,"sender":{"age":0,"area":"","card":"魙","level":"","nickname":"ティル","role":"member","sex":"unknown","title":"","user_id":3378718144},"raw_message":"👍","user_id":3378718144,"message_id":905462398}
 到 http://localhost:8232/hello-robot 失败: Post "http://localhost:8232/hello-robot": dial tcp [::1]:8232: connectex: No connection could be made because the target machine actively refused it. 停止上报：已达重试上限 
[2023-04-30 15:01:32] [WARNING]: 上报 Event 数据到 http://localhost:8232/hello-robot 失败: Post "http://localhost:8232/hello-robot": dial tcp [::1]:8232: connectex: No connection could be made because the target machine actively refused it. 将进行第 1 次重试 
[2023-04-30 15:01:36] [WARNING]: 上报 Event 数据到 http://localhost:8232/hello-robot 失败: Post "http://localhost:8232/hello-robot": dial tcp [::1]:8232: connectex: No connection could be made because the target machine actively refused it. 将进行第 2 次重试 
[2023-04-30 15:01:40] [WARNING]: 上报 Event 数据到 http://localhost:8232/hello-robot 失败: Post "http://localhost:8232/hello-robot": dial tcp [::1]:8232: connectex: No connection could be made because the target machine actively refused it. 将进行第 3 次重试 
[2023-04-30 15:01:44] [WARNING]: 上报 Event 数据 {"post_type":"message","message_type":"group","time":1682838093,"self_id":3268645847,"sub_type":"normal","group_id":177059996,"message":[{"type":"text","data":{"text":"真 圣地巡礼"}},{"type":"image","data":{"file":"bb111f317bbf86305c055c1a6e3b59e3.image","subType":"0","url":"https://gchat.qpic.cn/gchatpic_new/3412780446/2167059996-2633094174-BB111F317BBF86305C055C1A6E3B59E3/0?term=2\u0026is_origin=0"}},{"type":"image","data":{"file":"2a596e95c9654fae81e4962d46864ce4.image","subType":"0","url":"https://gchat.qpic.cn/gchatpic_new/3412780446/2167059996-3149084586-2A596E95C9654FAE81E4962D46864CE4/0?term=2\u0026is_origin=0"}},{"type":"image","data":{"file":"c835a9b5c8d164a62bf3498762dcb327.image","subType":"0","url":"https://gchat.qpic.cn/gchatpic_new/3412780446/2167059996-2300381588-C835A9B5C8D164A62BF3498762DCB327/0?term=2\u0026is_origin=0"}}],"message_seq":57671,"message_id":1124037352,"font":0,"raw_message":"真 圣地巡礼[CQ:image,file=bb111f317bbf86305c055c1a6e3b59e3.image,subType=0,url=https://gchat.qpic.cn/gchatpic_new/3412780446/2167059996-2633094174-BB111F317BBF86305C055C1A6E3B59E3/0?term=2\u0026amp;is_origin=0][CQ:image,file=2a596e95c9654fae81e4962d46864ce4.image,subType=0,url=https://gchat.qpic.cn/gchatpic_new/3412780446/2167059996-3149084586-2A596E95C9654FAE81E4962D46864CE4/0?term=2\u0026amp;is_origin=0][CQ:image,file=c835a9b5c8d164a62bf3498762dcb327.image,subType=0,url=https://gchat.qpic.cn/gchatpic_new/3412780446/2167059996-2300381588-C835A9B5C8D164A62BF3498762DCB327/0?term=2\u0026amp;is_origin=0]","sender":{"age":0,"area":"","card":"","level":"","nickname":"Ranger","role":"member","sex":"unknown","title":"","user_id":3412780446},"user_id":3412780446,"anonymous":null}
 到 http://localhost:8232/hello-robot 失败: Post "http://localhost:8232/hello-robot": dial tcp [::1]:8232: connectex: No connection could be made because the target machine actively refused it. 停止上报：已达重试上限 
[2023-04-30 15:05:01] [WARNING]: 上报 Event 数据到 http://localhost:8232/hello-robot 失败: Post "http://localhost:8232/hello-robot": dial tcp [::1]:8232: connectex: No connection could be made because the target machine actively refused it. 将进行第 1 次重试 
[2023-04-30 15:05:05] [WARNING]: 上报 Event 数据到 http://localhost:8232/hello-robot 失败: Post "http://localhost:8232/hello-robot": dial tcp [::1]:8232: connectex: No connection could be made because the target machine actively refused it. 将进行第 2 次重试 
[2023-04-30 15:05:08] [WARNING]: 上报 Event 数据到 http://localhost:8232/hello-robot 失败: Post "http://localhost:8232/hello-robot": dial tcp [::1]:8232: connectex: No connection could be made because the target machine actively refused it. 将进行第 3 次重试 
[2023-04-30 15:05:12] [WARNING]: 上报 Event 数据 {"post_type":"message","message_type":"group","time":1682838301,"self_id":3268645847,"sub_type":"normal","raw_message":"石库门！[CQ:face,id=180]","sender":{"age":0,"area":"","card":"群闪闪，不时愉悦群友","level":"","nickname":"光の羁绊","role":"member","sex":"unknown","title":"","user_id":2775710144},"user_id":2775710144,"message_id":-604626094,"anonymous":null,"font":0,"group_id":177059996,"message":[{"type":"text","data":{"text":"石库门！"}},{"type":"face","data":{"id":"180"}}],"message_seq":57672}
 到 http://localhost:8232/hello-robot 失败: Post "http://localhost:8232/hello-robot": dial tcp [::1]:8232: connectex: No connection could be made because the target machine actively refused it. 停止上报：已达重试上限 
[2023-04-30 15:40:50] [WARNING]: 上报 Event 数据到 http://localhost:8232/hello-robot 失败: Post "http://localhost:8232/hello-robot": dial tcp [::1]:8232: connectex: No connection could be made because the target machine actively refused it. 将进行第 1 次重试 
[2023-04-30 15:40:54] [WARNING]: 上报 Event 数据到 http://localhost:8232/hello-robot 失败: Post "http://localhost:8232/hello-robot": dial tcp [::1]:8232: connectex: No connection could be made because the target machine actively refused it. 将进行第 2 次重试 
[2023-04-30 15:40:58] [WARNING]: 上报 Event 数据到 http://localhost:8232/hello-robot 失败: Post "http://localhost:8232/hello-robot": dial tcp [::1]:8232: connectex: No connection could be made because the target machine actively refused it. 将进行第 3 次重试 
[2023-04-30 15:41:02] [WARNING]: 上报 Event 数据 {"post_type":"message","message_type":"group","time":1682840450,"self_id":3268645847,"sub_type":"normal","font":0,"group_id":177059996,"message":[{"type":"json","data":{"data":"{\"app\":\"com.tencent.multimsg\",\"desc\":\"[聊天记录]\",\"bizsrc\":\"\",\"view\":\"contact\",\"ver\":\"0.0.0.5\",\"prompt\":\"[聊天记录]\",\"meta\":{\"detail\":{\"news\":[{\"text\":\"小C营业(B站 唐小C...:  这波商家属实是爆杀仙女了\"},{\"text\":\"小C营业(B站 唐小C...:  [聊天记录]\"}],\"uniseq\":\"7227744693196418700\",\"resid\":\"yXwQRJMu7oxIT9LvjqOhvEvp+UTO\\/SXUI+GVrEcF+\\/4x3YBONLg0gnJd+DDm53ON\",\"summary\":\"查看2条转发消息\",\"source\":\"小C营业(B站 唐小C_C的聊天记录\"}},\"config\":{\"round\":1,\"forward\":1,\"autosize\":1,\"type\":\"normal\",\"width\":300}}"}}],"message_seq":57673,"sender":{"age":0,"area":"","card":"zj","level":"","nickname":"夢のために","role":"admin","sex":"unknown","title":"空美町之主","user_id":2680762618},"anonymous":null,"user_id":2680762618,"message_id":-1393486908,"raw_message":"[CQ:json,data={\"app\":\"com.tencent.multimsg\"\u0026#44;\"desc\":\"\u0026#91;聊天记录\u0026#93;\"\u0026#44;\"bizsrc\":\"\"\u0026#44;\"view\":\"contact\"\u0026#44;\"ver\":\"0.0.0.5\"\u0026#44;\"prompt\":\"\u0026#91;聊天记录\u0026#93;\"\u0026#44;\"meta\":{\"detail\":{\"news\":\u0026#91;{\"text\":\"小C营业(B站 唐小C...:  这波商家属实是爆杀仙女了\"}\u0026#44;{\"text\":\"小C营业(B站 唐小C...:  \u0026#91;聊天记录\u0026#93;\"}\u0026#93;\u0026#44;\"uniseq\":\"7227744693196418700\"\u0026#44;\"resid\":\"yXwQRJMu7oxIT9LvjqOhvEvp+UTO\\/SXUI+GVrEcF+\\/4x3YBONLg0gnJd+DDm53ON\"\u0026#44;\"summary\":\"查看2条转发消息\"\u0026#44;\"source\":\"小C营业(B站 唐小C_C的聊天记录\"}}\u0026#44;\"config\":{\"round\":1\u0026#44;\"forward\":1\u0026#44;\"autosize\":1\u0026#44;\"type\":\"normal\"\u0026#44;\"width\":300}}]"}
 到 http://localhost:8232/hello-robot 失败: Post "http://localhost:8232/hello-robot": dial tcp [::1]:8232: connectex: No connection could be made because the target machine actively refused it. 停止上报：已达重试上限 
[2023-04-30 19:10:24] [WARNING]: Protocol -> device lock is disable. http api may fail. 
[2023-04-30 19:10:31] [WARNING]: 警告: 心跳功能已关闭，若非预期，请检查配置文件。 
[2023-04-30 23:32:46] [WARNING]: Protocol -> device lock is disable. http api may fail. 
[2023-04-30 23:32:53] [WARNING]: 警告: 心跳功能已关闭，若非预期，请检查配置文件。 
[2023-04-30 23:41:09] [ERROR]: Protocol -> unexpected disconnect: read tcp 192.168.43.209:53893->220.194.118.217:8080: wsarecv: A connection attempt failed because the connected party did not properly respond after a period of time, or established connection failed because connected host has failed to respond. 
[2023-04-30 23:41:09] [ERROR]: Protocol -> connect server error: dial tcp error: dial tcp 59.83.207.234:8080: connectex: A socket operation was attempted to an unreachable host. 
[2023-04-30 23:41:09] [ERROR]: Protocol -> connect server error: dial tcp error: dial tcp 59.83.207.234:8080: connectex: A socket operation was attempted to an unreachable host. 
[2023-04-30 23:41:09] [WARNING]: Bot已离线: connection dropped by server. 
[2023-04-30 23:41:12] [WARNING]: 将在 3 秒后尝试重连. 重连次数：2/0 
[2023-04-30 23:41:15] [WARNING]: 尝试重连... 
[2023-04-30 23:41:15] [ERROR]: Protocol -> connect server error: dial tcp error: dial tcp 60.29.238.126:8080: connectex: A socket operation was attempted to an unreachable host. 
[2023-04-30 23:41:15] [WARNING]: 快速重连失败: dial tcp error: dial tcp 60.29.238.126:8080: connectex: A socket operation was attempted to an unreachable host. 
[2023-04-30 23:41:15] [WARNING]: 快速重连失败, 尝试普通登录. 这可能是因为其他端强行T下线导致的. 
[2023-04-30 23:41:16] [ERROR]: Protocol -> connect server error: dial tcp error: dial tcp 157.148.54.170:80: connectex: A socket operation was attempted to an unreachable host. 
[2023-04-30 23:41:16] [ERROR]: 登录时发生致命错误: dial tcp error: dial tcp 157.148.54.170:80: connectex: A socket operation was attempted to an unreachable host. 
[2023-04-30 23:41:16] [WARNING]: 将在 3 秒后尝试重连. 重连次数：3/0 
[2023-04-30 23:41:19] [WARNING]: 尝试重连... 
[2023-04-30 23:41:19] [ERROR]: Protocol -> connect server error: dial tcp error: dial tcp 112.86.231.192:14000: connectex: A socket operation was attempted to an unreachable host. 
[2023-04-30 23:41:19] [WARNING]: 快速重连失败: dial tcp error: dial tcp 112.86.231.192:14000: connectex: A socket operation was attempted to an unreachable host. 
[2023-04-30 23:41:19] [WARNING]: 快速重连失败, 尝试普通登录. 这可能是因为其他端强行T下线导致的. 
[2023-04-30 23:41:20] [ERROR]: Protocol -> connect server error: dial tcp error: dial tcp 116.130.229.191:443: connectex: A socket operation was attempted to an unreachable host. 
[2023-04-30 23:41:20] [ERROR]: 登录时发生致命错误: dial tcp error: dial tcp 116.130.229.191:443: connectex: A socket operation was attempted to an unreachable host. 
[2023-04-30 23:41:20] [WARNING]: 将在 3 秒后尝试重连. 重连次数：4/0 
[2023-04-30 23:41:23] [WARNING]: 尝试重连... 
[2023-04-30 23:41:23] [ERROR]: Protocol -> connect server error: dial tcp error: dial tcp 163.177.30.32:80: connectex: A socket operation was attempted to an unreachable host. 
[2023-04-30 23:41:23] [WARNING]: 快速重连失败: dial tcp error: dial tcp 163.177.30.32:80: connectex: A socket operation was attempted to an unreachable host. 
[2023-04-30 23:41:23] [WARNING]: 快速重连失败, 尝试普通登录. 这可能是因为其他端强行T下线导致的. 
[2023-04-30 23:41:24] [ERROR]: Protocol -> connect server error: dial tcp error: dial tcp 59.83.207.254:80: connectex: A socket operation was attempted to an unreachable host. 
[2023-04-30 23:41:24] [ERROR]: 登录时发生致命错误: dial tcp error: dial tcp 59.83.207.254:80: connectex: A socket operation was attempted to an unreachable host. 
[2023-04-30 23:41:24] [WARNING]: 将在 3 秒后尝试重连. 重连次数：5/0 
[2023-04-30 23:41:27] [WARNING]: 尝试重连... 
[2023-04-30 23:41:27] [ERROR]: Protocol -> connect server error: dial tcp error: dial tcp 116.130.229.172:80: connectex: A socket operation was attempted to an unreachable host. 
[2023-04-30 23:41:27] [WARNING]: 快速重连失败: dial tcp error: dial tcp 116.130.229.172:80: connectex: A socket operation was attempted to an unreachable host. 
[2023-04-30 23:41:27] [WARNING]: 快速重连失败, 尝试普通登录. 这可能是因为其他端强行T下线导致的. 
[2023-04-30 23:41:28] [ERROR]: Protocol -> connect server error: dial tcp error: dial tcp 220.194.118.217:8080: connectex: A socket operation was attempted to an unreachable host. 
[2023-04-30 23:41:28] [ERROR]: 登录时发生致命错误: dial tcp error: dial tcp 220.194.118.217:8080: connectex: A socket operation was attempted to an unreachable host. 
[2023-04-30 23:41:28] [WARNING]: 将在 3 秒后尝试重连. 重连次数：6/0 
[2023-04-30 23:41:31] [WARNING]: 尝试重连... 
[2023-04-30 23:41:31] [ERROR]: Protocol -> connect server error: dial tcp error: dial tcp 220.194.118.230:8080: connectex: A socket operation was attempted to an unreachable host. 
[2023-04-30 23:41:31] [WARNING]: 快速重连失败: dial tcp error: dial tcp 220.194.118.230:8080: connectex: A socket operation was attempted to an unreachable host. 
[2023-04-30 23:41:31] [WARNING]: 快速重连失败, 尝试普通登录. 这可能是因为其他端强行T下线导致的. 
[2023-04-30 23:41:32] [ERROR]: Protocol -> connect server error: dial tcp error: dial tcp 60.29.238.126:8080: connectex: A socket operation was attempted to an unreachable host. 
[2023-04-30 23:41:32] [ERROR]: 登录时发生致命错误: dial tcp error: dial tcp 60.29.238.126:8080: connectex: A socket operation was attempted to an unreachable host. 
[2023-04-30 23:41:32] [WARNING]: 将在 3 秒后尝试重连. 重连次数：7/0 
[2023-04-30 23:41:35] [WARNING]: 尝试重连... 
[2023-04-30 23:41:35] [ERROR]: Protocol -> connect server error: dial tcp error: dial tcp 60.29.240.116:8080: connectex: A socket operation was attempted to an unreachable host. 
[2023-04-30 23:41:35] [WARNING]: 快速重连失败: dial tcp error: dial tcp 60.29.240.116:8080: connectex: A socket operation was attempted to an unreachable host. 
[2023-04-30 23:41:35] [WARNING]: 快速重连失败, 尝试普通登录. 这可能是因为其他端强行T下线导致的. 
[2023-04-30 23:41:36] [ERROR]: Protocol -> connect server error: dial tcp error: dial tcp 60.29.240.116:80: connectex: A socket operation was attempted to an unreachable host. 
[2023-04-30 23:41:36] [ERROR]: 登录时发生致命错误: dial tcp error: dial tcp 60.29.240.116:80: connectex: A socket operation was attempted to an unreachable host. 
[2023-04-30 23:41:36] [WARNING]: 将在 3 秒后尝试重连. 重连次数：8/0 
[2023-04-30 23:41:39] [WARNING]: 尝试重连... 
[2023-04-30 23:41:39] [ERROR]: Protocol -> connect server error: dial tcp error: dial tcp 116.130.229.232:8080: connectex: A socket operation was attempted to an unreachable host. 
[2023-04-30 23:41:39] [WARNING]: 快速重连失败: dial tcp error: dial tcp 116.130.229.232:8080: connectex: A socket operation was attempted to an unreachable host. 
[2023-04-30 23:41:39] [WARNING]: 快速重连失败, 尝试普通登录. 这可能是因为其他端强行T下线导致的. 
[2023-04-30 23:41:40] [ERROR]: Protocol -> connect server error: dial tcp error: dial tcp 60.29.238.126:14000: connectex: A socket operation was attempted to an unreachable host. 
[2023-04-30 23:41:40] [ERROR]: 登录时发生致命错误: dial tcp error: dial tcp 60.29.238.126:14000: connectex: A socket operation was attempted to an unreachable host. 
[2023-04-30 23:41:40] [WARNING]: 将在 3 秒后尝试重连. 重连次数：9/0 
[2023-04-30 23:41:43] [WARNING]: 尝试重连... 
[2023-04-30 23:41:43] [ERROR]: Protocol -> connect server error: dial tcp error: dial tcp 116.130.229.178:8080: connectex: A socket operation was attempted to an unreachable host. 
[2023-04-30 23:41:43] [WARNING]: 快速重连失败: dial tcp error: dial tcp 116.130.229.178:8080: connectex: A socket operation was attempted to an unreachable host. 
[2023-04-30 23:41:43] [WARNING]: 快速重连失败, 尝试普通登录. 这可能是因为其他端强行T下线导致的. 
[2023-04-30 23:41:44] [ERROR]: Protocol -> connect server error: dial tcp error: dial tcp 116.130.229.12:8080: connectex: A socket operation was attempted to an unreachable host. 
[2023-04-30 23:41:44] [ERROR]: 登录时发生致命错误: dial tcp error: dial tcp 116.130.229.12:8080: connectex: A socket operation was attempted to an unreachable host. 
[2023-04-30 23:41:44] [WARNING]: 将在 3 秒后尝试重连. 重连次数：10/0 
[2023-04-30 23:41:47] [WARNING]: 尝试重连... 
[2023-04-30 23:41:47] [ERROR]: Protocol -> connect server error: dial tcp error: dial tcp 220.194.118.217:14000: connectex: A socket operation was attempted to an unreachable host. 
[2023-04-30 23:41:47] [WARNING]: 快速重连失败: dial tcp error: dial tcp 220.194.118.217:14000: connectex: A socket operation was attempted to an unreachable host. 
[2023-04-30 23:41:47] [WARNING]: 快速重连失败, 尝试普通登录. 这可能是因为其他端强行T下线导致的. 
[2023-04-30 23:41:48] [ERROR]: 登录时发生致命错误: All servers are unreachable 
[2023-04-30 23:41:48] [WARNING]: 将在 3 秒后尝试重连. 重连次数：11/0 
[2023-04-30 23:41:51] [WARNING]: 尝试重连... 
[2023-04-30 23:41:51] [WARNING]: 快速重连失败: All servers are unreachable 
[2023-04-30 23:41:51] [WARNING]: 快速重连失败, 尝试普通登录. 这可能是因为其他端强行T下线导致的. 
[2023-04-30 23:41:52] [ERROR]: 登录时发生致命错误: All servers are unreachable 
[2023-04-30 23:41:52] [WARNING]: 将在 3 秒后尝试重连. 重连次数：12/0 
[2023-04-30 23:41:55] [WARNING]: 尝试重连... 
[2023-04-30 23:41:55] [WARNING]: 快速重连失败: All servers are unreachable 
[2023-04-30 23:41:55] [WARNING]: 快速重连失败, 尝试普通登录. 这可能是因为其他端强行T下线导致的. 
[2023-04-30 23:41:56] [ERROR]: 登录时发生致命错误: All servers are unreachable 
[2023-04-30 23:41:56] [WARNING]: 将在 3 秒后尝试重连. 重连次数：13/0 
[2023-04-30 23:41:59] [WARNING]: 尝试重连... 
[2023-04-30 23:41:59] [WARNING]: 快速重连失败: All servers are unreachable 
[2023-04-30 23:41:59] [WARNING]: 快速重连失败, 尝试普通登录. 这可能是因为其他端强行T下线导致的. 
[2023-04-30 23:42:00] [ERROR]: 登录时发生致命错误: All servers are unreachable 
[2023-04-30 23:42:00] [WARNING]: 将在 3 秒后尝试重连. 重连次数：14/0 
[2023-04-30 23:42:03] [WARNING]: 尝试重连... 
[2023-04-30 23:42:03] [WARNING]: 快速重连失败: All servers are unreachable 
[2023-04-30 23:42:03] [WARNING]: 快速重连失败, 尝试普通登录. 这可能是因为其他端强行T下线导致的. 
[2023-04-30 23:42:04] [ERROR]: 登录时发生致命错误: All servers are unreachable 
[2023-04-30 23:42:04] [WARNING]: 将在 3 秒后尝试重连. 重连次数：15/0 
[2023-04-30 23:42:07] [WARNING]: 尝试重连... 
[2023-04-30 23:42:07] [WARNING]: 快速重连失败: All servers are unreachable 
[2023-04-30 23:42:07] [WARNING]: 快速重连失败, 尝试普通登录. 这可能是因为其他端强行T下线导致的. 
[2023-04-30 23:42:08] [ERROR]: 登录时发生致命错误: All servers are unreachable 
[2023-04-30 23:42:08] [WARNING]: 将在 3 秒后尝试重连. 重连次数：16/0 
[2023-04-30 23:42:11] [WARNING]: 尝试重连... 
[2023-04-30 23:42:11] [WARNING]: 快速重连失败: All servers are unreachable 
[2023-04-30 23:42:11] [WARNING]: 快速重连失败, 尝试普通登录. 这可能是因为其他端强行T下线导致的. 
[2023-04-30 23:42:12] [ERROR]: 登录时发生致命错误: All servers are unreachable 
[2023-04-30 23:42:12] [WARNING]: 将在 3 秒后尝试重连. 重连次数：17/0 
[2023-04-30 23:42:15] [WARNING]: 尝试重连... 
[2023-04-30 23:42:15] [WARNING]: 快速重连失败: All servers are unreachable 
[2023-04-30 23:42:15] [WARNING]: 快速重连失败, 尝试普通登录. 这可能是因为其他端强行T下线导致的. 
[2023-04-30 23:42:17] [ERROR]: 登录时发生致命错误: All servers are unreachable 
[2023-04-30 23:42:17] [WARNING]: 将在 3 秒后尝试重连. 重连次数：18/0 
[2023-04-30 23:42:20] [WARNING]: 尝试重连... 
[2023-04-30 23:42:20] [WARNING]: 快速重连失败: All servers are unreachable 
[2023-04-30 23:42:20] [WARNING]: 快速重连失败, 尝试普通登录. 这可能是因为其他端强行T下线导致的. 
[2023-04-30 23:42:21] [ERROR]: 登录时发生致命错误: All servers are unreachable 
[2023-04-30 23:42:21] [WARNING]: 将在 3 秒后尝试重连. 重连次数：19/0 
[2023-04-30 23:42:24] [WARNING]: 尝试重连... 
[2023-04-30 23:42:24] [WARNING]: 快速重连失败: All servers are unreachable 
[2023-04-30 23:42:24] [WARNING]: 快速重连失败, 尝试普通登录. 这可能是因为其他端强行T下线导致的. 
[2023-04-30 23:42:25] [ERROR]: 登录时发生致命错误: All servers are unreachable 
[2023-04-30 23:42:25] [WARNING]: 将在 3 秒后尝试重连. 重连次数：20/0 
[2023-04-30 23:42:28] [WARNING]: 尝试重连... 
[2023-04-30 23:42:28] [WARNING]: 快速重连失败: All servers are unreachable 
[2023-04-30 23:42:28] [WARNING]: 快速重连失败, 尝试普通登录. 这可能是因为其他端强行T下线导致的. 
[2023-04-30 23:42:29] [ERROR]: 登录时发生致命错误: All servers are unreachable 
[2023-04-30 23:42:29] [WARNING]: 将在 3 秒后尝试重连. 重连次数：21/0 
[2023-04-30 23:42:32] [WARNING]: 尝试重连... 
[2023-04-30 23:42:32] [WARNING]: 快速重连失败: All servers are unreachable 
[2023-04-30 23:42:32] [WARNING]: 快速重连失败, 尝试普通登录. 这可能是因为其他端强行T下线导致的. 
[2023-04-30 23:42:33] [ERROR]: 登录时发生致命错误: All servers are unreachable 
[2023-04-30 23:42:33] [WARNING]: 将在 3 秒后尝试重连. 重连次数：22/0 
[2023-04-30 23:42:36] [WARNING]: 尝试重连... 
[2023-04-30 23:42:36] [WARNING]: 快速重连失败: All servers are unreachable 
[2023-04-30 23:42:36] [WARNING]: 快速重连失败, 尝试普通登录. 这可能是因为其他端强行T下线导致的. 
[2023-04-30 23:42:37] [ERROR]: 登录时发生致命错误: All servers are unreachable 
[2023-04-30 23:42:37] [WARNING]: 将在 3 秒后尝试重连. 重连次数：23/0 
[2023-04-30 23:42:40] [WARNING]: 尝试重连... 
[2023-04-30 23:42:40] [WARNING]: 快速重连失败: All servers are unreachable 
[2023-04-30 23:42:40] [WARNING]: 快速重连失败, 尝试普通登录. 这可能是因为其他端强行T下线导致的. 
[2023-04-30 23:42:41] [ERROR]: 登录时发生致命错误: All servers are unreachable 
[2023-04-30 23:42:41] [WARNING]: 将在 3 秒后尝试重连. 重连次数：24/0 
[2023-04-30 23:42:44] [WARNING]: 尝试重连... 
[2023-04-30 23:42:44] [WARNING]: 快速重连失败: All servers are unreachable 
[2023-04-30 23:42:44] [WARNING]: 快速重连失败, 尝试普通登录. 这可能是因为其他端强行T下线导致的. 
[2023-04-30 23:42:45] [ERROR]: 登录时发生致命错误: All servers are unreachable 
[2023-04-30 23:42:45] [WARNING]: 将在 3 秒后尝试重连. 重连次数：25/0 
[2023-04-30 23:42:48] [WARNING]: 尝试重连... 
[2023-04-30 23:42:48] [WARNING]: 快速重连失败: All servers are unreachable 
[2023-04-30 23:42:48] [WARNING]: 快速重连失败, 尝试普通登录. 这可能是因为其他端强行T下线导致的. 
[2023-04-30 23:42:49] [ERROR]: 登录时发生致命错误: All servers are unreachable 
[2023-04-30 23:42:49] [WARNING]: 将在 3 秒后尝试重连. 重连次数：26/0 
[2023-04-30 23:42:52] [WARNING]: 尝试重连... 
[2023-04-30 23:42:52] [WARNING]: 快速重连失败: All servers are unreachable 
[2023-04-30 23:42:52] [WARNING]: 快速重连失败, 尝试普通登录. 这可能是因为其他端强行T下线导致的. 
[2023-04-30 23:42:53] [ERROR]: 登录时发生致命错误: All servers are unreachable 
[2023-04-30 23:42:53] [WARNING]: 将在 3 秒后尝试重连. 重连次数：27/0 
[2023-04-30 23:42:56] [WARNING]: 尝试重连... 
[2023-04-30 23:42:56] [WARNING]: 快速重连失败: All servers are unreachable 
[2023-04-30 23:42:56] [WARNING]: 快速重连失败, 尝试普通登录. 这可能是因为其他端强行T下线导致的. 
[2023-04-30 23:42:57] [ERROR]: 登录时发生致命错误: All servers are unreachable 
[2023-04-30 23:42:57] [WARNING]: 将在 3 秒后尝试重连. 重连次数：28/0 
[2023-04-30 23:43:00] [WARNING]: 尝试重连... 
[2023-04-30 23:43:00] [WARNING]: 快速重连失败: All servers are unreachable 
[2023-04-30 23:43:00] [WARNING]: 快速重连失败, 尝试普通登录. 这可能是因为其他端强行T下线导致的. 
[2023-04-30 23:43:01] [ERROR]: 登录时发生致命错误: All servers are unreachable 
[2023-04-30 23:43:01] [WARNING]: 将在 3 秒后尝试重连. 重连次数：29/0 
[2023-04-30 23:43:04] [WARNING]: 尝试重连... 
[2023-04-30 23:43:04] [WARNING]: 快速重连失败: All servers are unreachable 
[2023-04-30 23:43:04] [WARNING]: 快速重连失败, 尝试普通登录. 这可能是因为其他端强行T下线导致的. 
[2023-04-30 23:43:05] [ERROR]: 登录时发生致命错误: All servers are unreachable 
[2023-04-30 23:43:05] [WARNING]: 将在 3 秒后尝试重连. 重连次数：30/0 
[2023-04-30 23:43:08] [WARNING]: 尝试重连... 
[2023-04-30 23:43:08] [WARNING]: 快速重连失败: All servers are unreachable 
[2023-04-30 23:43:08] [WARNING]: 快速重连失败, 尝试普通登录. 这可能是因为其他端强行T下线导致的. 
[2023-04-30 23:43:09] [ERROR]: 登录时发生致命错误: All servers are unreachable 
[2023-04-30 23:43:09] [WARNING]: 将在 3 秒后尝试重连. 重连次数：31/0 
[2023-04-30 23:43:12] [WARNING]: 尝试重连... 
[2023-04-30 23:43:12] [WARNING]: 快速重连失败: All servers are unreachable 
[2023-04-30 23:43:12] [WARNING]: 快速重连失败, 尝试普通登录. 这可能是因为其他端强行T下线导致的. 
[2023-04-30 23:43:13] [ERROR]: 登录时发生致命错误: All servers are unreachable 
[2023-04-30 23:43:13] [WARNING]: 将在 3 秒后尝试重连. 重连次数：32/0 
[2023-04-30 23:43:16] [WARNING]: 尝试重连... 
[2023-04-30 23:43:16] [WARNING]: 快速重连失败: All servers are unreachable 
[2023-04-30 23:43:16] [WARNING]: 快速重连失败, 尝试普通登录. 这可能是因为其他端强行T下线导致的. 
[2023-04-30 23:43:17] [ERROR]: 登录时发生致命错误: All servers are unreachable 
[2023-04-30 23:43:17] [WARNING]: 将在 3 秒后尝试重连. 重连次数：33/0 
[2023-04-30 23:43:20] [WARNING]: 尝试重连... 
[2023-04-30 23:43:20] [WARNING]: 快速重连失败: All servers are unreachable 
[2023-04-30 23:43:20] [WARNING]: 快速重连失败, 尝试普通登录. 这可能是因为其他端强行T下线导致的. 
[2023-04-30 23:43:21] [ERROR]: 登录时发生致命错误: All servers are unreachable 
[2023-04-30 23:43:21] [WARNING]: 将在 3 秒后尝试重连. 重连次数：34/0 
[2023-04-30 23:43:24] [WARNING]: 尝试重连... 
[2023-04-30 23:43:24] [WARNING]: 快速重连失败: All servers are unreachable 
[2023-04-30 23:43:24] [WARNING]: 快速重连失败, 尝试普通登录. 这可能是因为其他端强行T下线导致的. 
[2023-04-30 23:43:25] [ERROR]: 登录时发生致命错误: All servers are unreachable 
[2023-04-30 23:43:25] [WARNING]: 将在 3 秒后尝试重连. 重连次数：35/0 
[2023-04-30 23:43:28] [WARNING]: 尝试重连... 
[2023-04-30 23:43:28] [WARNING]: 快速重连失败: All servers are unreachable 
[2023-04-30 23:43:28] [WARNING]: 快速重连失败, 尝试普通登录. 这可能是因为其他端强行T下线导致的. 
[2023-04-30 23:43:29] [ERROR]: 登录时发生致命错误: All servers are unreachable 
[2023-04-30 23:43:29] [WARNING]: 将在 3 秒后尝试重连. 重连次数：36/0 
[2023-04-30 23:43:32] [WARNING]: 尝试重连... 
[2023-04-30 23:43:32] [WARNING]: 快速重连失败: All servers are unreachable 
[2023-04-30 23:43:32] [WARNING]: 快速重连失败, 尝试普通登录. 这可能是因为其他端强行T下线导致的. 
[2023-04-30 23:43:33] [ERROR]: 登录时发生致命错误: All servers are unreachable 
[2023-04-30 23:43:33] [WARNING]: 将在 3 秒后尝试重连. 重连次数：37/0 
[2023-04-30 23:43:36] [WARNING]: 尝试重连... 
[2023-04-30 23:43:36] [WARNING]: 快速重连失败: All servers are unreachable 
[2023-04-30 23:43:36] [WARNING]: 快速重连失败, 尝试普通登录. 这可能是因为其他端强行T下线导致的. 
[2023-04-30 23:43:37] [ERROR]: 登录时发生致命错误: All servers are unreachable 
[2023-04-30 23:43:37] [WARNING]: 将在 3 秒后尝试重连. 重连次数：38/0 
[2023-04-30 23:43:40] [WARNING]: 尝试重连... 
[2023-04-30 23:43:40] [WARNING]: 快速重连失败: All servers are unreachable 
[2023-04-30 23:43:40] [WARNING]: 快速重连失败, 尝试普通登录. 这可能是因为其他端强行T下线导致的. 
[2023-04-30 23:43:41] [ERROR]: 登录时发生致命错误: All servers are unreachable 
[2023-04-30 23:43:41] [WARNING]: 将在 3 秒后尝试重连. 重连次数：39/0 
[2023-04-30 23:43:44] [WARNING]: 尝试重连... 
[2023-04-30 23:43:44] [WARNING]: 快速重连失败: All servers are unreachable 
[2023-04-30 23:43:44] [WARNING]: 快速重连失败, 尝试普通登录. 这可能是因为其他端强行T下线导致的. 
[2023-04-30 23:43:45] [ERROR]: 登录时发生致命错误: All servers are unreachable 
[2023-04-30 23:43:45] [WARNING]: 将在 3 秒后尝试重连. 重连次数：40/0 
[2023-04-30 23:43:48] [WARNING]: 尝试重连... 
[2023-04-30 23:43:48] [WARNING]: 快速重连失败: All servers are unreachable 
[2023-04-30 23:43:48] [WARNING]: 快速重连失败, 尝试普通登录. 这可能是因为其他端强行T下线导致的. 
[2023-04-30 23:43:49] [ERROR]: 登录时发生致命错误: All servers are unreachable 
[2023-04-30 23:43:49] [WARNING]: 将在 3 秒后尝试重连. 重连次数：41/0 
[2023-04-30 23:43:52] [WARNING]: 尝试重连... 
[2023-04-30 23:43:52] [WARNING]: 快速重连失败: All servers are unreachable 
[2023-04-30 23:43:52] [WARNING]: 快速重连失败, 尝试普通登录. 这可能是因为其他端强行T下线导致的. 
[2023-04-30 23:43:53] [ERROR]: 登录时发生致命错误: All servers are unreachable 
[2023-04-30 23:43:53] [WARNING]: 将在 3 秒后尝试重连. 重连次数：42/0 
[2023-04-30 23:43:56] [WARNING]: 尝试重连... 
[2023-04-30 23:43:56] [WARNING]: 快速重连失败: All servers are unreachable 
[2023-04-30 23:43:56] [WARNING]: 快速重连失败, 尝试普通登录. 这可能是因为其他端强行T下线导致的. 
[2023-04-30 23:43:57] [ERROR]: 登录时发生致命错误: All servers are unreachable 
[2023-04-30 23:43:57] [WARNING]: 将在 3 秒后尝试重连. 重连次数：43/0 
[2023-04-30 23:44:00] [WARNING]: 尝试重连... 
[2023-04-30 23:44:00] [WARNING]: 快速重连失败: All servers are unreachable 
[2023-04-30 23:44:00] [WARNING]: 快速重连失败, 尝试普通登录. 这可能是因为其他端强行T下线导致的. 
[2023-04-30 23:44:01] [ERROR]: 登录时发生致命错误: All servers are unreachable 
[2023-04-30 23:44:02] [WARNING]: 将在 3 秒后尝试重连. 重连次数：44/0 
[2023-04-30 23:44:05] [WARNING]: 尝试重连... 
[2023-04-30 23:44:05] [WARNING]: 快速重连失败: All servers are unreachable 
[2023-04-30 23:44:05] [WARNING]: 快速重连失败, 尝试普通登录. 这可能是因为其他端强行T下线导致的. 
[2023-04-30 23:44:06] [ERROR]: 登录时发生致命错误: All servers are unreachable 
[2023-04-30 23:44:06] [WARNING]: 将在 3 秒后尝试重连. 重连次数：45/0 
[2023-04-30 23:44:09] [WARNING]: 尝试重连... 
[2023-04-30 23:44:09] [WARNING]: 快速重连失败: All servers are unreachable 
[2023-04-30 23:44:09] [WARNING]: 快速重连失败, 尝试普通登录. 这可能是因为其他端强行T下线导致的. 
[2023-04-30 23:44:10] [ERROR]: 登录时发生致命错误: All servers are unreachable 
[2023-04-30 23:44:10] [WARNING]: 将在 3 秒后尝试重连. 重连次数：46/0 
[2023-04-30 23:44:13] [WARNING]: 尝试重连... 
[2023-04-30 23:44:13] [WARNING]: 快速重连失败: All servers are unreachable 
[2023-04-30 23:44:13] [WARNING]: 快速重连失败, 尝试普通登录. 这可能是因为其他端强行T下线导致的. 
[2023-04-30 23:44:14] [ERROR]: 登录时发生致命错误: All servers are unreachable 
[2023-04-30 23:44:14] [WARNING]: 将在 3 秒后尝试重连. 重连次数：47/0 
[2023-04-30 23:44:17] [WARNING]: 尝试重连... 
[2023-04-30 23:44:17] [WARNING]: 快速重连失败: All servers are unreachable 
[2023-04-30 23:44:17] [WARNING]: 快速重连失败, 尝试普通登录. 这可能是因为其他端强行T下线导致的. 
[2023-04-30 23:44:18] [ERROR]: 登录时发生致命错误: All servers are unreachable 
[2023-04-30 23:44:18] [WARNING]: 将在 3 秒后尝试重连. 重连次数：48/0 
[2023-04-30 23:44:21] [WARNING]: 尝试重连... 
[2023-04-30 23:44:21] [WARNING]: 快速重连失败: All servers are unreachable 
[2023-04-30 23:44:21] [WARNING]: 快速重连失败, 尝试普通登录. 这可能是因为其他端强行T下线导致的. 
[2023-04-30 23:44:22] [ERROR]: 登录时发生致命错误: All servers are unreachable 
[2023-04-30 23:44:22] [WARNING]: 将在 3 秒后尝试重连. 重连次数：49/0 
[2023-04-30 23:44:25] [WARNING]: 尝试重连... 
[2023-04-30 23:44:25] [WARNING]: 快速重连失败: All servers are unreachable 
[2023-04-30 23:44:25] [WARNING]: 快速重连失败, 尝试普通登录. 这可能是因为其他端强行T下线导致的. 
[2023-04-30 23:44:26] [ERROR]: 登录时发生致命错误: All servers are unreachable 
[2023-04-30 23:44:26] [WARNING]: 将在 3 秒后尝试重连. 重连次数：50/0 
[2023-04-30 23:44:29] [WARNING]: 尝试重连... 
[2023-04-30 23:44:29] [WARNING]: 快速重连失败: All servers are unreachable 
[2023-04-30 23:44:29] [WARNING]: 快速重连失败, 尝试普通登录. 这可能是因为其他端强行T下线导致的. 
[2023-04-30 23:44:30] [ERROR]: 登录时发生致命错误: All servers are unreachable 
[2023-04-30 23:44:30] [WARNING]: 将在 3 秒后尝试重连. 重连次数：51/0 
[2023-04-30 23:44:33] [WARNING]: 尝试重连... 
[2023-04-30 23:44:33] [WARNING]: 快速重连失败: All servers are unreachable 
[2023-04-30 23:44:33] [WARNING]: 快速重连失败, 尝试普通登录. 这可能是因为其他端强行T下线导致的. 
[2023-04-30 23:44:34] [ERROR]: 登录时发生致命错误: All servers are unreachable 
[2023-04-30 23:44:34] [WARNING]: 将在 3 秒后尝试重连. 重连次数：52/0 
[2023-04-30 23:44:37] [WARNING]: 尝试重连... 
[2023-04-30 23:44:37] [WARNING]: 快速重连失败: All servers are unreachable 
[2023-04-30 23:44:37] [WARNING]: 快速重连失败, 尝试普通登录. 这可能是因为其他端强行T下线导致的. 
[2023-04-30 23:44:38] [ERROR]: 登录时发生致命错误: All servers are unreachable 
[2023-04-30 23:44:38] [WARNING]: 将在 3 秒后尝试重连. 重连次数：53/0 
[2023-04-30 23:44:41] [WARNING]: 尝试重连... 
[2023-04-30 23:44:41] [WARNING]: 快速重连失败: All servers are unreachable 
[2023-04-30 23:44:41] [WARNING]: 快速重连失败, 尝试普通登录. 这可能是因为其他端强行T下线导致的. 
[2023-04-30 23:44:42] [ERROR]: 登录时发生致命错误: All servers are unreachable 
[2023-04-30 23:44:42] [WARNING]: 将在 3 秒后尝试重连. 重连次数：54/0 
[2023-04-30 23:44:45] [WARNING]: 尝试重连... 
[2023-04-30 23:44:45] [WARNING]: 快速重连失败: All servers are unreachable 
[2023-04-30 23:44:45] [WARNING]: 快速重连失败, 尝试普通登录. 这可能是因为其他端强行T下线导致的. 
[2023-04-30 23:44:46] [ERROR]: 登录时发生致命错误: All servers are unreachable 
[2023-04-30 23:44:46] [WARNING]: 将在 3 秒后尝试重连. 重连次数：55/0 
[2023-04-30 23:44:49] [WARNING]: 尝试重连... 
[2023-04-30 23:44:49] [WARNING]: 快速重连失败: All servers are unreachable 
[2023-04-30 23:44:49] [WARNING]: 快速重连失败, 尝试普通登录. 这可能是因为其他端强行T下线导致的. 
[2023-04-30 23:44:50] [ERROR]: 登录时发生致命错误: All servers are unreachable 
[2023-04-30 23:44:50] [WARNING]: 将在 3 秒后尝试重连. 重连次数：56/0 
[2023-04-30 23:44:53] [WARNING]: 尝试重连... 
[2023-04-30 23:44:53] [WARNING]: 快速重连失败: All servers are unreachable 
[2023-04-30 23:44:53] [WARNING]: 快速重连失败, 尝试普通登录. 这可能是因为其他端强行T下线导致的. 
[2023-04-30 23:44:54] [ERROR]: 登录时发生致命错误: All servers are unreachable 
[2023-04-30 23:44:54] [WARNING]: 将在 3 秒后尝试重连. 重连次数：57/0 
[2023-04-30 23:44:57] [WARNING]: 尝试重连... 
[2023-04-30 23:44:57] [WARNING]: 快速重连失败: All servers are unreachable 
[2023-04-30 23:44:57] [WARNING]: 快速重连失败, 尝试普通登录. 这可能是因为其他端强行T下线导致的. 
[2023-04-30 23:44:58] [ERROR]: 登录时发生致命错误: All servers are unreachable 
[2023-04-30 23:44:58] [WARNING]: 将在 3 秒后尝试重连. 重连次数：58/0 
[2023-04-30 23:45:01] [WARNING]: 尝试重连... 
[2023-04-30 23:45:01] [WARNING]: 快速重连失败: All servers are unreachable 
[2023-04-30 23:45:01] [WARNING]: 快速重连失败, 尝试普通登录. 这可能是因为其他端强行T下线导致的. 
[2023-04-30 23:45:02] [ERROR]: 登录时发生致命错误: All servers are unreachable 
[2023-04-30 23:45:02] [WARNING]: 将在 3 秒后尝试重连. 重连次数：59/0 
[2023-04-30 23:45:05] [WARNING]: 尝试重连... 
[2023-04-30 23:45:05] [WARNING]: 快速重连失败: All servers are unreachable 
[2023-04-30 23:45:05] [WARNING]: 快速重连失败, 尝试普通登录. 这可能是因为其他端强行T下线导致的. 
[2023-04-30 23:45:06] [ERROR]: 登录时发生致命错误: All servers are unreachable 
[2023-04-30 23:45:06] [WARNING]: 将在 3 秒后尝试重连. 重连次数：60/0 
[2023-04-30 23:45:09] [WARNING]: 尝试重连... 
[2023-04-30 23:45:09] [WARNING]: 快速重连失败: All servers are unreachable 
[2023-04-30 23:45:09] [WARNING]: 快速重连失败, 尝试普通登录. 这可能是因为其他端强行T下线导致的. 
[2023-04-30 23:45:10] [ERROR]: 登录时发生致命错误: All servers are unreachable 
[2023-04-30 23:45:10] [WARNING]: 将在 3 秒后尝试重连. 重连次数：61/0 
[2023-04-30 23:45:13] [WARNING]: 尝试重连... 
[2023-04-30 23:45:13] [WARNING]: 快速重连失败: All servers are unreachable 
[2023-04-30 23:45:13] [WARNING]: 快速重连失败, 尝试普通登录. 这可能是因为其他端强行T下线导致的. 
[2023-04-30 23:45:14] [ERROR]: 登录时发生致命错误: All servers are unreachable 
[2023-04-30 23:45:14] [WARNING]: 将在 3 秒后尝试重连. 重连次数：62/0 
[2023-04-30 23:45:17] [WARNING]: 尝试重连... 
[2023-04-30 23:45:17] [WARNING]: 快速重连失败: All servers are unreachable 
[2023-04-30 23:45:17] [WARNING]: 快速重连失败, 尝试普通登录. 这可能是因为其他端强行T下线导致的. 
[2023-04-30 23:45:18] [ERROR]: 登录时发生致命错误: All servers are unreachable 
[2023-04-30 23:45:18] [WARNING]: 将在 3 秒后尝试重连. 重连次数：63/0 
[2023-04-30 23:45:21] [WARNING]: 尝试重连... 
[2023-04-30 23:45:21] [WARNING]: 快速重连失败: All servers are unreachable 
[2023-04-30 23:45:21] [WARNING]: 快速重连失败, 尝试普通登录. 这可能是因为其他端强行T下线导致的. 
[2023-04-30 23:45:22] [ERROR]: 登录时发生致命错误: All servers are unreachable 
[2023-04-30 23:45:22] [WARNING]: 将在 3 秒后尝试重连. 重连次数：64/0 
[2023-04-30 23:45:25] [WARNING]: 尝试重连... 
[2023-04-30 23:45:25] [WARNING]: 快速重连失败: All servers are unreachable 
[2023-04-30 23:45:25] [WARNING]: 快速重连失败, 尝试普通登录. 这可能是因为其他端强行T下线导致的. 
[2023-04-30 23:45:26] [ERROR]: 登录时发生致命错误: All servers are unreachable 
[2023-04-30 23:45:26] [WARNING]: 将在 3 秒后尝试重连. 重连次数：65/0 
[2023-04-30 23:45:29] [WARNING]: 尝试重连... 
[2023-04-30 23:45:29] [WARNING]: 快速重连失败: All servers are unreachable 
[2023-04-30 23:45:29] [WARNING]: 快速重连失败, 尝试普通登录. 这可能是因为其他端强行T下线导致的. 
[2023-04-30 23:45:30] [ERROR]: 登录时发生致命错误: All servers are unreachable 
[2023-04-30 23:45:30] [WARNING]: 将在 3 秒后尝试重连. 重连次数：66/0 
[2023-04-30 23:45:33] [WARNING]: 尝试重连... 
[2023-04-30 23:45:33] [WARNING]: 快速重连失败: All servers are unreachable 
[2023-04-30 23:45:33] [WARNING]: 快速重连失败, 尝试普通登录. 这可能是因为其他端强行T下线导致的. 
[2023-04-30 23:45:34] [ERROR]: 登录时发生致命错误: All servers are unreachable 
[2023-04-30 23:45:34] [WARNING]: 将在 3 秒后尝试重连. 重连次数：67/0 
[2023-04-30 23:45:37] [WARNING]: 尝试重连... 
[2023-04-30 23:45:37] [WARNING]: 快速重连失败: All servers are unreachable 
[2023-04-30 23:45:37] [WARNING]: 快速重连失败, 尝试普通登录. 这可能是因为其他端强行T下线导致的. 
[2023-04-30 23:45:38] [ERROR]: 登录时发生致命错误: All servers are unreachable 
[2023-04-30 23:45:38] [WARNING]: 将在 3 秒后尝试重连. 重连次数：68/0 
[2023-04-30 23:45:41] [WARNING]: 尝试重连... 
[2023-04-30 23:45:41] [WARNING]: 快速重连失败: All servers are unreachable 
[2023-04-30 23:45:41] [WARNING]: 快速重连失败, 尝试普通登录. 这可能是因为其他端强行T下线导致的. 
[2023-04-30 23:45:42] [ERROR]: 登录时发生致命错误: All servers are unreachable 
[2023-04-30 23:45:42] [WARNING]: 将在 3 秒后尝试重连. 重连次数：69/0 
[2023-04-30 23:45:45] [WARNING]: 尝试重连... 
[2023-04-30 23:45:45] [WARNING]: 快速重连失败: All servers are unreachable 
[2023-04-30 23:45:45] [WARNING]: 快速重连失败, 尝试普通登录. 这可能是因为其他端强行T下线导致的. 
[2023-04-30 23:45:46] [ERROR]: 登录时发生致命错误: All servers are unreachable 
[2023-04-30 23:45:46] [WARNING]: 将在 3 秒后尝试重连. 重连次数：70/0 
[2023-04-30 23:45:49] [WARNING]: 尝试重连... 
[2023-04-30 23:45:49] [WARNING]: 快速重连失败: All servers are unreachable 
[2023-04-30 23:45:49] [WARNING]: 快速重连失败, 尝试普通登录. 这可能是因为其他端强行T下线导致的. 
[2023-04-30 23:45:50] [ERROR]: 登录时发生致命错误: All servers are unreachable 
[2023-04-30 23:45:50] [WARNING]: 将在 3 秒后尝试重连. 重连次数：71/0 
[2023-04-30 23:45:53] [WARNING]: 尝试重连... 
[2023-04-30 23:45:53] [WARNING]: 快速重连失败: All servers are unreachable 
[2023-04-30 23:45:53] [WARNING]: 快速重连失败, 尝试普通登录. 这可能是因为其他端强行T下线导致的. 
[2023-04-30 23:45:54] [ERROR]: 登录时发生致命错误: All servers are unreachable 
[2023-04-30 23:45:54] [WARNING]: 将在 3 秒后尝试重连. 重连次数：72/0 
[2023-04-30 23:45:58] [WARNING]: 尝试重连... 
[2023-04-30 23:45:58] [WARNING]: 快速重连失败: All servers are unreachable 
[2023-04-30 23:45:58] [WARNING]: 快速重连失败, 尝试普通登录. 这可能是因为其他端强行T下线导致的. 
[2023-04-30 23:45:59] [ERROR]: 登录时发生致命错误: All servers are unreachable 
[2023-04-30 23:45:59] [WARNING]: 将在 3 秒后尝试重连. 重连次数：73/0 
[2023-04-30 23:46:02] [WARNING]: 尝试重连... 
[2023-04-30 23:46:02] [WARNING]: 快速重连失败: All servers are unreachable 
[2023-04-30 23:46:02] [WARNING]: 快速重连失败, 尝试普通登录. 这可能是因为其他端强行T下线导致的. 
[2023-04-30 23:46:03] [ERROR]: 登录时发生致命错误: All servers are unreachable 
[2023-04-30 23:46:03] [WARNING]: 将在 3 秒后尝试重连. 重连次数：74/0 
[2023-04-30 23:46:06] [WARNING]: 尝试重连... 
[2023-04-30 23:46:06] [WARNING]: 快速重连失败: All servers are unreachable 
[2023-04-30 23:46:06] [WARNING]: 快速重连失败, 尝试普通登录. 这可能是因为其他端强行T下线导致的. 
[2023-04-30 23:46:07] [ERROR]: 登录时发生致命错误: All servers are unreachable 
[2023-04-30 23:46:07] [WARNING]: 将在 3 秒后尝试重连. 重连次数：75/0 
[2023-04-30 23:46:10] [WARNING]: 尝试重连... 
[2023-04-30 23:46:10] [WARNING]: 快速重连失败: All servers are unreachable 
[2023-04-30 23:46:10] [WARNING]: 快速重连失败, 尝试普通登录. 这可能是因为其他端强行T下线导致的. 
[2023-04-30 23:46:11] [ERROR]: 登录时发生致命错误: All servers are unreachable 
[2023-04-30 23:46:11] [WARNING]: 将在 3 秒后尝试重连. 重连次数：76/0 
[2023-04-30 23:46:14] [WARNING]: 尝试重连... 
[2023-04-30 23:46:14] [WARNING]: 快速重连失败: All servers are unreachable 
[2023-04-30 23:46:14] [WARNING]: 快速重连失败, 尝试普通登录. 这可能是因为其他端强行T下线导致的. 
[2023-04-30 23:46:15] [ERROR]: 登录时发生致命错误: All servers are unreachable 
[2023-04-30 23:46:15] [WARNING]: 将在 3 秒后尝试重连. 重连次数：77/0 
[2023-04-30 23:46:18] [WARNING]: 尝试重连... 
[2023-04-30 23:46:18] [WARNING]: 快速重连失败: All servers are unreachable 
[2023-04-30 23:46:18] [WARNING]: 快速重连失败, 尝试普通登录. 这可能是因为其他端强行T下线导致的. 
[2023-04-30 23:46:19] [ERROR]: 登录时发生致命错误: All servers are unreachable 
[2023-04-30 23:46:19] [WARNING]: 将在 3 秒后尝试重连. 重连次数：78/0 
[2023-04-30 23:46:22] [WARNING]: 尝试重连... 
[2023-04-30 23:46:22] [WARNING]: 快速重连失败: All servers are unreachable 
[2023-04-30 23:46:22] [WARNING]: 快速重连失败, 尝试普通登录. 这可能是因为其他端强行T下线导致的. 
[2023-04-30 23:46:23] [ERROR]: 登录时发生致命错误: All servers are unreachable 
[2023-04-30 23:46:23] [WARNING]: 将在 3 秒后尝试重连. 重连次数：79/0 
[2023-04-30 23:46:26] [WARNING]: 尝试重连... 
[2023-04-30 23:46:26] [WARNING]: 快速重连失败: All servers are unreachable 
[2023-04-30 23:46:26] [WARNING]: 快速重连失败, 尝试普通登录. 这可能是因为其他端强行T下线导致的. 
[2023-04-30 23:46:27] [ERROR]: 登录时发生致命错误: All servers are unreachable 
[2023-04-30 23:46:27] [WARNING]: 将在 3 秒后尝试重连. 重连次数：80/0 
[2023-04-30 23:46:30] [WARNING]: 尝试重连... 
[2023-04-30 23:46:30] [WARNING]: 快速重连失败: All servers are unreachable 
[2023-04-30 23:46:30] [WARNING]: 快速重连失败, 尝试普通登录. 这可能是因为其他端强行T下线导致的. 
[2023-04-30 23:46:31] [ERROR]: 登录时发生致命错误: All servers are unreachable 
[2023-04-30 23:46:31] [WARNING]: 将在 3 秒后尝试重连. 重连次数：81/0 
[2023-04-30 23:46:34] [WARNING]: 尝试重连... 
[2023-04-30 23:46:34] [WARNING]: 快速重连失败: All servers are unreachable 
[2023-04-30 23:46:34] [WARNING]: 快速重连失败, 尝试普通登录. 这可能是因为其他端强行T下线导致的. 
[2023-04-30 23:46:35] [ERROR]: 登录时发生致命错误: All servers are unreachable 
[2023-04-30 23:46:35] [WARNING]: 将在 3 秒后尝试重连. 重连次数：82/0 
[2023-04-30 23:46:38] [WARNING]: 尝试重连... 
[2023-04-30 23:46:38] [WARNING]: 快速重连失败: All servers are unreachable 
[2023-04-30 23:46:38] [WARNING]: 快速重连失败, 尝试普通登录. 这可能是因为其他端强行T下线导致的. 
[2023-04-30 23:46:39] [ERROR]: 登录时发生致命错误: All servers are unreachable 
[2023-04-30 23:46:39] [WARNING]: 将在 3 秒后尝试重连. 重连次数：83/0 
[2023-04-30 23:46:42] [WARNING]: 尝试重连... 
[2023-04-30 23:46:42] [WARNING]: 快速重连失败: All servers are unreachable 
[2023-04-30 23:46:42] [WARNING]: 快速重连失败, 尝试普通登录. 这可能是因为其他端强行T下线导致的. 
[2023-04-30 23:46:43] [ERROR]: 登录时发生致命错误: All servers are unreachable 
[2023-04-30 23:46:43] [WARNING]: 将在 3 秒后尝试重连. 重连次数：84/0 
[2023-04-30 23:46:46] [WARNING]: 尝试重连... 
[2023-04-30 23:46:46] [WARNING]: 快速重连失败: All servers are unreachable 
[2023-04-30 23:46:46] [WARNING]: 快速重连失败, 尝试普通登录. 这可能是因为其他端强行T下线导致的. 
[2023-04-30 23:46:47] [ERROR]: 登录时发生致命错误: All servers are unreachable 
[2023-04-30 23:46:47] [WARNING]: 将在 3 秒后尝试重连. 重连次数：85/0 
[2023-04-30 23:46:50] [WARNING]: 尝试重连... 
[2023-04-30 23:46:50] [WARNING]: 快速重连失败: All servers are unreachable 
[2023-04-30 23:46:50] [WARNING]: 快速重连失败, 尝试普通登录. 这可能是因为其他端强行T下线导致的. 
[2023-04-30 23:46:51] [ERROR]: 登录时发生致命错误: All servers are unreachable 
[2023-04-30 23:46:51] [WARNING]: 将在 3 秒后尝试重连. 重连次数：86/0 
[2023-04-30 23:46:54] [WARNING]: 尝试重连... 
[2023-04-30 23:46:54] [WARNING]: 快速重连失败: All servers are unreachable 
[2023-04-30 23:46:54] [WARNING]: 快速重连失败, 尝试普通登录. 这可能是因为其他端强行T下线导致的. 
[2023-04-30 23:46:55] [ERROR]: 登录时发生致命错误: All servers are unreachable 
[2023-04-30 23:46:55] [WARNING]: 将在 3 秒后尝试重连. 重连次数：87/0 
[2023-04-30 23:46:58] [WARNING]: 尝试重连... 
[2023-04-30 23:46:58] [WARNING]: 快速重连失败: All servers are unreachable 
[2023-04-30 23:46:58] [WARNING]: 快速重连失败, 尝试普通登录. 这可能是因为其他端强行T下线导致的. 
[2023-04-30 23:46:59] [ERROR]: 登录时发生致命错误: All servers are unreachable 
[2023-04-30 23:46:59] [WARNING]: 将在 3 秒后尝试重连. 重连次数：88/0 
[2023-04-30 23:47:02] [WARNING]: 尝试重连... 
[2023-04-30 23:47:02] [WARNING]: 快速重连失败: All servers are unreachable 
[2023-04-30 23:47:02] [WARNING]: 快速重连失败, 尝试普通登录. 这可能是因为其他端强行T下线导致的. 
[2023-04-30 23:47:03] [ERROR]: 登录时发生致命错误: All servers are unreachable 
[2023-04-30 23:47:03] [WARNING]: 将在 3 秒后尝试重连. 重连次数：89/0 
[2023-04-30 23:47:06] [WARNING]: 尝试重连... 
[2023-04-30 23:47:06] [WARNING]: 快速重连失败: All servers are unreachable 
[2023-04-30 23:47:06] [WARNING]: 快速重连失败, 尝试普通登录. 这可能是因为其他端强行T下线导致的. 
[2023-04-30 23:47:07] [ERROR]: 登录时发生致命错误: All servers are unreachable 
[2023-04-30 23:47:07] [WARNING]: 将在 3 秒后尝试重连. 重连次数：90/0 
[2023-04-30 23:47:10] [WARNING]: 尝试重连... 
[2023-04-30 23:47:10] [WARNING]: 快速重连失败: All servers are unreachable 
[2023-04-30 23:47:10] [WARNING]: 快速重连失败, 尝试普通登录. 这可能是因为其他端强行T下线导致的. 
[2023-04-30 23:47:11] [ERROR]: 登录时发生致命错误: All servers are unreachable 
[2023-04-30 23:47:11] [WARNING]: 将在 3 秒后尝试重连. 重连次数：91/0 
[2023-04-30 23:47:14] [WARNING]: 尝试重连... 
[2023-04-30 23:47:14] [WARNING]: 快速重连失败: All servers are unreachable 
[2023-04-30 23:47:14] [WARNING]: 快速重连失败, 尝试普通登录. 这可能是因为其他端强行T下线导致的. 
[2023-04-30 23:47:15] [ERROR]: 登录时发生致命错误: All servers are unreachable 
[2023-04-30 23:47:15] [WARNING]: 将在 3 秒后尝试重连. 重连次数：92/0 
[2023-04-30 23:47:18] [WARNING]: 尝试重连... 
[2023-04-30 23:47:18] [WARNING]: 快速重连失败: All servers are unreachable 
[2023-04-30 23:47:18] [WARNING]: 快速重连失败, 尝试普通登录. 这可能是因为其他端强行T下线导致的. 
[2023-04-30 23:47:19] [ERROR]: 登录时发生致命错误: All servers are unreachable 
[2023-04-30 23:47:19] [WARNING]: 将在 3 秒后尝试重连. 重连次数：93/0 
[2023-04-30 23:47:22] [WARNING]: 尝试重连... 
[2023-04-30 23:47:22] [WARNING]: 快速重连失败: All servers are unreachable 
[2023-04-30 23:47:22] [WARNING]: 快速重连失败, 尝试普通登录. 这可能是因为其他端强行T下线导致的. 
[2023-04-30 23:47:23] [ERROR]: 登录时发生致命错误: All servers are unreachable 
[2023-04-30 23:47:23] [WARNING]: 将在 3 秒后尝试重连. 重连次数：94/0 
[2023-04-30 23:47:26] [WARNING]: 尝试重连... 
[2023-04-30 23:47:26] [WARNING]: 快速重连失败: All servers are unreachable 
[2023-04-30 23:47:26] [WARNING]: 快速重连失败, 尝试普通登录. 这可能是因为其他端强行T下线导致的. 
[2023-04-30 23:47:27] [ERROR]: 登录时发生致命错误: All servers are unreachable 
[2023-04-30 23:47:27] [WARNING]: 将在 3 秒后尝试重连. 重连次数：95/0 
[2023-04-30 23:47:30] [WARNING]: 尝试重连... 
[2023-04-30 23:47:30] [WARNING]: 快速重连失败: All servers are unreachable 
[2023-04-30 23:47:30] [WARNING]: 快速重连失败, 尝试普通登录. 这可能是因为其他端强行T下线导致的. 
[2023-04-30 23:47:31] [ERROR]: 登录时发生致命错误: All servers are unreachable 
[2023-04-30 23:47:31] [WARNING]: 将在 3 秒后尝试重连. 重连次数：96/0 
[2023-04-30 23:47:34] [WARNING]: 尝试重连... 
[2023-04-30 23:47:34] [WARNING]: 快速重连失败: All servers are unreachable 
[2023-04-30 23:47:34] [WARNING]: 快速重连失败, 尝试普通登录. 这可能是因为其他端强行T下线导致的. 
[2023-04-30 23:47:35] [ERROR]: 登录时发生致命错误: All servers are unreachable 
[2023-04-30 23:47:35] [WARNING]: 将在 3 秒后尝试重连. 重连次数：97/0 
[2023-04-30 23:47:38] [WARNING]: 尝试重连... 
[2023-04-30 23:47:38] [WARNING]: 快速重连失败: All servers are unreachable 
[2023-04-30 23:47:38] [WARNING]: 快速重连失败, 尝试普通登录. 这可能是因为其他端强行T下线导致的. 
[2023-04-30 23:47:39] [ERROR]: 登录时发生致命错误: All servers are unreachable 
[2023-04-30 23:47:39] [WARNING]: 将在 3 秒后尝试重连. 重连次数：98/0 
[2023-04-30 23:47:42] [WARNING]: 尝试重连... 
[2023-04-30 23:47:42] [WARNING]: 快速重连失败: All servers are unreachable 
[2023-04-30 23:47:42] [WARNING]: 快速重连失败, 尝试普通登录. 这可能是因为其他端强行T下线导致的. 
[2023-04-30 23:47:43] [ERROR]: 登录时发生致命错误: All servers are unreachable 
[2023-04-30 23:47:43] [WARNING]: 将在 3 秒后尝试重连. 重连次数：99/0 
[2023-04-30 23:47:46] [WARNING]: 尝试重连... 
[2023-04-30 23:47:46] [WARNING]: 快速重连失败: All servers are unreachable 
[2023-04-30 23:47:46] [WARNING]: 快速重连失败, 尝试普通登录. 这可能是因为其他端强行T下线导致的. 
[2023-04-30 23:47:47] [ERROR]: 登录时发生致命错误: All servers are unreachable 
[2023-04-30 23:47:47] [WARNING]: 将在 3 秒后尝试重连. 重连次数：100/0 
[2023-04-30 23:47:50] [WARNING]: 尝试重连... 
[2023-04-30 23:47:51] [WARNING]: 快速重连失败: All servers are unreachable 
[2023-04-30 23:47:51] [WARNING]: 快速重连失败, 尝试普通登录. 这可能是因为其他端强行T下线导致的. 
[2023-04-30 23:47:52] [ERROR]: 登录时发生致命错误: All servers are unreachable 
[2023-04-30 23:47:52] [WARNING]: 将在 3 秒后尝试重连. 重连次数：101/0 
[2023-04-30 23:47:55] [WARNING]: 尝试重连... 
[2023-04-30 23:47:55] [WARNING]: 快速重连失败: All servers are unreachable 
[2023-04-30 23:47:55] [WARNING]: 快速重连失败, 尝试普通登录. 这可能是因为其他端强行T下线导致的. 
[2023-04-30 23:47:56] [ERROR]: 登录时发生致命错误: All servers are unreachable 
[2023-04-30 23:47:56] [WARNING]: 将在 3 秒后尝试重连. 重连次数：102/0 
[2023-04-30 23:47:59] [WARNING]: 尝试重连... 
[2023-04-30 23:47:59] [WARNING]: 快速重连失败: All servers are unreachable 
[2023-04-30 23:47:59] [WARNING]: 快速重连失败, 尝试普通登录. 这可能是因为其他端强行T下线导致的. 
[2023-04-30 23:48:00] [ERROR]: 登录时发生致命错误: All servers are unreachable 
[2023-04-30 23:48:00] [WARNING]: 将在 3 秒后尝试重连. 重连次数：103/0 
[2023-04-30 23:48:03] [WARNING]: 尝试重连... 
[2023-04-30 23:48:03] [WARNING]: 快速重连失败: All servers are unreachable 
[2023-04-30 23:48:03] [WARNING]: 快速重连失败, 尝试普通登录. 这可能是因为其他端强行T下线导致的. 
[2023-04-30 23:48:04] [ERROR]: 登录时发生致命错误: All servers are unreachable 
[2023-04-30 23:48:04] [WARNING]: 将在 3 秒后尝试重连. 重连次数：104/0 
[2023-04-30 23:48:07] [WARNING]: 尝试重连... 
[2023-04-30 23:48:07] [WARNING]: 快速重连失败: All servers are unreachable 
[2023-04-30 23:48:07] [WARNING]: 快速重连失败, 尝试普通登录. 这可能是因为其他端强行T下线导致的. 
[2023-04-30 23:48:08] [ERROR]: 登录时发生致命错误: All servers are unreachable 
[2023-04-30 23:48:08] [WARNING]: 将在 3 秒后尝试重连. 重连次数：105/0 
[2023-04-30 23:48:11] [WARNING]: 尝试重连... 
[2023-04-30 23:48:11] [WARNING]: 快速重连失败: All servers are unreachable 
[2023-04-30 23:48:11] [WARNING]: 快速重连失败, 尝试普通登录. 这可能是因为其他端强行T下线导致的. 
[2023-04-30 23:48:12] [ERROR]: 登录时发生致命错误: All servers are unreachable 
[2023-04-30 23:48:12] [WARNING]: 将在 3 秒后尝试重连. 重连次数：106/0 
[2023-04-30 23:48:15] [WARNING]: 尝试重连... 
[2023-04-30 23:48:15] [WARNING]: 快速重连失败: All servers are unreachable 
[2023-04-30 23:48:15] [WARNING]: 快速重连失败, 尝试普通登录. 这可能是因为其他端强行T下线导致的. 
[2023-04-30 23:48:16] [ERROR]: 登录时发生致命错误: All servers are unreachable 
[2023-04-30 23:48:16] [WARNING]: 将在 3 秒后尝试重连. 重连次数：107/0 
[2023-04-30 23:48:19] [WARNING]: 尝试重连... 
[2023-04-30 23:48:19] [WARNING]: 快速重连失败: All servers are unreachable 
[2023-04-30 23:48:19] [WARNING]: 快速重连失败, 尝试普通登录. 这可能是因为其他端强行T下线导致的. 
[2023-04-30 23:48:20] [ERROR]: 登录时发生致命错误: All servers are unreachable 
[2023-04-30 23:48:20] [WARNING]: 将在 3 秒后尝试重连. 重连次数：108/0 
[2023-04-30 23:48:23] [WARNING]: 尝试重连... 
[2023-04-30 23:48:23] [WARNING]: 快速重连失败: All servers are unreachable 
[2023-04-30 23:48:23] [WARNING]: 快速重连失败, 尝试普通登录. 这可能是因为其他端强行T下线导致的. 
[2023-04-30 23:48:24] [ERROR]: 登录时发生致命错误: All servers are unreachable 
[2023-04-30 23:48:24] [WARNING]: 将在 3 秒后尝试重连. 重连次数：109/0 
[2023-04-30 23:48:27] [WARNING]: 尝试重连... 
[2023-04-30 23:48:27] [WARNING]: 快速重连失败: All servers are unreachable 
[2023-04-30 23:48:27] [WARNING]: 快速重连失败, 尝试普通登录. 这可能是因为其他端强行T下线导致的. 
[2023-04-30 23:48:28] [ERROR]: 登录时发生致命错误: All servers are unreachable 
[2023-04-30 23:48:28] [WARNING]: 将在 3 秒后尝试重连. 重连次数：110/0 
[2023-04-30 23:48:31] [WARNING]: 尝试重连... 
[2023-04-30 23:48:31] [WARNING]: 快速重连失败: All servers are unreachable 
[2023-04-30 23:48:31] [WARNING]: 快速重连失败, 尝试普通登录. 这可能是因为其他端强行T下线导致的. 
[2023-04-30 23:48:32] [ERROR]: 登录时发生致命错误: All servers are unreachable 
[2023-04-30 23:48:32] [WARNING]: 将在 3 秒后尝试重连. 重连次数：111/0 
[2023-04-30 23:48:35] [WARNING]: 尝试重连... 
[2023-04-30 23:48:35] [WARNING]: 快速重连失败: All servers are unreachable 
[2023-04-30 23:48:35] [WARNING]: 快速重连失败, 尝试普通登录. 这可能是因为其他端强行T下线导致的. 
[2023-04-30 23:48:36] [ERROR]: 登录时发生致命错误: All servers are unreachable 
[2023-04-30 23:48:36] [WARNING]: 将在 3 秒后尝试重连. 重连次数：112/0 
[2023-04-30 23:48:39] [WARNING]: 尝试重连... 
[2023-04-30 23:48:39] [WARNING]: 快速重连失败: All servers are unreachable 
[2023-04-30 23:48:39] [WARNING]: 快速重连失败, 尝试普通登录. 这可能是因为其他端强行T下线导致的. 
[2023-04-30 23:48:40] [ERROR]: 登录时发生致命错误: All servers are unreachable 
[2023-04-30 23:48:40] [WARNING]: 将在 3 秒后尝试重连. 重连次数：113/0 
[2023-04-30 23:48:43] [WARNING]: 尝试重连... 
[2023-04-30 23:48:43] [WARNING]: 快速重连失败: All servers are unreachable 
[2023-04-30 23:48:43] [WARNING]: 快速重连失败, 尝试普通登录. 这可能是因为其他端强行T下线导致的. 
[2023-04-30 23:48:44] [ERROR]: 登录时发生致命错误: All servers are unreachable 
[2023-04-30 23:48:44] [WARNING]: 将在 3 秒后尝试重连. 重连次数：114/0 
[2023-04-30 23:48:47] [WARNING]: 尝试重连... 
[2023-04-30 23:48:47] [WARNING]: 快速重连失败: All servers are unreachable 
[2023-04-30 23:48:47] [WARNING]: 快速重连失败, 尝试普通登录. 这可能是因为其他端强行T下线导致的. 
[2023-04-30 23:48:48] [ERROR]: 登录时发生致命错误: All servers are unreachable 
[2023-04-30 23:48:48] [WARNING]: 将在 3 秒后尝试重连. 重连次数：115/0 
[2023-04-30 23:48:51] [WARNING]: 尝试重连... 
[2023-04-30 23:48:51] [WARNING]: 快速重连失败: All servers are unreachable 
[2023-04-30 23:48:51] [WARNING]: 快速重连失败, 尝试普通登录. 这可能是因为其他端强行T下线导致的. 
[2023-04-30 23:48:52] [ERROR]: 登录时发生致命错误: All servers are unreachable 
[2023-04-30 23:48:52] [WARNING]: 将在 3 秒后尝试重连. 重连次数：116/0 
[2023-04-30 23:48:55] [WARNING]: 尝试重连... 
[2023-04-30 23:48:55] [WARNING]: 快速重连失败: All servers are unreachable 
[2023-04-30 23:48:55] [WARNING]: 快速重连失败, 尝试普通登录. 这可能是因为其他端强行T下线导致的. 
[2023-04-30 23:48:56] [ERROR]: 登录时发生致命错误: All servers are unreachable 
[2023-04-30 23:48:56] [WARNING]: 将在 3 秒后尝试重连. 重连次数：117/0 
[2023-04-30 23:48:59] [WARNING]: 尝试重连... 
[2023-04-30 23:48:59] [WARNING]: 快速重连失败: All servers are unreachable 
[2023-04-30 23:48:59] [WARNING]: 快速重连失败, 尝试普通登录. 这可能是因为其他端强行T下线导致的. 
[2023-04-30 23:49:00] [ERROR]: 登录时发生致命错误: All servers are unreachable 
[2023-04-30 23:49:00] [WARNING]: 将在 3 秒后尝试重连. 重连次数：118/0 
[2023-04-30 23:49:03] [WARNING]: 尝试重连... 
[2023-04-30 23:49:03] [WARNING]: 快速重连失败: All servers are unreachable 
[2023-04-30 23:49:03] [WARNING]: 快速重连失败, 尝试普通登录. 这可能是因为其他端强行T下线导致的. 
[2023-04-30 23:49:04] [ERROR]: 登录时发生致命错误: All servers are unreachable 
[2023-04-30 23:49:04] [WARNING]: 将在 3 秒后尝试重连. 重连次数：119/0 
[2023-04-30 23:49:07] [WARNING]: 尝试重连... 
[2023-04-30 23:49:07] [WARNING]: 快速重连失败: All servers are unreachable 
[2023-04-30 23:49:07] [WARNING]: 快速重连失败, 尝试普通登录. 这可能是因为其他端强行T下线导致的. 
[2023-04-30 23:49:08] [ERROR]: 登录时发生致命错误: All servers are unreachable 
[2023-04-30 23:49:08] [WARNING]: 将在 3 秒后尝试重连. 重连次数：120/0 
[2023-04-30 23:49:11] [WARNING]: 尝试重连... 
[2023-04-30 23:49:11] [WARNING]: 快速重连失败: All servers are unreachable 
[2023-04-30 23:49:11] [WARNING]: 快速重连失败, 尝试普通登录. 这可能是因为其他端强行T下线导致的. 
[2023-04-30 23:49:12] [ERROR]: 登录时发生致命错误: All servers are unreachable 
[2023-04-30 23:49:12] [WARNING]: 将在 3 秒后尝试重连. 重连次数：121/0 
[2023-04-30 23:49:15] [WARNING]: 尝试重连... 
[2023-04-30 23:49:15] [WARNING]: 快速重连失败: All servers are unreachable 
[2023-04-30 23:49:15] [WARNING]: 快速重连失败, 尝试普通登录. 这可能是因为其他端强行T下线导致的. 
[2023-04-30 23:49:16] [ERROR]: 登录时发生致命错误: All servers are unreachable 
[2023-04-30 23:49:16] [WARNING]: 将在 3 秒后尝试重连. 重连次数：122/0 
[2023-04-30 23:49:19] [WARNING]: 尝试重连... 
[2023-04-30 23:49:19] [WARNING]: 快速重连失败: All servers are unreachable 
[2023-04-30 23:49:19] [WARNING]: 快速重连失败, 尝试普通登录. 这可能是因为其他端强行T下线导致的. 
[2023-04-30 23:49:20] [ERROR]: 登录时发生致命错误: All servers are unreachable 
[2023-04-30 23:49:20] [WARNING]: 将在 3 秒后尝试重连. 重连次数：123/0 
[2023-04-30 23:49:23] [WARNING]: 尝试重连... 
[2023-04-30 23:49:23] [WARNING]: 快速重连失败: All servers are unreachable 
[2023-04-30 23:49:23] [WARNING]: 快速重连失败, 尝试普通登录. 这可能是因为其他端强行T下线导致的. 
[2023-04-30 23:49:24] [ERROR]: 登录时发生致命错误: All servers are unreachable 
[2023-04-30 23:49:24] [WARNING]: 将在 3 秒后尝试重连. 重连次数：124/0 
[2023-04-30 23:49:27] [WARNING]: 尝试重连... 
[2023-04-30 23:49:27] [WARNING]: 快速重连失败: All servers are unreachable 
[2023-04-30 23:49:27] [WARNING]: 快速重连失败, 尝试普通登录. 这可能是因为其他端强行T下线导致的. 
[2023-04-30 23:49:28] [ERROR]: 登录时发生致命错误: All servers are unreachable 
[2023-04-30 23:49:28] [WARNING]: 将在 3 秒后尝试重连. 重连次数：125/0 
[2023-04-30 23:49:31] [WARNING]: 尝试重连... 
[2023-04-30 23:49:31] [WARNING]: 快速重连失败: All servers are unreachable 
[2023-04-30 23:49:31] [WARNING]: 快速重连失败, 尝试普通登录. 这可能是因为其他端强行T下线导致的. 
[2023-04-30 23:49:32] [ERROR]: 登录时发生致命错误: All servers are unreachable 
[2023-04-30 23:49:32] [WARNING]: 将在 3 秒后尝试重连. 重连次数：126/0 
[2023-04-30 23:49:35] [WARNING]: 尝试重连... 
[2023-04-30 23:49:36] [WARNING]: 快速重连失败: All servers are unreachable 
[2023-04-30 23:49:36] [WARNING]: 快速重连失败, 尝试普通登录. 这可能是因为其他端强行T下线导致的. 
[2023-04-30 23:49:37] [ERROR]: 登录时发生致命错误: All servers are unreachable 
[2023-04-30 23:49:37] [WARNING]: 将在 3 秒后尝试重连. 重连次数：127/0 
[2023-04-30 23:49:40] [WARNING]: 尝试重连... 
[2023-04-30 23:49:40] [WARNING]: 快速重连失败: All servers are unreachable 
[2023-04-30 23:49:40] [WARNING]: 快速重连失败, 尝试普通登录. 这可能是因为其他端强行T下线导致的. 
[2023-04-30 23:49:41] [ERROR]: 登录时发生致命错误: All servers are unreachable 
[2023-04-30 23:49:41] [WARNING]: 将在 3 秒后尝试重连. 重连次数：128/0 
[2023-04-30 23:49:44] [WARNING]: 尝试重连... 
[2023-04-30 23:49:44] [WARNING]: 快速重连失败: All servers are unreachable 
[2023-04-30 23:49:44] [WARNING]: 快速重连失败, 尝试普通登录. 这可能是因为其他端强行T下线导致的. 
[2023-04-30 23:49:45] [ERROR]: 登录时发生致命错误: All servers are unreachable 
[2023-04-30 23:49:45] [WARNING]: 将在 3 秒后尝试重连. 重连次数：129/0 
[2023-04-30 23:49:48] [WARNING]: 尝试重连... 
[2023-04-30 23:49:48] [WARNING]: 快速重连失败: All servers are unreachable 
[2023-04-30 23:49:48] [WARNING]: 快速重连失败, 尝试普通登录. 这可能是因为其他端强行T下线导致的. 
[2023-04-30 23:49:49] [ERROR]: 登录时发生致命错误: All servers are unreachable 
[2023-04-30 23:49:49] [WARNING]: 将在 3 秒后尝试重连. 重连次数：130/0 
[2023-04-30 23:49:52] [WARNING]: 尝试重连... 
[2023-04-30 23:49:52] [WARNING]: 快速重连失败: All servers are unreachable 
[2023-04-30 23:49:52] [WARNING]: 快速重连失败, 尝试普通登录. 这可能是因为其他端强行T下线导致的. 
[2023-04-30 23:49:53] [ERROR]: 登录时发生致命错误: All servers are unreachable 
[2023-04-30 23:49:53] [WARNING]: 将在 3 秒后尝试重连. 重连次数：131/0 
[2023-04-30 23:49:56] [WARNING]: 尝试重连... 
[2023-04-30 23:49:56] [WARNING]: 快速重连失败: All servers are unreachable 
[2023-04-30 23:49:56] [WARNING]: 快速重连失败, 尝试普通登录. 这可能是因为其他端强行T下线导致的. 
[2023-04-30 23:49:57] [ERROR]: 登录时发生致命错误: All servers are unreachable 
[2023-04-30 23:49:57] [WARNING]: 将在 3 秒后尝试重连. 重连次数：132/0 
[2023-04-30 23:50:00] [WARNING]: 尝试重连... 
[2023-04-30 23:50:00] [WARNING]: 快速重连失败: All servers are unreachable 
[2023-04-30 23:50:00] [WARNING]: 快速重连失败, 尝试普通登录. 这可能是因为其他端强行T下线导致的. 
[2023-04-30 23:50:01] [ERROR]: 登录时发生致命错误: All servers are unreachable 
[2023-04-30 23:50:01] [WARNING]: 将在 3 秒后尝试重连. 重连次数：133/0 
[2023-04-30 23:50:04] [WARNING]: 尝试重连... 
[2023-04-30 23:50:04] [WARNING]: 快速重连失败: All servers are unreachable 
[2023-04-30 23:50:04] [WARNING]: 快速重连失败, 尝试普通登录. 这可能是因为其他端强行T下线导致的. 
[2023-04-30 23:50:05] [ERROR]: 登录时发生致命错误: All servers are unreachable 
[2023-04-30 23:50:05] [WARNING]: 将在 3 秒后尝试重连. 重连次数：134/0 
[2023-04-30 23:50:08] [WARNING]: 尝试重连... 
[2023-04-30 23:50:08] [WARNING]: 快速重连失败: All servers are unreachable 
[2023-04-30 23:50:08] [WARNING]: 快速重连失败, 尝试普通登录. 这可能是因为其他端强行T下线导致的. 
[2023-04-30 23:50:09] [ERROR]: 登录时发生致命错误: All servers are unreachable 
[2023-04-30 23:50:09] [WARNING]: 将在 3 秒后尝试重连. 重连次数：135/0 
[2023-04-30 23:50:12] [WARNING]: 尝试重连... 
[2023-04-30 23:50:12] [WARNING]: 快速重连失败: All servers are unreachable 
[2023-04-30 23:50:12] [WARNING]: 快速重连失败, 尝试普通登录. 这可能是因为其他端强行T下线导致的. 
[2023-04-30 23:50:13] [ERROR]: 登录时发生致命错误: All servers are unreachable 
[2023-04-30 23:50:13] [WARNING]: 将在 3 秒后尝试重连. 重连次数：136/0 
[2023-04-30 23:50:16] [WARNING]: 尝试重连... 
[2023-04-30 23:50:16] [WARNING]: 快速重连失败: All servers are unreachable 
[2023-04-30 23:50:16] [WARNING]: 快速重连失败, 尝试普通登录. 这可能是因为其他端强行T下线导致的. 
[2023-04-30 23:50:17] [ERROR]: 登录时发生致命错误: All servers are unreachable 
[2023-04-30 23:50:17] [WARNING]: 将在 3 秒后尝试重连. 重连次数：137/0 
[2023-04-30 23:50:20] [WARNING]: 尝试重连... 
[2023-04-30 23:50:20] [WARNING]: 快速重连失败: All servers are unreachable 
[2023-04-30 23:50:20] [WARNING]: 快速重连失败, 尝试普通登录. 这可能是因为其他端强行T下线导致的. 
[2023-04-30 23:50:21] [ERROR]: 登录时发生致命错误: All servers are unreachable 
[2023-04-30 23:50:21] [WARNING]: 将在 3 秒后尝试重连. 重连次数：138/0 
[2023-04-30 23:50:24] [WARNING]: 尝试重连... 
[2023-04-30 23:50:24] [WARNING]: 快速重连失败: All servers are unreachable 
[2023-04-30 23:50:24] [WARNING]: 快速重连失败, 尝试普通登录. 这可能是因为其他端强行T下线导致的. 
[2023-04-30 23:50:25] [ERROR]: 登录时发生致命错误: All servers are unreachable 
[2023-04-30 23:50:25] [WARNING]: 将在 3 秒后尝试重连. 重连次数：139/0 
[2023-04-30 23:50:28] [WARNING]: 尝试重连... 
[2023-04-30 23:50:28] [WARNING]: 快速重连失败: All servers are unreachable 
[2023-04-30 23:50:28] [WARNING]: 快速重连失败, 尝试普通登录. 这可能是因为其他端强行T下线导致的. 
[2023-04-30 23:50:29] [ERROR]: 登录时发生致命错误: All servers are unreachable 
[2023-04-30 23:50:29] [WARNING]: 将在 3 秒后尝试重连. 重连次数：140/0 
[2023-04-30 23:50:32] [WARNING]: 尝试重连... 
[2023-04-30 23:50:32] [WARNING]: 快速重连失败: All servers are unreachable 
[2023-04-30 23:50:32] [WARNING]: 快速重连失败, 尝试普通登录. 这可能是因为其他端强行T下线导致的. 
[2023-04-30 23:50:33] [ERROR]: 登录时发生致命错误: All servers are unreachable 
[2023-04-30 23:50:33] [WARNING]: 将在 3 秒后尝试重连. 重连次数：141/0 
[2023-04-30 23:50:36] [WARNING]: 尝试重连... 
[2023-04-30 23:50:36] [WARNING]: 快速重连失败: All servers are unreachable 
[2023-04-30 23:50:36] [WARNING]: 快速重连失败, 尝试普通登录. 这可能是因为其他端强行T下线导致的. 
[2023-04-30 23:50:37] [ERROR]: 登录时发生致命错误: All servers are unreachable 
[2023-04-30 23:50:37] [WARNING]: 将在 3 秒后尝试重连. 重连次数：142/0 
[2023-04-30 23:50:40] [WARNING]: 尝试重连... 
[2023-04-30 23:50:41] [WARNING]: 快速重连失败: All servers are unreachable 
[2023-04-30 23:50:41] [WARNING]: 快速重连失败, 尝试普通登录. 这可能是因为其他端强行T下线导致的. 
[2023-04-30 23:50:42] [ERROR]: 登录时发生致命错误: All servers are unreachable 
[2023-04-30 23:50:42] [WARNING]: 将在 3 秒后尝试重连. 重连次数：143/0 
[2023-04-30 23:50:45] [WARNING]: 尝试重连... 
[2023-04-30 23:50:45] [WARNING]: 快速重连失败: All servers are unreachable 
[2023-04-30 23:50:45] [WARNING]: 快速重连失败, 尝试普通登录. 这可能是因为其他端强行T下线导致的. 
[2023-04-30 23:50:46] [ERROR]: 登录时发生致命错误: All servers are unreachable 
[2023-04-30 23:50:46] [WARNING]: 将在 3 秒后尝试重连. 重连次数：144/0 
[2023-04-30 23:50:49] [WARNING]: 尝试重连... 
[2023-04-30 23:50:49] [WARNING]: 快速重连失败: All servers are unreachable 
[2023-04-30 23:50:49] [WARNING]: 快速重连失败, 尝试普通登录. 这可能是因为其他端强行T下线导致的. 
[2023-04-30 23:50:50] [ERROR]: 登录时发生致命错误: All servers are unreachable 
[2023-04-30 23:50:50] [WARNING]: 将在 3 秒后尝试重连. 重连次数：145/0 
[2023-04-30 23:50:53] [WARNING]: 尝试重连... 
[2023-04-30 23:50:53] [WARNING]: 快速重连失败: All servers are unreachable 
[2023-04-30 23:50:53] [WARNING]: 快速重连失败, 尝试普通登录. 这可能是因为其他端强行T下线导致的. 
[2023-04-30 23:50:54] [ERROR]: 登录时发生致命错误: All servers are unreachable 
[2023-04-30 23:50:54] [WARNING]: 将在 3 秒后尝试重连. 重连次数：146/0 
[2023-04-30 23:50:57] [WARNING]: 尝试重连... 
[2023-04-30 23:50:57] [WARNING]: 快速重连失败: All servers are unreachable 
[2023-04-30 23:50:57] [WARNING]: 快速重连失败, 尝试普通登录. 这可能是因为其他端强行T下线导致的. 
[2023-04-30 23:50:58] [ERROR]: 登录时发生致命错误: All servers are unreachable 
[2023-04-30 23:50:58] [WARNING]: 将在 3 秒后尝试重连. 重连次数：147/0 
[2023-04-30 23:51:01] [WARNING]: 尝试重连... 
[2023-04-30 23:51:01] [WARNING]: 快速重连失败: All servers are unreachable 
[2023-04-30 23:51:01] [WARNING]: 快速重连失败, 尝试普通登录. 这可能是因为其他端强行T下线导致的. 
[2023-04-30 23:51:02] [ERROR]: 登录时发生致命错误: All servers are unreachable 
[2023-04-30 23:51:02] [WARNING]: 将在 3 秒后尝试重连. 重连次数：148/0 
[2023-04-30 23:51:05] [WARNING]: 尝试重连... 
[2023-04-30 23:51:05] [WARNING]: 快速重连失败: All servers are unreachable 
[2023-04-30 23:51:05] [WARNING]: 快速重连失败, 尝试普通登录. 这可能是因为其他端强行T下线导致的. 
[2023-04-30 23:51:06] [ERROR]: 登录时发生致命错误: All servers are unreachable 
[2023-04-30 23:51:06] [WARNING]: 将在 3 秒后尝试重连. 重连次数：149/0 
[2023-04-30 23:51:09] [WARNING]: 尝试重连... 
[2023-04-30 23:51:09] [WARNING]: Protocol -> device lock is disable. http api may fail. 
